[2024-05-09T09:53:30.223+0000] {processor.py:161} INFO - Started process (PID=53) to work on /home/airflow/.local/lib/python3.12/site-packages/airflow/example_dags/example_branch_operator.py
[2024-05-09T09:53:30.223+0000] {processor.py:830} INFO - Processing file /home/airflow/.local/lib/python3.12/site-packages/airflow/example_dags/example_branch_operator.py for tasks to queue
[2024-05-09T09:53:30.225+0000] {logging_mixin.py:188} INFO - [2024-05-09T09:53:30.225+0000] {dagbag.py:545} INFO - Filling up the DagBag from /home/airflow/.local/lib/python3.12/site-packages/airflow/example_dags/example_branch_operator.py
[2024-05-09T09:53:30.247+0000] {processor.py:840} INFO - DAG(s) 'example_branch_operator' retrieved from /home/airflow/.local/lib/python3.12/site-packages/airflow/example_dags/example_branch_operator.py
[2024-05-09T09:53:30.258+0000] {logging_mixin.py:188} INFO - [2024-05-09T09:53:30.257+0000] {dag.py:3096} INFO - Sync 1 DAGs
[2024-05-09T09:53:30.285+0000] {logging_mixin.py:188} INFO - [2024-05-09T09:53:30.285+0000] {dag.py:3954} INFO - Setting next_dagrun for example_branch_operator to 2024-05-08 00:00:00+00:00, run_after=2024-05-09 00:00:00+00:00
[2024-05-09T09:53:30.306+0000] {processor.py:183} INFO - Processing /home/airflow/.local/lib/python3.12/site-packages/airflow/example_dags/example_branch_operator.py took 0.089 seconds
[2024-05-09T09:54:01.347+0000] {processor.py:161} INFO - Started process (PID=112) to work on /home/airflow/.local/lib/python3.12/site-packages/airflow/example_dags/example_branch_operator.py
[2024-05-09T09:54:01.348+0000] {processor.py:830} INFO - Processing file /home/airflow/.local/lib/python3.12/site-packages/airflow/example_dags/example_branch_operator.py for tasks to queue
[2024-05-09T09:54:01.349+0000] {logging_mixin.py:188} INFO - [2024-05-09T09:54:01.349+0000] {dagbag.py:545} INFO - Filling up the DagBag from /home/airflow/.local/lib/python3.12/site-packages/airflow/example_dags/example_branch_operator.py
[2024-05-09T09:54:01.367+0000] {processor.py:840} INFO - DAG(s) 'example_branch_operator' retrieved from /home/airflow/.local/lib/python3.12/site-packages/airflow/example_dags/example_branch_operator.py
[2024-05-09T09:54:01.482+0000] {logging_mixin.py:188} INFO - [2024-05-09T09:54:01.482+0000] {dag.py:3096} INFO - Sync 1 DAGs
[2024-05-09T09:54:01.503+0000] {logging_mixin.py:188} INFO - [2024-05-09T09:54:01.502+0000] {dag.py:3954} INFO - Setting next_dagrun for example_branch_operator to 2024-05-08 00:00:00+00:00, run_after=2024-05-09 00:00:00+00:00
[2024-05-09T09:54:01.520+0000] {processor.py:183} INFO - Processing /home/airflow/.local/lib/python3.12/site-packages/airflow/example_dags/example_branch_operator.py took 0.178 seconds
[2024-05-09T09:54:31.964+0000] {processor.py:161} INFO - Started process (PID=170) to work on /home/airflow/.local/lib/python3.12/site-packages/airflow/example_dags/example_branch_operator.py
[2024-05-09T09:54:31.965+0000] {processor.py:830} INFO - Processing file /home/airflow/.local/lib/python3.12/site-packages/airflow/example_dags/example_branch_operator.py for tasks to queue
[2024-05-09T09:54:31.967+0000] {logging_mixin.py:188} INFO - [2024-05-09T09:54:31.966+0000] {dagbag.py:545} INFO - Filling up the DagBag from /home/airflow/.local/lib/python3.12/site-packages/airflow/example_dags/example_branch_operator.py
[2024-05-09T09:54:31.981+0000] {processor.py:840} INFO - DAG(s) 'example_branch_operator' retrieved from /home/airflow/.local/lib/python3.12/site-packages/airflow/example_dags/example_branch_operator.py
[2024-05-09T09:54:32.010+0000] {logging_mixin.py:188} INFO - [2024-05-09T09:54:32.008+0000] {dag.py:3096} INFO - Sync 1 DAGs
[2024-05-09T09:54:32.032+0000] {logging_mixin.py:188} INFO - [2024-05-09T09:54:32.032+0000] {dag.py:3954} INFO - Setting next_dagrun for example_branch_operator to 2024-05-08 00:00:00+00:00, run_after=2024-05-09 00:00:00+00:00
[2024-05-09T09:54:32.048+0000] {processor.py:183} INFO - Processing /home/airflow/.local/lib/python3.12/site-packages/airflow/example_dags/example_branch_operator.py took 0.091 seconds
[2024-05-09T09:55:02.487+0000] {processor.py:161} INFO - Started process (PID=228) to work on /home/airflow/.local/lib/python3.12/site-packages/airflow/example_dags/example_branch_operator.py
[2024-05-09T09:55:02.488+0000] {processor.py:830} INFO - Processing file /home/airflow/.local/lib/python3.12/site-packages/airflow/example_dags/example_branch_operator.py for tasks to queue
[2024-05-09T09:55:02.489+0000] {logging_mixin.py:188} INFO - [2024-05-09T09:55:02.489+0000] {dagbag.py:545} INFO - Filling up the DagBag from /home/airflow/.local/lib/python3.12/site-packages/airflow/example_dags/example_branch_operator.py
[2024-05-09T09:55:02.505+0000] {processor.py:840} INFO - DAG(s) 'example_branch_operator' retrieved from /home/airflow/.local/lib/python3.12/site-packages/airflow/example_dags/example_branch_operator.py
[2024-05-09T09:55:02.543+0000] {logging_mixin.py:188} INFO - [2024-05-09T09:55:02.543+0000] {dag.py:3096} INFO - Sync 1 DAGs
[2024-05-09T09:55:02.562+0000] {logging_mixin.py:188} INFO - [2024-05-09T09:55:02.561+0000] {dag.py:3954} INFO - Setting next_dagrun for example_branch_operator to 2024-05-08 00:00:00+00:00, run_after=2024-05-09 00:00:00+00:00
[2024-05-09T09:55:02.578+0000] {processor.py:183} INFO - Processing /home/airflow/.local/lib/python3.12/site-packages/airflow/example_dags/example_branch_operator.py took 0.096 seconds
[2024-05-09T09:55:33.155+0000] {processor.py:161} INFO - Started process (PID=287) to work on /home/airflow/.local/lib/python3.12/site-packages/airflow/example_dags/example_branch_operator.py
[2024-05-09T09:55:33.156+0000] {processor.py:830} INFO - Processing file /home/airflow/.local/lib/python3.12/site-packages/airflow/example_dags/example_branch_operator.py for tasks to queue
[2024-05-09T09:55:33.158+0000] {logging_mixin.py:188} INFO - [2024-05-09T09:55:33.157+0000] {dagbag.py:545} INFO - Filling up the DagBag from /home/airflow/.local/lib/python3.12/site-packages/airflow/example_dags/example_branch_operator.py
[2024-05-09T09:55:33.173+0000] {processor.py:840} INFO - DAG(s) 'example_branch_operator' retrieved from /home/airflow/.local/lib/python3.12/site-packages/airflow/example_dags/example_branch_operator.py
[2024-05-09T09:55:33.198+0000] {logging_mixin.py:188} INFO - [2024-05-09T09:55:33.198+0000] {dag.py:3096} INFO - Sync 1 DAGs
[2024-05-09T09:55:33.219+0000] {logging_mixin.py:188} INFO - [2024-05-09T09:55:33.219+0000] {dag.py:3954} INFO - Setting next_dagrun for example_branch_operator to 2024-05-08 00:00:00+00:00, run_after=2024-05-09 00:00:00+00:00
[2024-05-09T09:55:33.236+0000] {processor.py:183} INFO - Processing /home/airflow/.local/lib/python3.12/site-packages/airflow/example_dags/example_branch_operator.py took 0.087 seconds
