[2024-05-09T09:53:30.407+0000] {processor.py:161} INFO - Started process (PID=55) to work on /home/airflow/.local/lib/python3.12/site-packages/airflow/example_dags/example_complex.py
[2024-05-09T09:53:30.408+0000] {processor.py:830} INFO - Processing file /home/airflow/.local/lib/python3.12/site-packages/airflow/example_dags/example_complex.py for tasks to queue
[2024-05-09T09:53:30.410+0000] {logging_mixin.py:188} INFO - [2024-05-09T09:53:30.409+0000] {dagbag.py:545} INFO - Filling up the DagBag from /home/airflow/.local/lib/python3.12/site-packages/airflow/example_dags/example_complex.py
[2024-05-09T09:53:30.443+0000] {processor.py:840} INFO - DAG(s) 'example_complex' retrieved from /home/airflow/.local/lib/python3.12/site-packages/airflow/example_dags/example_complex.py
[2024-05-09T09:53:30.461+0000] {logging_mixin.py:188} INFO - [2024-05-09T09:53:30.461+0000] {dag.py:3096} INFO - Sync 1 DAGs
[2024-05-09T09:53:30.477+0000] {logging_mixin.py:188} INFO - [2024-05-09T09:53:30.477+0000] {dag.py:3954} INFO - Setting next_dagrun for example_complex to None, run_after=None
[2024-05-09T09:53:30.498+0000] {processor.py:183} INFO - Processing /home/airflow/.local/lib/python3.12/site-packages/airflow/example_dags/example_complex.py took 0.096 seconds
[2024-05-09T09:54:01.543+0000] {processor.py:161} INFO - Started process (PID=114) to work on /home/airflow/.local/lib/python3.12/site-packages/airflow/example_dags/example_complex.py
[2024-05-09T09:54:01.543+0000] {processor.py:830} INFO - Processing file /home/airflow/.local/lib/python3.12/site-packages/airflow/example_dags/example_complex.py for tasks to queue
[2024-05-09T09:54:01.545+0000] {logging_mixin.py:188} INFO - [2024-05-09T09:54:01.544+0000] {dagbag.py:545} INFO - Filling up the DagBag from /home/airflow/.local/lib/python3.12/site-packages/airflow/example_dags/example_complex.py
[2024-05-09T09:54:01.554+0000] {processor.py:840} INFO - DAG(s) 'example_complex' retrieved from /home/airflow/.local/lib/python3.12/site-packages/airflow/example_dags/example_complex.py
[2024-05-09T09:54:01.653+0000] {logging_mixin.py:188} INFO - [2024-05-09T09:54:01.653+0000] {dag.py:3096} INFO - Sync 1 DAGs
[2024-05-09T09:54:01.662+0000] {logging_mixin.py:188} INFO - [2024-05-09T09:54:01.662+0000] {dag.py:3954} INFO - Setting next_dagrun for example_complex to None, run_after=None
[2024-05-09T09:54:01.678+0000] {processor.py:183} INFO - Processing /home/airflow/.local/lib/python3.12/site-packages/airflow/example_dags/example_complex.py took 0.141 seconds
[2024-05-09T09:54:32.068+0000] {processor.py:161} INFO - Started process (PID=172) to work on /home/airflow/.local/lib/python3.12/site-packages/airflow/example_dags/example_complex.py
[2024-05-09T09:54:32.069+0000] {processor.py:830} INFO - Processing file /home/airflow/.local/lib/python3.12/site-packages/airflow/example_dags/example_complex.py for tasks to queue
[2024-05-09T09:54:32.070+0000] {logging_mixin.py:188} INFO - [2024-05-09T09:54:32.070+0000] {dagbag.py:545} INFO - Filling up the DagBag from /home/airflow/.local/lib/python3.12/site-packages/airflow/example_dags/example_complex.py
[2024-05-09T09:54:32.080+0000] {processor.py:840} INFO - DAG(s) 'example_complex' retrieved from /home/airflow/.local/lib/python3.12/site-packages/airflow/example_dags/example_complex.py
[2024-05-09T09:54:32.106+0000] {logging_mixin.py:188} INFO - [2024-05-09T09:54:32.106+0000] {dag.py:3096} INFO - Sync 1 DAGs
[2024-05-09T09:54:32.118+0000] {logging_mixin.py:188} INFO - [2024-05-09T09:54:32.118+0000] {dag.py:3954} INFO - Setting next_dagrun for example_complex to None, run_after=None
[2024-05-09T09:54:32.133+0000] {processor.py:183} INFO - Processing /home/airflow/.local/lib/python3.12/site-packages/airflow/example_dags/example_complex.py took 0.070 seconds
[2024-05-09T09:55:02.585+0000] {processor.py:161} INFO - Started process (PID=230) to work on /home/airflow/.local/lib/python3.12/site-packages/airflow/example_dags/example_complex.py
[2024-05-09T09:55:02.586+0000] {processor.py:830} INFO - Processing file /home/airflow/.local/lib/python3.12/site-packages/airflow/example_dags/example_complex.py for tasks to queue
[2024-05-09T09:55:02.588+0000] {logging_mixin.py:188} INFO - [2024-05-09T09:55:02.588+0000] {dagbag.py:545} INFO - Filling up the DagBag from /home/airflow/.local/lib/python3.12/site-packages/airflow/example_dags/example_complex.py
[2024-05-09T09:55:02.597+0000] {processor.py:840} INFO - DAG(s) 'example_complex' retrieved from /home/airflow/.local/lib/python3.12/site-packages/airflow/example_dags/example_complex.py
[2024-05-09T09:55:02.624+0000] {logging_mixin.py:188} INFO - [2024-05-09T09:55:02.623+0000] {dag.py:3096} INFO - Sync 1 DAGs
[2024-05-09T09:55:02.635+0000] {logging_mixin.py:188} INFO - [2024-05-09T09:55:02.635+0000] {dag.py:3954} INFO - Setting next_dagrun for example_complex to None, run_after=None
[2024-05-09T09:55:02.650+0000] {processor.py:183} INFO - Processing /home/airflow/.local/lib/python3.12/site-packages/airflow/example_dags/example_complex.py took 0.070 seconds
[2024-05-09T09:55:33.259+0000] {processor.py:161} INFO - Started process (PID=289) to work on /home/airflow/.local/lib/python3.12/site-packages/airflow/example_dags/example_complex.py
[2024-05-09T09:55:33.260+0000] {processor.py:830} INFO - Processing file /home/airflow/.local/lib/python3.12/site-packages/airflow/example_dags/example_complex.py for tasks to queue
[2024-05-09T09:55:33.261+0000] {logging_mixin.py:188} INFO - [2024-05-09T09:55:33.261+0000] {dagbag.py:545} INFO - Filling up the DagBag from /home/airflow/.local/lib/python3.12/site-packages/airflow/example_dags/example_complex.py
[2024-05-09T09:55:33.271+0000] {processor.py:840} INFO - DAG(s) 'example_complex' retrieved from /home/airflow/.local/lib/python3.12/site-packages/airflow/example_dags/example_complex.py
[2024-05-09T09:55:33.299+0000] {logging_mixin.py:188} INFO - [2024-05-09T09:55:33.298+0000] {dag.py:3096} INFO - Sync 1 DAGs
[2024-05-09T09:55:33.311+0000] {logging_mixin.py:188} INFO - [2024-05-09T09:55:33.311+0000] {dag.py:3954} INFO - Setting next_dagrun for example_complex to None, run_after=None
[2024-05-09T09:55:33.327+0000] {processor.py:183} INFO - Processing /home/airflow/.local/lib/python3.12/site-packages/airflow/example_dags/example_complex.py took 0.073 seconds
