[2024-05-09T09:53:28.682+0000] {processor.py:161} INFO - Started process (PID=32) to work on /home/airflow/.local/lib/python3.12/site-packages/airflow/example_dags/example_latest_only_with_trigger.py
[2024-05-09T09:53:28.683+0000] {processor.py:830} INFO - Processing file /home/airflow/.local/lib/python3.12/site-packages/airflow/example_dags/example_latest_only_with_trigger.py for tasks to queue
[2024-05-09T09:53:28.685+0000] {logging_mixin.py:188} INFO - [2024-05-09T09:53:28.685+0000] {dagbag.py:545} INFO - Filling up the DagBag from /home/airflow/.local/lib/python3.12/site-packages/airflow/example_dags/example_latest_only_with_trigger.py
[2024-05-09T09:53:28.690+0000] {processor.py:840} INFO - DAG(s) 'latest_only_with_trigger' retrieved from /home/airflow/.local/lib/python3.12/site-packages/airflow/example_dags/example_latest_only_with_trigger.py
[2024-05-09T09:53:28.702+0000] {logging_mixin.py:188} INFO - [2024-05-09T09:53:28.702+0000] {dag.py:3096} INFO - Sync 1 DAGs
[2024-05-09T09:53:28.747+0000] {logging_mixin.py:188} INFO - [2024-05-09T09:53:28.747+0000] {dag.py:3954} INFO - Setting next_dagrun for latest_only_with_trigger to 2024-05-09 04:00:00+00:00, run_after=2024-05-09 08:00:00+00:00
[2024-05-09T09:53:28.764+0000] {processor.py:183} INFO - Processing /home/airflow/.local/lib/python3.12/site-packages/airflow/example_dags/example_latest_only_with_trigger.py took 0.096 seconds
[2024-05-09T09:53:59.424+0000] {processor.py:161} INFO - Started process (PID=91) to work on /home/airflow/.local/lib/python3.12/site-packages/airflow/example_dags/example_latest_only_with_trigger.py
[2024-05-09T09:53:59.425+0000] {processor.py:830} INFO - Processing file /home/airflow/.local/lib/python3.12/site-packages/airflow/example_dags/example_latest_only_with_trigger.py for tasks to queue
[2024-05-09T09:53:59.427+0000] {logging_mixin.py:188} INFO - [2024-05-09T09:53:59.426+0000] {dagbag.py:545} INFO - Filling up the DagBag from /home/airflow/.local/lib/python3.12/site-packages/airflow/example_dags/example_latest_only_with_trigger.py
[2024-05-09T09:53:59.432+0000] {processor.py:840} INFO - DAG(s) 'latest_only_with_trigger' retrieved from /home/airflow/.local/lib/python3.12/site-packages/airflow/example_dags/example_latest_only_with_trigger.py
[2024-05-09T09:53:59.540+0000] {logging_mixin.py:188} INFO - [2024-05-09T09:53:59.540+0000] {dag.py:3096} INFO - Sync 1 DAGs
[2024-05-09T09:53:59.559+0000] {logging_mixin.py:188} INFO - [2024-05-09T09:53:59.559+0000] {dag.py:3954} INFO - Setting next_dagrun for latest_only_with_trigger to 2024-05-09 04:00:00+00:00, run_after=2024-05-09 08:00:00+00:00
[2024-05-09T09:53:59.578+0000] {processor.py:183} INFO - Processing /home/airflow/.local/lib/python3.12/site-packages/airflow/example_dags/example_latest_only_with_trigger.py took 0.160 seconds
[2024-05-09T09:54:29.856+0000] {processor.py:161} INFO - Started process (PID=149) to work on /home/airflow/.local/lib/python3.12/site-packages/airflow/example_dags/example_latest_only_with_trigger.py
[2024-05-09T09:54:29.857+0000] {processor.py:830} INFO - Processing file /home/airflow/.local/lib/python3.12/site-packages/airflow/example_dags/example_latest_only_with_trigger.py for tasks to queue
[2024-05-09T09:54:29.858+0000] {logging_mixin.py:188} INFO - [2024-05-09T09:54:29.858+0000] {dagbag.py:545} INFO - Filling up the DagBag from /home/airflow/.local/lib/python3.12/site-packages/airflow/example_dags/example_latest_only_with_trigger.py
[2024-05-09T09:54:29.864+0000] {processor.py:840} INFO - DAG(s) 'latest_only_with_trigger' retrieved from /home/airflow/.local/lib/python3.12/site-packages/airflow/example_dags/example_latest_only_with_trigger.py
[2024-05-09T09:54:29.884+0000] {logging_mixin.py:188} INFO - [2024-05-09T09:54:29.884+0000] {dag.py:3096} INFO - Sync 1 DAGs
[2024-05-09T09:54:29.907+0000] {logging_mixin.py:188} INFO - [2024-05-09T09:54:29.907+0000] {dag.py:3954} INFO - Setting next_dagrun for latest_only_with_trigger to 2024-05-09 04:00:00+00:00, run_after=2024-05-09 08:00:00+00:00
[2024-05-09T09:54:29.924+0000] {processor.py:183} INFO - Processing /home/airflow/.local/lib/python3.12/site-packages/airflow/example_dags/example_latest_only_with_trigger.py took 0.074 seconds
[2024-05-09T09:55:00.533+0000] {processor.py:161} INFO - Started process (PID=207) to work on /home/airflow/.local/lib/python3.12/site-packages/airflow/example_dags/example_latest_only_with_trigger.py
[2024-05-09T09:55:00.533+0000] {processor.py:830} INFO - Processing file /home/airflow/.local/lib/python3.12/site-packages/airflow/example_dags/example_latest_only_with_trigger.py for tasks to queue
[2024-05-09T09:55:00.535+0000] {logging_mixin.py:188} INFO - [2024-05-09T09:55:00.535+0000] {dagbag.py:545} INFO - Filling up the DagBag from /home/airflow/.local/lib/python3.12/site-packages/airflow/example_dags/example_latest_only_with_trigger.py
[2024-05-09T09:55:00.540+0000] {processor.py:840} INFO - DAG(s) 'latest_only_with_trigger' retrieved from /home/airflow/.local/lib/python3.12/site-packages/airflow/example_dags/example_latest_only_with_trigger.py
[2024-05-09T09:55:00.556+0000] {logging_mixin.py:188} INFO - [2024-05-09T09:55:00.556+0000] {dag.py:3096} INFO - Sync 1 DAGs
[2024-05-09T09:55:00.575+0000] {logging_mixin.py:188} INFO - [2024-05-09T09:55:00.575+0000] {dag.py:3954} INFO - Setting next_dagrun for latest_only_with_trigger to 2024-05-09 04:00:00+00:00, run_after=2024-05-09 08:00:00+00:00
[2024-05-09T09:55:00.590+0000] {processor.py:183} INFO - Processing /home/airflow/.local/lib/python3.12/site-packages/airflow/example_dags/example_latest_only_with_trigger.py took 0.062 seconds
[2024-05-09T09:55:31.026+0000] {processor.py:161} INFO - Started process (PID=266) to work on /home/airflow/.local/lib/python3.12/site-packages/airflow/example_dags/example_latest_only_with_trigger.py
[2024-05-09T09:55:31.027+0000] {processor.py:830} INFO - Processing file /home/airflow/.local/lib/python3.12/site-packages/airflow/example_dags/example_latest_only_with_trigger.py for tasks to queue
[2024-05-09T09:55:31.028+0000] {logging_mixin.py:188} INFO - [2024-05-09T09:55:31.028+0000] {dagbag.py:545} INFO - Filling up the DagBag from /home/airflow/.local/lib/python3.12/site-packages/airflow/example_dags/example_latest_only_with_trigger.py
[2024-05-09T09:55:31.040+0000] {processor.py:840} INFO - DAG(s) 'latest_only_with_trigger' retrieved from /home/airflow/.local/lib/python3.12/site-packages/airflow/example_dags/example_latest_only_with_trigger.py
[2024-05-09T09:55:31.058+0000] {logging_mixin.py:188} INFO - [2024-05-09T09:55:31.058+0000] {dag.py:3096} INFO - Sync 1 DAGs
[2024-05-09T09:55:31.078+0000] {logging_mixin.py:188} INFO - [2024-05-09T09:55:31.077+0000] {dag.py:3954} INFO - Setting next_dagrun for latest_only_with_trigger to 2024-05-09 04:00:00+00:00, run_after=2024-05-09 08:00:00+00:00
[2024-05-09T09:55:31.093+0000] {processor.py:183} INFO - Processing /home/airflow/.local/lib/python3.12/site-packages/airflow/example_dags/example_latest_only_with_trigger.py took 0.073 seconds
