[2024-05-09T09:53:28.370+0000] {processor.py:161} INFO - Started process (PID=29) to work on /home/airflow/.local/lib/python3.12/site-packages/airflow/example_dags/example_subdag_operator.py
[2024-05-09T09:53:28.370+0000] {processor.py:830} INFO - Processing file /home/airflow/.local/lib/python3.12/site-packages/airflow/example_dags/example_subdag_operator.py for tasks to queue
[2024-05-09T09:53:28.373+0000] {logging_mixin.py:188} INFO - [2024-05-09T09:53:28.372+0000] {dagbag.py:545} INFO - Filling up the DagBag from /home/airflow/.local/lib/python3.12/site-packages/airflow/example_dags/example_subdag_operator.py
[2024-05-09T09:53:28.392+0000] {processor.py:840} INFO - DAG(s) 'example_subdag_operator.section-1', 'example_subdag_operator.section-2', 'example_subdag_operator' retrieved from /home/airflow/.local/lib/python3.12/site-packages/airflow/example_dags/example_subdag_operator.py
[2024-05-09T09:53:28.395+0000] {logging_mixin.py:188} INFO - [2024-05-09T09:53:28.395+0000] {dag.py:3096} INFO - Sync 3 DAGs
[2024-05-09T09:53:28.420+0000] {logging_mixin.py:188} INFO - [2024-05-09T09:53:28.419+0000] {dag.py:3954} INFO - Setting next_dagrun for example_subdag_operator to 2022-01-01 00:00:00+00:00, run_after=2022-01-01 00:00:00+00:00
[2024-05-09T09:53:28.426+0000] {logging_mixin.py:188} INFO - [2024-05-09T09:53:28.425+0000] {dag.py:3954} INFO - Setting next_dagrun for example_subdag_operator.section-1 to None, run_after=None
[2024-05-09T09:53:28.427+0000] {logging_mixin.py:188} INFO - [2024-05-09T09:53:28.427+0000] {dag.py:3954} INFO - Setting next_dagrun for example_subdag_operator.section-2 to None, run_after=None
[2024-05-09T09:53:28.435+0000] {logging_mixin.py:188} INFO - [2024-05-09T09:53:28.435+0000] {dag.py:3096} INFO - Sync 2 DAGs
[2024-05-09T09:53:28.440+0000] {logging_mixin.py:188} INFO - [2024-05-09T09:53:28.440+0000] {dag.py:3954} INFO - Setting next_dagrun for example_subdag_operator.section-1 to None, run_after=None
[2024-05-09T09:53:28.440+0000] {logging_mixin.py:188} INFO - [2024-05-09T09:53:28.440+0000] {dag.py:3954} INFO - Setting next_dagrun for example_subdag_operator.section-2 to None, run_after=None
[2024-05-09T09:53:28.452+0000] {processor.py:183} INFO - Processing /home/airflow/.local/lib/python3.12/site-packages/airflow/example_dags/example_subdag_operator.py took 0.088 seconds
[2024-05-09T09:53:59.154+0000] {processor.py:161} INFO - Started process (PID=88) to work on /home/airflow/.local/lib/python3.12/site-packages/airflow/example_dags/example_subdag_operator.py
[2024-05-09T09:53:59.155+0000] {processor.py:830} INFO - Processing file /home/airflow/.local/lib/python3.12/site-packages/airflow/example_dags/example_subdag_operator.py for tasks to queue
[2024-05-09T09:53:59.156+0000] {logging_mixin.py:188} INFO - [2024-05-09T09:53:59.156+0000] {dagbag.py:545} INFO - Filling up the DagBag from /home/airflow/.local/lib/python3.12/site-packages/airflow/example_dags/example_subdag_operator.py
[2024-05-09T09:53:59.176+0000] {processor.py:840} INFO - DAG(s) 'example_subdag_operator.section-1', 'example_subdag_operator.section-2', 'example_subdag_operator' retrieved from /home/airflow/.local/lib/python3.12/site-packages/airflow/example_dags/example_subdag_operator.py
[2024-05-09T09:53:59.267+0000] {logging_mixin.py:188} INFO - [2024-05-09T09:53:59.267+0000] {dag.py:3096} INFO - Sync 3 DAGs
[2024-05-09T09:53:59.284+0000] {logging_mixin.py:188} INFO - [2024-05-09T09:53:59.284+0000] {dag.py:3954} INFO - Setting next_dagrun for example_subdag_operator to 2022-01-01 00:00:00+00:00, run_after=2022-01-01 00:00:00+00:00
[2024-05-09T09:53:59.287+0000] {logging_mixin.py:188} INFO - [2024-05-09T09:53:59.287+0000] {dag.py:3954} INFO - Setting next_dagrun for example_subdag_operator.section-1 to None, run_after=None
[2024-05-09T09:53:59.288+0000] {logging_mixin.py:188} INFO - [2024-05-09T09:53:59.288+0000] {dag.py:3954} INFO - Setting next_dagrun for example_subdag_operator.section-2 to None, run_after=None
[2024-05-09T09:53:59.295+0000] {logging_mixin.py:188} INFO - [2024-05-09T09:53:59.295+0000] {dag.py:3096} INFO - Sync 2 DAGs
[2024-05-09T09:53:59.299+0000] {logging_mixin.py:188} INFO - [2024-05-09T09:53:59.299+0000] {dag.py:3954} INFO - Setting next_dagrun for example_subdag_operator.section-1 to None, run_after=None
[2024-05-09T09:53:59.300+0000] {logging_mixin.py:188} INFO - [2024-05-09T09:53:59.300+0000] {dag.py:3954} INFO - Setting next_dagrun for example_subdag_operator.section-2 to None, run_after=None
[2024-05-09T09:53:59.307+0000] {processor.py:183} INFO - Processing /home/airflow/.local/lib/python3.12/site-packages/airflow/example_dags/example_subdag_operator.py took 0.159 seconds
[2024-05-09T09:54:29.620+0000] {processor.py:161} INFO - Started process (PID=146) to work on /home/airflow/.local/lib/python3.12/site-packages/airflow/example_dags/example_subdag_operator.py
[2024-05-09T09:54:29.621+0000] {processor.py:830} INFO - Processing file /home/airflow/.local/lib/python3.12/site-packages/airflow/example_dags/example_subdag_operator.py for tasks to queue
[2024-05-09T09:54:29.623+0000] {logging_mixin.py:188} INFO - [2024-05-09T09:54:29.623+0000] {dagbag.py:545} INFO - Filling up the DagBag from /home/airflow/.local/lib/python3.12/site-packages/airflow/example_dags/example_subdag_operator.py
[2024-05-09T09:54:29.648+0000] {processor.py:840} INFO - DAG(s) 'example_subdag_operator.section-1', 'example_subdag_operator.section-2', 'example_subdag_operator' retrieved from /home/airflow/.local/lib/python3.12/site-packages/airflow/example_dags/example_subdag_operator.py
[2024-05-09T09:54:29.661+0000] {logging_mixin.py:188} INFO - [2024-05-09T09:54:29.661+0000] {dag.py:3096} INFO - Sync 3 DAGs
[2024-05-09T09:54:29.681+0000] {logging_mixin.py:188} INFO - [2024-05-09T09:54:29.680+0000] {dag.py:3954} INFO - Setting next_dagrun for example_subdag_operator to 2022-01-01 00:00:00+00:00, run_after=2022-01-01 00:00:00+00:00
[2024-05-09T09:54:29.685+0000] {logging_mixin.py:188} INFO - [2024-05-09T09:54:29.684+0000] {dag.py:3954} INFO - Setting next_dagrun for example_subdag_operator.section-1 to None, run_after=None
[2024-05-09T09:54:29.686+0000] {logging_mixin.py:188} INFO - [2024-05-09T09:54:29.686+0000] {dag.py:3954} INFO - Setting next_dagrun for example_subdag_operator.section-2 to None, run_after=None
[2024-05-09T09:54:29.693+0000] {logging_mixin.py:188} INFO - [2024-05-09T09:54:29.693+0000] {dag.py:3096} INFO - Sync 2 DAGs
[2024-05-09T09:54:29.697+0000] {logging_mixin.py:188} INFO - [2024-05-09T09:54:29.696+0000] {dag.py:3954} INFO - Setting next_dagrun for example_subdag_operator.section-1 to None, run_after=None
[2024-05-09T09:54:29.697+0000] {logging_mixin.py:188} INFO - [2024-05-09T09:54:29.697+0000] {dag.py:3954} INFO - Setting next_dagrun for example_subdag_operator.section-2 to None, run_after=None
[2024-05-09T09:54:29.707+0000] {processor.py:183} INFO - Processing /home/airflow/.local/lib/python3.12/site-packages/airflow/example_dags/example_subdag_operator.py took 0.092 seconds
[2024-05-09T09:55:00.326+0000] {processor.py:161} INFO - Started process (PID=204) to work on /home/airflow/.local/lib/python3.12/site-packages/airflow/example_dags/example_subdag_operator.py
[2024-05-09T09:55:00.327+0000] {processor.py:830} INFO - Processing file /home/airflow/.local/lib/python3.12/site-packages/airflow/example_dags/example_subdag_operator.py for tasks to queue
[2024-05-09T09:55:00.328+0000] {logging_mixin.py:188} INFO - [2024-05-09T09:55:00.328+0000] {dagbag.py:545} INFO - Filling up the DagBag from /home/airflow/.local/lib/python3.12/site-packages/airflow/example_dags/example_subdag_operator.py
[2024-05-09T09:55:00.348+0000] {processor.py:840} INFO - DAG(s) 'example_subdag_operator.section-1', 'example_subdag_operator.section-2', 'example_subdag_operator' retrieved from /home/airflow/.local/lib/python3.12/site-packages/airflow/example_dags/example_subdag_operator.py
[2024-05-09T09:55:00.361+0000] {logging_mixin.py:188} INFO - [2024-05-09T09:55:00.361+0000] {dag.py:3096} INFO - Sync 3 DAGs
[2024-05-09T09:55:00.379+0000] {logging_mixin.py:188} INFO - [2024-05-09T09:55:00.379+0000] {dag.py:3954} INFO - Setting next_dagrun for example_subdag_operator to 2022-01-01 00:00:00+00:00, run_after=2022-01-01 00:00:00+00:00
[2024-05-09T09:55:00.383+0000] {logging_mixin.py:188} INFO - [2024-05-09T09:55:00.382+0000] {dag.py:3954} INFO - Setting next_dagrun for example_subdag_operator.section-1 to None, run_after=None
[2024-05-09T09:55:00.384+0000] {logging_mixin.py:188} INFO - [2024-05-09T09:55:00.384+0000] {dag.py:3954} INFO - Setting next_dagrun for example_subdag_operator.section-2 to None, run_after=None
[2024-05-09T09:55:00.390+0000] {logging_mixin.py:188} INFO - [2024-05-09T09:55:00.389+0000] {dag.py:3096} INFO - Sync 2 DAGs
[2024-05-09T09:55:00.394+0000] {logging_mixin.py:188} INFO - [2024-05-09T09:55:00.394+0000] {dag.py:3954} INFO - Setting next_dagrun for example_subdag_operator.section-1 to None, run_after=None
[2024-05-09T09:55:00.394+0000] {logging_mixin.py:188} INFO - [2024-05-09T09:55:00.394+0000] {dag.py:3954} INFO - Setting next_dagrun for example_subdag_operator.section-2 to None, run_after=None
[2024-05-09T09:55:00.404+0000] {processor.py:183} INFO - Processing /home/airflow/.local/lib/python3.12/site-packages/airflow/example_dags/example_subdag_operator.py took 0.083 seconds
[2024-05-09T09:55:30.795+0000] {processor.py:161} INFO - Started process (PID=263) to work on /home/airflow/.local/lib/python3.12/site-packages/airflow/example_dags/example_subdag_operator.py
[2024-05-09T09:55:30.795+0000] {processor.py:830} INFO - Processing file /home/airflow/.local/lib/python3.12/site-packages/airflow/example_dags/example_subdag_operator.py for tasks to queue
[2024-05-09T09:55:30.797+0000] {logging_mixin.py:188} INFO - [2024-05-09T09:55:30.797+0000] {dagbag.py:545} INFO - Filling up the DagBag from /home/airflow/.local/lib/python3.12/site-packages/airflow/example_dags/example_subdag_operator.py
[2024-05-09T09:55:30.819+0000] {processor.py:840} INFO - DAG(s) 'example_subdag_operator.section-1', 'example_subdag_operator.section-2', 'example_subdag_operator' retrieved from /home/airflow/.local/lib/python3.12/site-packages/airflow/example_dags/example_subdag_operator.py
[2024-05-09T09:55:30.834+0000] {logging_mixin.py:188} INFO - [2024-05-09T09:55:30.834+0000] {dag.py:3096} INFO - Sync 3 DAGs
[2024-05-09T09:55:30.853+0000] {logging_mixin.py:188} INFO - [2024-05-09T09:55:30.853+0000] {dag.py:3954} INFO - Setting next_dagrun for example_subdag_operator to 2022-01-01 00:00:00+00:00, run_after=2022-01-01 00:00:00+00:00
[2024-05-09T09:55:30.857+0000] {logging_mixin.py:188} INFO - [2024-05-09T09:55:30.857+0000] {dag.py:3954} INFO - Setting next_dagrun for example_subdag_operator.section-1 to None, run_after=None
[2024-05-09T09:55:30.859+0000] {logging_mixin.py:188} INFO - [2024-05-09T09:55:30.859+0000] {dag.py:3954} INFO - Setting next_dagrun for example_subdag_operator.section-2 to None, run_after=None
[2024-05-09T09:55:30.866+0000] {logging_mixin.py:188} INFO - [2024-05-09T09:55:30.865+0000] {dag.py:3096} INFO - Sync 2 DAGs
[2024-05-09T09:55:30.871+0000] {logging_mixin.py:188} INFO - [2024-05-09T09:55:30.871+0000] {dag.py:3954} INFO - Setting next_dagrun for example_subdag_operator.section-1 to None, run_after=None
[2024-05-09T09:55:30.871+0000] {logging_mixin.py:188} INFO - [2024-05-09T09:55:30.871+0000] {dag.py:3954} INFO - Setting next_dagrun for example_subdag_operator.section-2 to None, run_after=None
[2024-05-09T09:55:30.880+0000] {processor.py:183} INFO - Processing /home/airflow/.local/lib/python3.12/site-packages/airflow/example_dags/example_subdag_operator.py took 0.091 seconds
