[2024-05-09T09:53:29.767+0000] {processor.py:161} INFO - Started process (PID=46) to work on /home/airflow/.local/lib/python3.12/site-packages/airflow/example_dags/example_task_group.py
[2024-05-09T09:53:29.772+0000] {processor.py:830} INFO - Processing file /home/airflow/.local/lib/python3.12/site-packages/airflow/example_dags/example_task_group.py for tasks to queue
[2024-05-09T09:53:29.779+0000] {logging_mixin.py:188} INFO - [2024-05-09T09:53:29.778+0000] {dagbag.py:545} INFO - Filling up the DagBag from /home/airflow/.local/lib/python3.12/site-packages/airflow/example_dags/example_task_group.py
[2024-05-09T09:53:29.787+0000] {processor.py:840} INFO - DAG(s) 'example_task_group' retrieved from /home/airflow/.local/lib/python3.12/site-packages/airflow/example_dags/example_task_group.py
[2024-05-09T09:53:29.807+0000] {logging_mixin.py:188} INFO - [2024-05-09T09:53:29.806+0000] {dag.py:3096} INFO - Sync 1 DAGs
[2024-05-09T09:53:29.838+0000] {logging_mixin.py:188} INFO - [2024-05-09T09:53:29.838+0000] {dag.py:3954} INFO - Setting next_dagrun for example_task_group to 2024-05-08 00:00:00+00:00, run_after=2024-05-09 00:00:00+00:00
[2024-05-09T09:53:29.866+0000] {processor.py:183} INFO - Processing /home/airflow/.local/lib/python3.12/site-packages/airflow/example_dags/example_task_group.py took 0.104 seconds
[2024-05-09T09:54:00.658+0000] {processor.py:161} INFO - Started process (PID=105) to work on /home/airflow/.local/lib/python3.12/site-packages/airflow/example_dags/example_task_group.py
[2024-05-09T09:54:00.659+0000] {processor.py:830} INFO - Processing file /home/airflow/.local/lib/python3.12/site-packages/airflow/example_dags/example_task_group.py for tasks to queue
[2024-05-09T09:54:00.660+0000] {logging_mixin.py:188} INFO - [2024-05-09T09:54:00.660+0000] {dagbag.py:545} INFO - Filling up the DagBag from /home/airflow/.local/lib/python3.12/site-packages/airflow/example_dags/example_task_group.py
[2024-05-09T09:54:00.667+0000] {processor.py:840} INFO - DAG(s) 'example_task_group' retrieved from /home/airflow/.local/lib/python3.12/site-packages/airflow/example_dags/example_task_group.py
[2024-05-09T09:54:00.760+0000] {logging_mixin.py:188} INFO - [2024-05-09T09:54:00.760+0000] {dag.py:3096} INFO - Sync 1 DAGs
[2024-05-09T09:54:00.778+0000] {logging_mixin.py:188} INFO - [2024-05-09T09:54:00.778+0000] {dag.py:3954} INFO - Setting next_dagrun for example_task_group to 2024-05-08 00:00:00+00:00, run_after=2024-05-09 00:00:00+00:00
[2024-05-09T09:54:00.797+0000] {processor.py:183} INFO - Processing /home/airflow/.local/lib/python3.12/site-packages/airflow/example_dags/example_task_group.py took 0.144 seconds
[2024-05-09T09:54:31.603+0000] {processor.py:161} INFO - Started process (PID=163) to work on /home/airflow/.local/lib/python3.12/site-packages/airflow/example_dags/example_task_group.py
[2024-05-09T09:54:31.604+0000] {processor.py:830} INFO - Processing file /home/airflow/.local/lib/python3.12/site-packages/airflow/example_dags/example_task_group.py for tasks to queue
[2024-05-09T09:54:31.605+0000] {logging_mixin.py:188} INFO - [2024-05-09T09:54:31.605+0000] {dagbag.py:545} INFO - Filling up the DagBag from /home/airflow/.local/lib/python3.12/site-packages/airflow/example_dags/example_task_group.py
[2024-05-09T09:54:31.612+0000] {processor.py:840} INFO - DAG(s) 'example_task_group' retrieved from /home/airflow/.local/lib/python3.12/site-packages/airflow/example_dags/example_task_group.py
[2024-05-09T09:54:31.629+0000] {logging_mixin.py:188} INFO - [2024-05-09T09:54:31.629+0000] {dag.py:3096} INFO - Sync 1 DAGs
[2024-05-09T09:54:31.648+0000] {logging_mixin.py:188} INFO - [2024-05-09T09:54:31.647+0000] {dag.py:3954} INFO - Setting next_dagrun for example_task_group to 2024-05-08 00:00:00+00:00, run_after=2024-05-09 00:00:00+00:00
[2024-05-09T09:54:31.662+0000] {processor.py:183} INFO - Processing /home/airflow/.local/lib/python3.12/site-packages/airflow/example_dags/example_task_group.py took 0.065 seconds
[2024-05-09T09:55:02.123+0000] {processor.py:161} INFO - Started process (PID=221) to work on /home/airflow/.local/lib/python3.12/site-packages/airflow/example_dags/example_task_group.py
[2024-05-09T09:55:02.123+0000] {processor.py:830} INFO - Processing file /home/airflow/.local/lib/python3.12/site-packages/airflow/example_dags/example_task_group.py for tasks to queue
[2024-05-09T09:55:02.125+0000] {logging_mixin.py:188} INFO - [2024-05-09T09:55:02.125+0000] {dagbag.py:545} INFO - Filling up the DagBag from /home/airflow/.local/lib/python3.12/site-packages/airflow/example_dags/example_task_group.py
[2024-05-09T09:55:02.134+0000] {processor.py:840} INFO - DAG(s) 'example_task_group' retrieved from /home/airflow/.local/lib/python3.12/site-packages/airflow/example_dags/example_task_group.py
[2024-05-09T09:55:02.157+0000] {logging_mixin.py:188} INFO - [2024-05-09T09:55:02.157+0000] {dag.py:3096} INFO - Sync 1 DAGs
[2024-05-09T09:55:02.176+0000] {logging_mixin.py:188} INFO - [2024-05-09T09:55:02.176+0000] {dag.py:3954} INFO - Setting next_dagrun for example_task_group to 2024-05-08 00:00:00+00:00, run_after=2024-05-09 00:00:00+00:00
[2024-05-09T09:55:02.197+0000] {processor.py:183} INFO - Processing /home/airflow/.local/lib/python3.12/site-packages/airflow/example_dags/example_task_group.py took 0.080 seconds
[2024-05-09T09:55:32.731+0000] {processor.py:161} INFO - Started process (PID=280) to work on /home/airflow/.local/lib/python3.12/site-packages/airflow/example_dags/example_task_group.py
[2024-05-09T09:55:32.732+0000] {processor.py:830} INFO - Processing file /home/airflow/.local/lib/python3.12/site-packages/airflow/example_dags/example_task_group.py for tasks to queue
[2024-05-09T09:55:32.734+0000] {logging_mixin.py:188} INFO - [2024-05-09T09:55:32.733+0000] {dagbag.py:545} INFO - Filling up the DagBag from /home/airflow/.local/lib/python3.12/site-packages/airflow/example_dags/example_task_group.py
[2024-05-09T09:55:32.741+0000] {processor.py:840} INFO - DAG(s) 'example_task_group' retrieved from /home/airflow/.local/lib/python3.12/site-packages/airflow/example_dags/example_task_group.py
[2024-05-09T09:55:32.771+0000] {logging_mixin.py:188} INFO - [2024-05-09T09:55:32.771+0000] {dag.py:3096} INFO - Sync 1 DAGs
[2024-05-09T09:55:32.807+0000] {logging_mixin.py:188} INFO - [2024-05-09T09:55:32.807+0000] {dag.py:3954} INFO - Setting next_dagrun for example_task_group to 2024-05-08 00:00:00+00:00, run_after=2024-05-09 00:00:00+00:00
[2024-05-09T09:55:32.823+0000] {processor.py:183} INFO - Processing /home/airflow/.local/lib/python3.12/site-packages/airflow/example_dags/example_task_group.py took 0.097 seconds
