[2024-05-09T09:53:30.600+0000] {processor.py:161} INFO - Started process (PID=58) to work on /home/airflow/.local/lib/python3.12/site-packages/airflow/example_dags/example_xcomargs.py
[2024-05-09T09:53:30.601+0000] {processor.py:830} INFO - Processing file /home/airflow/.local/lib/python3.12/site-packages/airflow/example_dags/example_xcomargs.py for tasks to queue
[2024-05-09T09:53:30.607+0000] {logging_mixin.py:188} INFO - [2024-05-09T09:53:30.607+0000] {dagbag.py:545} INFO - Filling up the DagBag from /home/airflow/.local/lib/python3.12/site-packages/airflow/example_dags/example_xcomargs.py
[2024-05-09T09:53:30.621+0000] {processor.py:840} INFO - DAG(s) 'example_xcom_args_with_operators', 'example_xcom_args' retrieved from /home/airflow/.local/lib/python3.12/site-packages/airflow/example_dags/example_xcomargs.py
[2024-05-09T09:53:30.631+0000] {logging_mixin.py:188} INFO - [2024-05-09T09:53:30.631+0000] {dag.py:3096} INFO - Sync 2 DAGs
[2024-05-09T09:53:30.645+0000] {logging_mixin.py:188} INFO - [2024-05-09T09:53:30.645+0000] {dag.py:3954} INFO - Setting next_dagrun for example_xcom_args to None, run_after=None
[2024-05-09T09:53:30.649+0000] {logging_mixin.py:188} INFO - [2024-05-09T09:53:30.649+0000] {dag.py:3954} INFO - Setting next_dagrun for example_xcom_args_with_operators to None, run_after=None
[2024-05-09T09:53:30.669+0000] {processor.py:183} INFO - Processing /home/airflow/.local/lib/python3.12/site-packages/airflow/example_dags/example_xcomargs.py took 0.074 seconds
[2024-05-09T09:54:01.863+0000] {processor.py:161} INFO - Started process (PID=117) to work on /home/airflow/.local/lib/python3.12/site-packages/airflow/example_dags/example_xcomargs.py
[2024-05-09T09:54:01.863+0000] {processor.py:830} INFO - Processing file /home/airflow/.local/lib/python3.12/site-packages/airflow/example_dags/example_xcomargs.py for tasks to queue
[2024-05-09T09:54:01.865+0000] {logging_mixin.py:188} INFO - [2024-05-09T09:54:01.865+0000] {dagbag.py:545} INFO - Filling up the DagBag from /home/airflow/.local/lib/python3.12/site-packages/airflow/example_dags/example_xcomargs.py
[2024-05-09T09:54:01.873+0000] {processor.py:840} INFO - DAG(s) 'example_xcom_args_with_operators', 'example_xcom_args' retrieved from /home/airflow/.local/lib/python3.12/site-packages/airflow/example_dags/example_xcomargs.py
[2024-05-09T09:54:01.976+0000] {logging_mixin.py:188} INFO - [2024-05-09T09:54:01.976+0000] {dag.py:3096} INFO - Sync 2 DAGs
[2024-05-09T09:54:01.987+0000] {logging_mixin.py:188} INFO - [2024-05-09T09:54:01.986+0000] {dag.py:3954} INFO - Setting next_dagrun for example_xcom_args to None, run_after=None
[2024-05-09T09:54:01.990+0000] {logging_mixin.py:188} INFO - [2024-05-09T09:54:01.989+0000] {dag.py:3954} INFO - Setting next_dagrun for example_xcom_args_with_operators to None, run_after=None
[2024-05-09T09:54:02.005+0000] {processor.py:183} INFO - Processing /home/airflow/.local/lib/python3.12/site-packages/airflow/example_dags/example_xcomargs.py took 0.148 seconds
[2024-05-09T09:54:32.206+0000] {processor.py:161} INFO - Started process (PID=175) to work on /home/airflow/.local/lib/python3.12/site-packages/airflow/example_dags/example_xcomargs.py
[2024-05-09T09:54:32.207+0000] {processor.py:830} INFO - Processing file /home/airflow/.local/lib/python3.12/site-packages/airflow/example_dags/example_xcomargs.py for tasks to queue
[2024-05-09T09:54:32.209+0000] {logging_mixin.py:188} INFO - [2024-05-09T09:54:32.208+0000] {dagbag.py:545} INFO - Filling up the DagBag from /home/airflow/.local/lib/python3.12/site-packages/airflow/example_dags/example_xcomargs.py
[2024-05-09T09:54:32.216+0000] {processor.py:840} INFO - DAG(s) 'example_xcom_args', 'example_xcom_args_with_operators' retrieved from /home/airflow/.local/lib/python3.12/site-packages/airflow/example_dags/example_xcomargs.py
[2024-05-09T09:54:32.235+0000] {logging_mixin.py:188} INFO - [2024-05-09T09:54:32.235+0000] {dag.py:3096} INFO - Sync 2 DAGs
[2024-05-09T09:54:32.248+0000] {logging_mixin.py:188} INFO - [2024-05-09T09:54:32.247+0000] {dag.py:3954} INFO - Setting next_dagrun for example_xcom_args to None, run_after=None
[2024-05-09T09:54:32.251+0000] {logging_mixin.py:188} INFO - [2024-05-09T09:54:32.251+0000] {dag.py:3954} INFO - Setting next_dagrun for example_xcom_args_with_operators to None, run_after=None
[2024-05-09T09:54:32.270+0000] {processor.py:183} INFO - Processing /home/airflow/.local/lib/python3.12/site-packages/airflow/example_dags/example_xcomargs.py took 0.069 seconds
[2024-05-09T09:55:02.701+0000] {processor.py:161} INFO - Started process (PID=233) to work on /home/airflow/.local/lib/python3.12/site-packages/airflow/example_dags/example_xcomargs.py
[2024-05-09T09:55:02.702+0000] {processor.py:830} INFO - Processing file /home/airflow/.local/lib/python3.12/site-packages/airflow/example_dags/example_xcomargs.py for tasks to queue
[2024-05-09T09:55:02.703+0000] {logging_mixin.py:188} INFO - [2024-05-09T09:55:02.703+0000] {dagbag.py:545} INFO - Filling up the DagBag from /home/airflow/.local/lib/python3.12/site-packages/airflow/example_dags/example_xcomargs.py
[2024-05-09T09:55:02.711+0000] {processor.py:840} INFO - DAG(s) 'example_xcom_args', 'example_xcom_args_with_operators' retrieved from /home/airflow/.local/lib/python3.12/site-packages/airflow/example_dags/example_xcomargs.py
[2024-05-09T09:55:02.730+0000] {logging_mixin.py:188} INFO - [2024-05-09T09:55:02.730+0000] {dag.py:3096} INFO - Sync 2 DAGs
[2024-05-09T09:55:02.742+0000] {logging_mixin.py:188} INFO - [2024-05-09T09:55:02.742+0000] {dag.py:3954} INFO - Setting next_dagrun for example_xcom_args to None, run_after=None
[2024-05-09T09:55:02.746+0000] {logging_mixin.py:188} INFO - [2024-05-09T09:55:02.745+0000] {dag.py:3954} INFO - Setting next_dagrun for example_xcom_args_with_operators to None, run_after=None
[2024-05-09T09:55:02.759+0000] {processor.py:183} INFO - Processing /home/airflow/.local/lib/python3.12/site-packages/airflow/example_dags/example_xcomargs.py took 0.066 seconds
[2024-05-09T09:55:33.369+0000] {processor.py:161} INFO - Started process (PID=292) to work on /home/airflow/.local/lib/python3.12/site-packages/airflow/example_dags/example_xcomargs.py
[2024-05-09T09:55:33.369+0000] {processor.py:830} INFO - Processing file /home/airflow/.local/lib/python3.12/site-packages/airflow/example_dags/example_xcomargs.py for tasks to queue
[2024-05-09T09:55:33.372+0000] {logging_mixin.py:188} INFO - [2024-05-09T09:55:33.371+0000] {dagbag.py:545} INFO - Filling up the DagBag from /home/airflow/.local/lib/python3.12/site-packages/airflow/example_dags/example_xcomargs.py
[2024-05-09T09:55:33.379+0000] {processor.py:840} INFO - DAG(s) 'example_xcom_args', 'example_xcom_args_with_operators' retrieved from /home/airflow/.local/lib/python3.12/site-packages/airflow/example_dags/example_xcomargs.py
[2024-05-09T09:55:33.400+0000] {logging_mixin.py:188} INFO - [2024-05-09T09:55:33.399+0000] {dag.py:3096} INFO - Sync 2 DAGs
[2024-05-09T09:55:33.412+0000] {logging_mixin.py:188} INFO - [2024-05-09T09:55:33.411+0000] {dag.py:3954} INFO - Setting next_dagrun for example_xcom_args to None, run_after=None
[2024-05-09T09:55:33.415+0000] {logging_mixin.py:188} INFO - [2024-05-09T09:55:33.415+0000] {dag.py:3954} INFO - Setting next_dagrun for example_xcom_args_with_operators to None, run_after=None
[2024-05-09T09:55:33.431+0000] {processor.py:183} INFO - Processing /home/airflow/.local/lib/python3.12/site-packages/airflow/example_dags/example_xcomargs.py took 0.068 seconds
