[2024-05-09T09:53:28.024+0000] {processor.py:161} INFO - Started process (PID=25) to work on /home/airflow/.local/lib/python3.12/site-packages/airflow/example_dags/example_python_decorator.py
[2024-05-09T09:53:28.024+0000] {processor.py:830} INFO - Processing file /home/airflow/.local/lib/python3.12/site-packages/airflow/example_dags/example_python_decorator.py for tasks to queue
[2024-05-09T09:53:28.026+0000] {logging_mixin.py:188} INFO - [2024-05-09T09:53:28.026+0000] {dagbag.py:545} INFO - Filling up the DagBag from /home/airflow/.local/lib/python3.12/site-packages/airflow/example_dags/example_python_decorator.py
[2024-05-09T09:53:28.058+0000] {processor.py:840} INFO - DAG(s) 'example_python_decorator' retrieved from /home/airflow/.local/lib/python3.12/site-packages/airflow/example_dags/example_python_decorator.py
[2024-05-09T09:53:28.087+0000] {logging_mixin.py:188} INFO - [2024-05-09T09:53:28.086+0000] {dag.py:3096} INFO - Sync 1 DAGs
[2024-05-09T09:53:28.105+0000] {logging_mixin.py:188} INFO - [2024-05-09T09:53:28.105+0000] {dag.py:3954} INFO - Setting next_dagrun for example_python_decorator to None, run_after=None
[2024-05-09T09:53:28.128+0000] {processor.py:183} INFO - Processing /home/airflow/.local/lib/python3.12/site-packages/airflow/example_dags/example_python_decorator.py took 0.116 seconds
[2024-05-09T09:53:58.771+0000] {processor.py:161} INFO - Started process (PID=84) to work on /home/airflow/.local/lib/python3.12/site-packages/airflow/example_dags/example_python_decorator.py
[2024-05-09T09:53:58.771+0000] {processor.py:830} INFO - Processing file /home/airflow/.local/lib/python3.12/site-packages/airflow/example_dags/example_python_decorator.py for tasks to queue
[2024-05-09T09:53:58.773+0000] {logging_mixin.py:188} INFO - [2024-05-09T09:53:58.773+0000] {dagbag.py:545} INFO - Filling up the DagBag from /home/airflow/.local/lib/python3.12/site-packages/airflow/example_dags/example_python_decorator.py
[2024-05-09T09:53:58.785+0000] {processor.py:840} INFO - DAG(s) 'example_python_decorator' retrieved from /home/airflow/.local/lib/python3.12/site-packages/airflow/example_dags/example_python_decorator.py
[2024-05-09T09:53:58.950+0000] {logging_mixin.py:188} INFO - [2024-05-09T09:53:58.950+0000] {dag.py:3096} INFO - Sync 1 DAGs
[2024-05-09T09:53:58.960+0000] {logging_mixin.py:188} INFO - [2024-05-09T09:53:58.959+0000] {dag.py:3954} INFO - Setting next_dagrun for example_python_decorator to None, run_after=None
[2024-05-09T09:53:58.975+0000] {processor.py:183} INFO - Processing /home/airflow/.local/lib/python3.12/site-packages/airflow/example_dags/example_python_decorator.py took 0.211 seconds
[2024-05-09T09:54:29.442+0000] {processor.py:161} INFO - Started process (PID=142) to work on /home/airflow/.local/lib/python3.12/site-packages/airflow/example_dags/example_python_decorator.py
[2024-05-09T09:54:29.443+0000] {processor.py:830} INFO - Processing file /home/airflow/.local/lib/python3.12/site-packages/airflow/example_dags/example_python_decorator.py for tasks to queue
[2024-05-09T09:54:29.445+0000] {logging_mixin.py:188} INFO - [2024-05-09T09:54:29.444+0000] {dagbag.py:545} INFO - Filling up the DagBag from /home/airflow/.local/lib/python3.12/site-packages/airflow/example_dags/example_python_decorator.py
[2024-05-09T09:54:29.472+0000] {processor.py:840} INFO - DAG(s) 'example_python_decorator' retrieved from /home/airflow/.local/lib/python3.12/site-packages/airflow/example_dags/example_python_decorator.py
[2024-05-09T09:54:29.491+0000] {logging_mixin.py:188} INFO - [2024-05-09T09:54:29.491+0000] {dag.py:3096} INFO - Sync 1 DAGs
[2024-05-09T09:54:29.502+0000] {logging_mixin.py:188} INFO - [2024-05-09T09:54:29.502+0000] {dag.py:3954} INFO - Setting next_dagrun for example_python_decorator to None, run_after=None
[2024-05-09T09:54:29.520+0000] {processor.py:183} INFO - Processing /home/airflow/.local/lib/python3.12/site-packages/airflow/example_dags/example_python_decorator.py took 0.083 seconds
[2024-05-09T09:55:00.160+0000] {processor.py:161} INFO - Started process (PID=200) to work on /home/airflow/.local/lib/python3.12/site-packages/airflow/example_dags/example_python_decorator.py
[2024-05-09T09:55:00.161+0000] {processor.py:830} INFO - Processing file /home/airflow/.local/lib/python3.12/site-packages/airflow/example_dags/example_python_decorator.py for tasks to queue
[2024-05-09T09:55:00.162+0000] {logging_mixin.py:188} INFO - [2024-05-09T09:55:00.162+0000] {dagbag.py:545} INFO - Filling up the DagBag from /home/airflow/.local/lib/python3.12/site-packages/airflow/example_dags/example_python_decorator.py
[2024-05-09T09:55:00.174+0000] {processor.py:840} INFO - DAG(s) 'example_python_decorator' retrieved from /home/airflow/.local/lib/python3.12/site-packages/airflow/example_dags/example_python_decorator.py
[2024-05-09T09:55:00.193+0000] {logging_mixin.py:188} INFO - [2024-05-09T09:55:00.193+0000] {dag.py:3096} INFO - Sync 1 DAGs
[2024-05-09T09:55:00.203+0000] {logging_mixin.py:188} INFO - [2024-05-09T09:55:00.203+0000] {dag.py:3954} INFO - Setting next_dagrun for example_python_decorator to None, run_after=None
[2024-05-09T09:55:00.218+0000] {processor.py:183} INFO - Processing /home/airflow/.local/lib/python3.12/site-packages/airflow/example_dags/example_python_decorator.py took 0.064 seconds
[2024-05-09T09:55:30.619+0000] {processor.py:161} INFO - Started process (PID=259) to work on /home/airflow/.local/lib/python3.12/site-packages/airflow/example_dags/example_python_decorator.py
[2024-05-09T09:55:30.620+0000] {processor.py:830} INFO - Processing file /home/airflow/.local/lib/python3.12/site-packages/airflow/example_dags/example_python_decorator.py for tasks to queue
[2024-05-09T09:55:30.622+0000] {logging_mixin.py:188} INFO - [2024-05-09T09:55:30.622+0000] {dagbag.py:545} INFO - Filling up the DagBag from /home/airflow/.local/lib/python3.12/site-packages/airflow/example_dags/example_python_decorator.py
[2024-05-09T09:55:30.633+0000] {processor.py:840} INFO - DAG(s) 'example_python_decorator' retrieved from /home/airflow/.local/lib/python3.12/site-packages/airflow/example_dags/example_python_decorator.py
[2024-05-09T09:55:30.652+0000] {logging_mixin.py:188} INFO - [2024-05-09T09:55:30.652+0000] {dag.py:3096} INFO - Sync 1 DAGs
[2024-05-09T09:55:30.663+0000] {logging_mixin.py:188} INFO - [2024-05-09T09:55:30.663+0000] {dag.py:3954} INFO - Setting next_dagrun for example_python_decorator to None, run_after=None
[2024-05-09T09:55:30.678+0000] {processor.py:183} INFO - Processing /home/airflow/.local/lib/python3.12/site-packages/airflow/example_dags/example_python_decorator.py took 0.066 seconds
