[2024-05-09T09:53:28.245+0000] {processor.py:161} INFO - Started process (PID=27) to work on /home/airflow/.local/lib/python3.12/site-packages/airflow/example_dags/example_task_group_decorator.py
[2024-05-09T09:53:28.245+0000] {processor.py:830} INFO - Processing file /home/airflow/.local/lib/python3.12/site-packages/airflow/example_dags/example_task_group_decorator.py for tasks to queue
[2024-05-09T09:53:28.249+0000] {logging_mixin.py:188} INFO - [2024-05-09T09:53:28.249+0000] {dagbag.py:545} INFO - Filling up the DagBag from /home/airflow/.local/lib/python3.12/site-packages/airflow/example_dags/example_task_group_decorator.py
[2024-05-09T09:53:28.276+0000] {processor.py:840} INFO - DAG(s) 'example_task_group_decorator' retrieved from /home/airflow/.local/lib/python3.12/site-packages/airflow/example_dags/example_task_group_decorator.py
[2024-05-09T09:53:28.298+0000] {logging_mixin.py:188} INFO - [2024-05-09T09:53:28.298+0000] {dag.py:3096} INFO - Sync 1 DAGs
[2024-05-09T09:53:28.328+0000] {logging_mixin.py:188} INFO - [2024-05-09T09:53:28.328+0000] {dag.py:3954} INFO - Setting next_dagrun for example_task_group_decorator to 2024-05-08 00:00:00+00:00, run_after=2024-05-09 00:00:00+00:00
[2024-05-09T09:53:28.342+0000] {processor.py:183} INFO - Processing /home/airflow/.local/lib/python3.12/site-packages/airflow/example_dags/example_task_group_decorator.py took 0.117 seconds
[2024-05-09T09:53:58.994+0000] {processor.py:161} INFO - Started process (PID=86) to work on /home/airflow/.local/lib/python3.12/site-packages/airflow/example_dags/example_task_group_decorator.py
[2024-05-09T09:53:58.995+0000] {processor.py:830} INFO - Processing file /home/airflow/.local/lib/python3.12/site-packages/airflow/example_dags/example_task_group_decorator.py for tasks to queue
[2024-05-09T09:53:58.997+0000] {logging_mixin.py:188} INFO - [2024-05-09T09:53:58.996+0000] {dagbag.py:545} INFO - Filling up the DagBag from /home/airflow/.local/lib/python3.12/site-packages/airflow/example_dags/example_task_group_decorator.py
[2024-05-09T09:53:59.010+0000] {processor.py:840} INFO - DAG(s) 'example_task_group_decorator' retrieved from /home/airflow/.local/lib/python3.12/site-packages/airflow/example_dags/example_task_group_decorator.py
[2024-05-09T09:53:59.102+0000] {logging_mixin.py:188} INFO - [2024-05-09T09:53:59.102+0000] {dag.py:3096} INFO - Sync 1 DAGs
[2024-05-09T09:53:59.118+0000] {logging_mixin.py:188} INFO - [2024-05-09T09:53:59.118+0000] {dag.py:3954} INFO - Setting next_dagrun for example_task_group_decorator to 2024-05-08 00:00:00+00:00, run_after=2024-05-09 00:00:00+00:00
[2024-05-09T09:53:59.135+0000] {processor.py:183} INFO - Processing /home/airflow/.local/lib/python3.12/site-packages/airflow/example_dags/example_task_group_decorator.py took 0.146 seconds
[2024-05-09T09:54:29.520+0000] {processor.py:161} INFO - Started process (PID=144) to work on /home/airflow/.local/lib/python3.12/site-packages/airflow/example_dags/example_task_group_decorator.py
[2024-05-09T09:54:29.521+0000] {processor.py:830} INFO - Processing file /home/airflow/.local/lib/python3.12/site-packages/airflow/example_dags/example_task_group_decorator.py for tasks to queue
[2024-05-09T09:54:29.523+0000] {logging_mixin.py:188} INFO - [2024-05-09T09:54:29.523+0000] {dagbag.py:545} INFO - Filling up the DagBag from /home/airflow/.local/lib/python3.12/site-packages/airflow/example_dags/example_task_group_decorator.py
[2024-05-09T09:54:29.537+0000] {processor.py:840} INFO - DAG(s) 'example_task_group_decorator' retrieved from /home/airflow/.local/lib/python3.12/site-packages/airflow/example_dags/example_task_group_decorator.py
[2024-05-09T09:54:29.560+0000] {logging_mixin.py:188} INFO - [2024-05-09T09:54:29.560+0000] {dag.py:3096} INFO - Sync 1 DAGs
[2024-05-09T09:54:29.580+0000] {logging_mixin.py:188} INFO - [2024-05-09T09:54:29.579+0000] {dag.py:3954} INFO - Setting next_dagrun for example_task_group_decorator to 2024-05-08 00:00:00+00:00, run_after=2024-05-09 00:00:00+00:00
[2024-05-09T09:54:29.601+0000] {processor.py:183} INFO - Processing /home/airflow/.local/lib/python3.12/site-packages/airflow/example_dags/example_task_group_decorator.py took 0.086 seconds
[2024-05-09T09:55:00.237+0000] {processor.py:161} INFO - Started process (PID=202) to work on /home/airflow/.local/lib/python3.12/site-packages/airflow/example_dags/example_task_group_decorator.py
[2024-05-09T09:55:00.237+0000] {processor.py:830} INFO - Processing file /home/airflow/.local/lib/python3.12/site-packages/airflow/example_dags/example_task_group_decorator.py for tasks to queue
[2024-05-09T09:55:00.239+0000] {logging_mixin.py:188} INFO - [2024-05-09T09:55:00.238+0000] {dagbag.py:545} INFO - Filling up the DagBag from /home/airflow/.local/lib/python3.12/site-packages/airflow/example_dags/example_task_group_decorator.py
[2024-05-09T09:55:00.251+0000] {processor.py:840} INFO - DAG(s) 'example_task_group_decorator' retrieved from /home/airflow/.local/lib/python3.12/site-packages/airflow/example_dags/example_task_group_decorator.py
[2024-05-09T09:55:00.271+0000] {logging_mixin.py:188} INFO - [2024-05-09T09:55:00.271+0000] {dag.py:3096} INFO - Sync 1 DAGs
[2024-05-09T09:55:00.289+0000] {logging_mixin.py:188} INFO - [2024-05-09T09:55:00.289+0000] {dag.py:3954} INFO - Setting next_dagrun for example_task_group_decorator to 2024-05-08 00:00:00+00:00, run_after=2024-05-09 00:00:00+00:00
[2024-05-09T09:55:00.303+0000] {processor.py:183} INFO - Processing /home/airflow/.local/lib/python3.12/site-packages/airflow/example_dags/example_task_group_decorator.py took 0.072 seconds
[2024-05-09T09:55:30.697+0000] {processor.py:161} INFO - Started process (PID=261) to work on /home/airflow/.local/lib/python3.12/site-packages/airflow/example_dags/example_task_group_decorator.py
[2024-05-09T09:55:30.697+0000] {processor.py:830} INFO - Processing file /home/airflow/.local/lib/python3.12/site-packages/airflow/example_dags/example_task_group_decorator.py for tasks to queue
[2024-05-09T09:55:30.699+0000] {logging_mixin.py:188} INFO - [2024-05-09T09:55:30.699+0000] {dagbag.py:545} INFO - Filling up the DagBag from /home/airflow/.local/lib/python3.12/site-packages/airflow/example_dags/example_task_group_decorator.py
[2024-05-09T09:55:30.712+0000] {processor.py:840} INFO - DAG(s) 'example_task_group_decorator' retrieved from /home/airflow/.local/lib/python3.12/site-packages/airflow/example_dags/example_task_group_decorator.py
[2024-05-09T09:55:30.739+0000] {logging_mixin.py:188} INFO - [2024-05-09T09:55:30.739+0000] {dag.py:3096} INFO - Sync 1 DAGs
[2024-05-09T09:55:30.756+0000] {logging_mixin.py:188} INFO - [2024-05-09T09:55:30.756+0000] {dag.py:3954} INFO - Setting next_dagrun for example_task_group_decorator to 2024-05-08 00:00:00+00:00, run_after=2024-05-09 00:00:00+00:00
[2024-05-09T09:55:30.771+0000] {processor.py:183} INFO - Processing /home/airflow/.local/lib/python3.12/site-packages/airflow/example_dags/example_task_group_decorator.py took 0.079 seconds
