[2024-05-09T09:53:28.583+0000] {processor.py:161} INFO - Started process (PID=31) to work on /home/airflow/.local/lib/python3.12/site-packages/airflow/example_dags/example_sensor_decorator.py
[2024-05-09T09:53:28.583+0000] {processor.py:830} INFO - Processing file /home/airflow/.local/lib/python3.12/site-packages/airflow/example_dags/example_sensor_decorator.py for tasks to queue
[2024-05-09T09:53:28.585+0000] {logging_mixin.py:188} INFO - [2024-05-09T09:53:28.584+0000] {dagbag.py:545} INFO - Filling up the DagBag from /home/airflow/.local/lib/python3.12/site-packages/airflow/example_dags/example_sensor_decorator.py
[2024-05-09T09:53:28.594+0000] {processor.py:840} INFO - DAG(s) 'example_sensor_decorator' retrieved from /home/airflow/.local/lib/python3.12/site-packages/airflow/example_dags/example_sensor_decorator.py
[2024-05-09T09:53:28.609+0000] {logging_mixin.py:188} INFO - [2024-05-09T09:53:28.608+0000] {dag.py:3096} INFO - Sync 1 DAGs
[2024-05-09T09:53:28.633+0000] {logging_mixin.py:188} INFO - [2024-05-09T09:53:28.632+0000] {dag.py:3954} INFO - Setting next_dagrun for example_sensor_decorator to None, run_after=None
[2024-05-09T09:53:28.664+0000] {processor.py:183} INFO - Processing /home/airflow/.local/lib/python3.12/site-packages/airflow/example_dags/example_sensor_decorator.py took 0.087 seconds
[2024-05-09T09:53:59.327+0000] {processor.py:161} INFO - Started process (PID=90) to work on /home/airflow/.local/lib/python3.12/site-packages/airflow/example_dags/example_sensor_decorator.py
[2024-05-09T09:53:59.328+0000] {processor.py:830} INFO - Processing file /home/airflow/.local/lib/python3.12/site-packages/airflow/example_dags/example_sensor_decorator.py for tasks to queue
[2024-05-09T09:53:59.329+0000] {logging_mixin.py:188} INFO - [2024-05-09T09:53:59.329+0000] {dagbag.py:545} INFO - Filling up the DagBag from /home/airflow/.local/lib/python3.12/site-packages/airflow/example_dags/example_sensor_decorator.py
[2024-05-09T09:53:59.335+0000] {processor.py:840} INFO - DAG(s) 'example_sensor_decorator' retrieved from /home/airflow/.local/lib/python3.12/site-packages/airflow/example_dags/example_sensor_decorator.py
[2024-05-09T09:53:59.441+0000] {logging_mixin.py:188} INFO - [2024-05-09T09:53:59.441+0000] {dag.py:3096} INFO - Sync 1 DAGs
[2024-05-09T09:53:59.450+0000] {logging_mixin.py:188} INFO - [2024-05-09T09:53:59.450+0000] {dag.py:3954} INFO - Setting next_dagrun for example_sensor_decorator to None, run_after=None
[2024-05-09T09:53:59.464+0000] {processor.py:183} INFO - Processing /home/airflow/.local/lib/python3.12/site-packages/airflow/example_dags/example_sensor_decorator.py took 0.143 seconds
[2024-05-09T09:54:29.789+0000] {processor.py:161} INFO - Started process (PID=148) to work on /home/airflow/.local/lib/python3.12/site-packages/airflow/example_dags/example_sensor_decorator.py
[2024-05-09T09:54:29.790+0000] {processor.py:830} INFO - Processing file /home/airflow/.local/lib/python3.12/site-packages/airflow/example_dags/example_sensor_decorator.py for tasks to queue
[2024-05-09T09:54:29.792+0000] {logging_mixin.py:188} INFO - [2024-05-09T09:54:29.792+0000] {dagbag.py:545} INFO - Filling up the DagBag from /home/airflow/.local/lib/python3.12/site-packages/airflow/example_dags/example_sensor_decorator.py
[2024-05-09T09:54:29.800+0000] {processor.py:840} INFO - DAG(s) 'example_sensor_decorator' retrieved from /home/airflow/.local/lib/python3.12/site-packages/airflow/example_dags/example_sensor_decorator.py
[2024-05-09T09:54:29.827+0000] {logging_mixin.py:188} INFO - [2024-05-09T09:54:29.827+0000] {dag.py:3096} INFO - Sync 1 DAGs
[2024-05-09T09:54:29.841+0000] {logging_mixin.py:188} INFO - [2024-05-09T09:54:29.841+0000] {dag.py:3954} INFO - Setting next_dagrun for example_sensor_decorator to None, run_after=None
[2024-05-09T09:54:29.859+0000] {processor.py:183} INFO - Processing /home/airflow/.local/lib/python3.12/site-packages/airflow/example_dags/example_sensor_decorator.py took 0.077 seconds
[2024-05-09T09:55:00.502+0000] {processor.py:161} INFO - Started process (PID=206) to work on /home/airflow/.local/lib/python3.12/site-packages/airflow/example_dags/example_sensor_decorator.py
[2024-05-09T09:55:00.503+0000] {processor.py:830} INFO - Processing file /home/airflow/.local/lib/python3.12/site-packages/airflow/example_dags/example_sensor_decorator.py for tasks to queue
[2024-05-09T09:55:00.505+0000] {logging_mixin.py:188} INFO - [2024-05-09T09:55:00.504+0000] {dagbag.py:545} INFO - Filling up the DagBag from /home/airflow/.local/lib/python3.12/site-packages/airflow/example_dags/example_sensor_decorator.py
[2024-05-09T09:55:00.514+0000] {processor.py:840} INFO - DAG(s) 'example_sensor_decorator' retrieved from /home/airflow/.local/lib/python3.12/site-packages/airflow/example_dags/example_sensor_decorator.py
[2024-05-09T09:55:00.531+0000] {logging_mixin.py:188} INFO - [2024-05-09T09:55:00.530+0000] {dag.py:3096} INFO - Sync 1 DAGs
[2024-05-09T09:55:00.542+0000] {logging_mixin.py:188} INFO - [2024-05-09T09:55:00.542+0000] {dag.py:3954} INFO - Setting next_dagrun for example_sensor_decorator to None, run_after=None
[2024-05-09T09:55:00.556+0000] {processor.py:183} INFO - Processing /home/airflow/.local/lib/python3.12/site-packages/airflow/example_dags/example_sensor_decorator.py took 0.059 seconds
[2024-05-09T09:55:30.979+0000] {processor.py:161} INFO - Started process (PID=265) to work on /home/airflow/.local/lib/python3.12/site-packages/airflow/example_dags/example_sensor_decorator.py
[2024-05-09T09:55:30.980+0000] {processor.py:830} INFO - Processing file /home/airflow/.local/lib/python3.12/site-packages/airflow/example_dags/example_sensor_decorator.py for tasks to queue
[2024-05-09T09:55:30.981+0000] {logging_mixin.py:188} INFO - [2024-05-09T09:55:30.981+0000] {dagbag.py:545} INFO - Filling up the DagBag from /home/airflow/.local/lib/python3.12/site-packages/airflow/example_dags/example_sensor_decorator.py
[2024-05-09T09:55:30.987+0000] {processor.py:840} INFO - DAG(s) 'example_sensor_decorator' retrieved from /home/airflow/.local/lib/python3.12/site-packages/airflow/example_dags/example_sensor_decorator.py
[2024-05-09T09:55:31.004+0000] {logging_mixin.py:188} INFO - [2024-05-09T09:55:31.004+0000] {dag.py:3096} INFO - Sync 1 DAGs
[2024-05-09T09:55:31.016+0000] {logging_mixin.py:188} INFO - [2024-05-09T09:55:31.015+0000] {dag.py:3954} INFO - Setting next_dagrun for example_sensor_decorator to None, run_after=None
[2024-05-09T09:55:31.034+0000] {processor.py:183} INFO - Processing /home/airflow/.local/lib/python3.12/site-packages/airflow/example_dags/example_sensor_decorator.py took 0.060 seconds
