[2024-05-09T09:53:28.867+0000] {processor.py:161} INFO - Started process (PID=35) to work on /home/airflow/.local/lib/python3.12/site-packages/airflow/example_dags/example_sla_dag.py
[2024-05-09T09:53:28.874+0000] {processor.py:830} INFO - Processing file /home/airflow/.local/lib/python3.12/site-packages/airflow/example_dags/example_sla_dag.py for tasks to queue
[2024-05-09T09:53:28.885+0000] {logging_mixin.py:188} INFO - [2024-05-09T09:53:28.885+0000] {dagbag.py:545} INFO - Filling up the DagBag from /home/airflow/.local/lib/python3.12/site-packages/airflow/example_dags/example_sla_dag.py
[2024-05-09T09:53:28.906+0000] {processor.py:840} INFO - DAG(s) 'example_sla_dag' retrieved from /home/airflow/.local/lib/python3.12/site-packages/airflow/example_dags/example_sla_dag.py
[2024-05-09T09:53:28.932+0000] {logging_mixin.py:188} INFO - [2024-05-09T09:53:28.931+0000] {dag.py:3096} INFO - Sync 1 DAGs
[2024-05-09T09:53:29.004+0000] {logging_mixin.py:188} INFO - [2024-05-09T09:53:29.004+0000] {dag.py:3954} INFO - Setting next_dagrun for example_sla_dag to 2024-05-09 09:50:00+00:00, run_after=2024-05-09 09:52:00+00:00
[2024-05-09T09:53:29.063+0000] {processor.py:183} INFO - Processing /home/airflow/.local/lib/python3.12/site-packages/airflow/example_dags/example_sla_dag.py took 0.210 seconds
[2024-05-09T09:53:59.637+0000] {processor.py:161} INFO - Started process (PID=94) to work on /home/airflow/.local/lib/python3.12/site-packages/airflow/example_dags/example_sla_dag.py
[2024-05-09T09:53:59.637+0000] {processor.py:830} INFO - Processing file /home/airflow/.local/lib/python3.12/site-packages/airflow/example_dags/example_sla_dag.py for tasks to queue
[2024-05-09T09:53:59.639+0000] {logging_mixin.py:188} INFO - [2024-05-09T09:53:59.639+0000] {dagbag.py:545} INFO - Filling up the DagBag from /home/airflow/.local/lib/python3.12/site-packages/airflow/example_dags/example_sla_dag.py
[2024-05-09T09:53:59.651+0000] {processor.py:840} INFO - DAG(s) 'example_sla_dag' retrieved from /home/airflow/.local/lib/python3.12/site-packages/airflow/example_dags/example_sla_dag.py
[2024-05-09T09:53:59.756+0000] {logging_mixin.py:188} INFO - [2024-05-09T09:53:59.756+0000] {dag.py:3096} INFO - Sync 1 DAGs
[2024-05-09T09:53:59.774+0000] {logging_mixin.py:188} INFO - [2024-05-09T09:53:59.774+0000] {dag.py:3954} INFO - Setting next_dagrun for example_sla_dag to 2024-05-09 09:50:00+00:00, run_after=2024-05-09 09:52:00+00:00
[2024-05-09T09:53:59.794+0000] {processor.py:183} INFO - Processing /home/airflow/.local/lib/python3.12/site-packages/airflow/example_dags/example_sla_dag.py took 0.165 seconds
[2024-05-09T09:54:29.965+0000] {processor.py:161} INFO - Started process (PID=152) to work on /home/airflow/.local/lib/python3.12/site-packages/airflow/example_dags/example_sla_dag.py
[2024-05-09T09:54:29.966+0000] {processor.py:830} INFO - Processing file /home/airflow/.local/lib/python3.12/site-packages/airflow/example_dags/example_sla_dag.py for tasks to queue
[2024-05-09T09:54:29.968+0000] {logging_mixin.py:188} INFO - [2024-05-09T09:54:29.967+0000] {dagbag.py:545} INFO - Filling up the DagBag from /home/airflow/.local/lib/python3.12/site-packages/airflow/example_dags/example_sla_dag.py
[2024-05-09T09:54:29.976+0000] {processor.py:840} INFO - DAG(s) 'example_sla_dag' retrieved from /home/airflow/.local/lib/python3.12/site-packages/airflow/example_dags/example_sla_dag.py
[2024-05-09T09:54:29.994+0000] {logging_mixin.py:188} INFO - [2024-05-09T09:54:29.994+0000] {dag.py:3096} INFO - Sync 1 DAGs
[2024-05-09T09:54:30.017+0000] {logging_mixin.py:188} INFO - [2024-05-09T09:54:30.017+0000] {dag.py:3954} INFO - Setting next_dagrun for example_sla_dag to 2024-05-09 09:52:00+00:00, run_after=2024-05-09 09:54:00+00:00
[2024-05-09T09:54:30.039+0000] {processor.py:183} INFO - Processing /home/airflow/.local/lib/python3.12/site-packages/airflow/example_dags/example_sla_dag.py took 0.079 seconds
[2024-05-09T09:55:00.643+0000] {processor.py:161} INFO - Started process (PID=210) to work on /home/airflow/.local/lib/python3.12/site-packages/airflow/example_dags/example_sla_dag.py
[2024-05-09T09:55:00.644+0000] {processor.py:830} INFO - Processing file /home/airflow/.local/lib/python3.12/site-packages/airflow/example_dags/example_sla_dag.py for tasks to queue
[2024-05-09T09:55:00.646+0000] {logging_mixin.py:188} INFO - [2024-05-09T09:55:00.645+0000] {dagbag.py:545} INFO - Filling up the DagBag from /home/airflow/.local/lib/python3.12/site-packages/airflow/example_dags/example_sla_dag.py
[2024-05-09T09:55:00.653+0000] {processor.py:840} INFO - DAG(s) 'example_sla_dag' retrieved from /home/airflow/.local/lib/python3.12/site-packages/airflow/example_dags/example_sla_dag.py
[2024-05-09T09:55:00.668+0000] {logging_mixin.py:188} INFO - [2024-05-09T09:55:00.668+0000] {dag.py:3096} INFO - Sync 1 DAGs
[2024-05-09T09:55:00.688+0000] {logging_mixin.py:188} INFO - [2024-05-09T09:55:00.688+0000] {dag.py:3954} INFO - Setting next_dagrun for example_sla_dag to 2024-05-09 09:52:00+00:00, run_after=2024-05-09 09:54:00+00:00
[2024-05-09T09:55:00.703+0000] {processor.py:183} INFO - Processing /home/airflow/.local/lib/python3.12/site-packages/airflow/example_dags/example_sla_dag.py took 0.064 seconds
[2024-05-09T09:55:31.128+0000] {processor.py:161} INFO - Started process (PID=269) to work on /home/airflow/.local/lib/python3.12/site-packages/airflow/example_dags/example_sla_dag.py
[2024-05-09T09:55:31.128+0000] {processor.py:830} INFO - Processing file /home/airflow/.local/lib/python3.12/site-packages/airflow/example_dags/example_sla_dag.py for tasks to queue
[2024-05-09T09:55:31.130+0000] {logging_mixin.py:188} INFO - [2024-05-09T09:55:31.130+0000] {dagbag.py:545} INFO - Filling up the DagBag from /home/airflow/.local/lib/python3.12/site-packages/airflow/example_dags/example_sla_dag.py
[2024-05-09T09:55:31.138+0000] {processor.py:840} INFO - DAG(s) 'example_sla_dag' retrieved from /home/airflow/.local/lib/python3.12/site-packages/airflow/example_dags/example_sla_dag.py
[2024-05-09T09:55:31.155+0000] {logging_mixin.py:188} INFO - [2024-05-09T09:55:31.155+0000] {dag.py:3096} INFO - Sync 1 DAGs
[2024-05-09T09:55:31.177+0000] {logging_mixin.py:188} INFO - [2024-05-09T09:55:31.177+0000] {dag.py:3954} INFO - Setting next_dagrun for example_sla_dag to 2024-05-09 09:52:00+00:00, run_after=2024-05-09 09:54:00+00:00
[2024-05-09T09:55:31.191+0000] {processor.py:183} INFO - Processing /home/airflow/.local/lib/python3.12/site-packages/airflow/example_dags/example_sla_dag.py took 0.069 seconds
