[2024-05-09T09:53:29.465+0000] {processor.py:161} INFO - Started process (PID=42) to work on /home/airflow/.local/lib/python3.12/site-packages/airflow/example_dags/example_bash_operator.py
[2024-05-09T09:53:29.466+0000] {processor.py:830} INFO - Processing file /home/airflow/.local/lib/python3.12/site-packages/airflow/example_dags/example_bash_operator.py for tasks to queue
[2024-05-09T09:53:29.467+0000] {logging_mixin.py:188} INFO - [2024-05-09T09:53:29.467+0000] {dagbag.py:545} INFO - Filling up the DagBag from /home/airflow/.local/lib/python3.12/site-packages/airflow/example_dags/example_bash_operator.py
[2024-05-09T09:53:29.484+0000] {processor.py:840} INFO - DAG(s) 'example_bash_operator' retrieved from /home/airflow/.local/lib/python3.12/site-packages/airflow/example_dags/example_bash_operator.py
[2024-05-09T09:53:29.494+0000] {logging_mixin.py:188} INFO - [2024-05-09T09:53:29.494+0000] {dag.py:3096} INFO - Sync 1 DAGs
[2024-05-09T09:53:29.517+0000] {logging_mixin.py:188} INFO - [2024-05-09T09:53:29.517+0000] {dag.py:3954} INFO - Setting next_dagrun for example_bash_operator to 2024-05-08 00:00:00+00:00, run_after=2024-05-09 00:00:00+00:00
[2024-05-09T09:53:29.556+0000] {processor.py:183} INFO - Processing /home/airflow/.local/lib/python3.12/site-packages/airflow/example_dags/example_bash_operator.py took 0.097 seconds
[2024-05-09T09:54:00.317+0000] {processor.py:161} INFO - Started process (PID=101) to work on /home/airflow/.local/lib/python3.12/site-packages/airflow/example_dags/example_bash_operator.py
[2024-05-09T09:54:00.318+0000] {processor.py:830} INFO - Processing file /home/airflow/.local/lib/python3.12/site-packages/airflow/example_dags/example_bash_operator.py for tasks to queue
[2024-05-09T09:54:00.319+0000] {logging_mixin.py:188} INFO - [2024-05-09T09:54:00.319+0000] {dagbag.py:545} INFO - Filling up the DagBag from /home/airflow/.local/lib/python3.12/site-packages/airflow/example_dags/example_bash_operator.py
[2024-05-09T09:54:00.330+0000] {processor.py:840} INFO - DAG(s) 'example_bash_operator' retrieved from /home/airflow/.local/lib/python3.12/site-packages/airflow/example_dags/example_bash_operator.py
[2024-05-09T09:54:00.426+0000] {logging_mixin.py:188} INFO - [2024-05-09T09:54:00.425+0000] {dag.py:3096} INFO - Sync 1 DAGs
[2024-05-09T09:54:00.449+0000] {logging_mixin.py:188} INFO - [2024-05-09T09:54:00.448+0000] {dag.py:3954} INFO - Setting next_dagrun for example_bash_operator to 2024-05-08 00:00:00+00:00, run_after=2024-05-09 00:00:00+00:00
[2024-05-09T09:54:00.474+0000] {processor.py:183} INFO - Processing /home/airflow/.local/lib/python3.12/site-packages/airflow/example_dags/example_bash_operator.py took 0.162 seconds
[2024-05-09T09:54:31.434+0000] {processor.py:161} INFO - Started process (PID=159) to work on /home/airflow/.local/lib/python3.12/site-packages/airflow/example_dags/example_bash_operator.py
[2024-05-09T09:54:31.435+0000] {processor.py:830} INFO - Processing file /home/airflow/.local/lib/python3.12/site-packages/airflow/example_dags/example_bash_operator.py for tasks to queue
[2024-05-09T09:54:31.437+0000] {logging_mixin.py:188} INFO - [2024-05-09T09:54:31.436+0000] {dagbag.py:545} INFO - Filling up the DagBag from /home/airflow/.local/lib/python3.12/site-packages/airflow/example_dags/example_bash_operator.py
[2024-05-09T09:54:31.447+0000] {processor.py:840} INFO - DAG(s) 'example_bash_operator' retrieved from /home/airflow/.local/lib/python3.12/site-packages/airflow/example_dags/example_bash_operator.py
[2024-05-09T09:54:31.470+0000] {logging_mixin.py:188} INFO - [2024-05-09T09:54:31.470+0000] {dag.py:3096} INFO - Sync 1 DAGs
[2024-05-09T09:54:31.492+0000] {logging_mixin.py:188} INFO - [2024-05-09T09:54:31.492+0000] {dag.py:3954} INFO - Setting next_dagrun for example_bash_operator to 2024-05-08 00:00:00+00:00, run_after=2024-05-09 00:00:00+00:00
[2024-05-09T09:54:31.509+0000] {processor.py:183} INFO - Processing /home/airflow/.local/lib/python3.12/site-packages/airflow/example_dags/example_bash_operator.py took 0.090 seconds
[2024-05-09T09:55:01.951+0000] {processor.py:161} INFO - Started process (PID=217) to work on /home/airflow/.local/lib/python3.12/site-packages/airflow/example_dags/example_bash_operator.py
[2024-05-09T09:55:01.952+0000] {processor.py:830} INFO - Processing file /home/airflow/.local/lib/python3.12/site-packages/airflow/example_dags/example_bash_operator.py for tasks to queue
[2024-05-09T09:55:01.954+0000] {logging_mixin.py:188} INFO - [2024-05-09T09:55:01.954+0000] {dagbag.py:545} INFO - Filling up the DagBag from /home/airflow/.local/lib/python3.12/site-packages/airflow/example_dags/example_bash_operator.py
[2024-05-09T09:55:01.964+0000] {processor.py:840} INFO - DAG(s) 'example_bash_operator' retrieved from /home/airflow/.local/lib/python3.12/site-packages/airflow/example_dags/example_bash_operator.py
[2024-05-09T09:55:01.987+0000] {logging_mixin.py:188} INFO - [2024-05-09T09:55:01.987+0000] {dag.py:3096} INFO - Sync 1 DAGs
[2024-05-09T09:55:02.014+0000] {logging_mixin.py:188} INFO - [2024-05-09T09:55:02.014+0000] {dag.py:3954} INFO - Setting next_dagrun for example_bash_operator to 2024-05-08 00:00:00+00:00, run_after=2024-05-09 00:00:00+00:00
[2024-05-09T09:55:02.038+0000] {processor.py:183} INFO - Processing /home/airflow/.local/lib/python3.12/site-packages/airflow/example_dags/example_bash_operator.py took 0.092 seconds
[2024-05-09T09:55:32.486+0000] {processor.py:161} INFO - Started process (PID=276) to work on /home/airflow/.local/lib/python3.12/site-packages/airflow/example_dags/example_bash_operator.py
[2024-05-09T09:55:32.487+0000] {processor.py:830} INFO - Processing file /home/airflow/.local/lib/python3.12/site-packages/airflow/example_dags/example_bash_operator.py for tasks to queue
[2024-05-09T09:55:32.489+0000] {logging_mixin.py:188} INFO - [2024-05-09T09:55:32.489+0000] {dagbag.py:545} INFO - Filling up the DagBag from /home/airflow/.local/lib/python3.12/site-packages/airflow/example_dags/example_bash_operator.py
[2024-05-09T09:55:32.509+0000] {processor.py:840} INFO - DAG(s) 'example_bash_operator' retrieved from /home/airflow/.local/lib/python3.12/site-packages/airflow/example_dags/example_bash_operator.py
[2024-05-09T09:55:32.546+0000] {logging_mixin.py:188} INFO - [2024-05-09T09:55:32.546+0000] {dag.py:3096} INFO - Sync 1 DAGs
[2024-05-09T09:55:32.586+0000] {logging_mixin.py:188} INFO - [2024-05-09T09:55:32.585+0000] {dag.py:3954} INFO - Setting next_dagrun for example_bash_operator to 2024-05-08 00:00:00+00:00, run_after=2024-05-09 00:00:00+00:00
[2024-05-09T09:55:32.617+0000] {processor.py:183} INFO - Processing /home/airflow/.local/lib/python3.12/site-packages/airflow/example_dags/example_bash_operator.py took 0.137 seconds
