[2024-05-09T09:53:29.094+0000] {processor.py:161} INFO - Started process (PID=36) to work on /home/airflow/.local/lib/python3.12/site-packages/airflow/example_dags/example_short_circuit_operator.py
[2024-05-09T09:53:29.095+0000] {processor.py:830} INFO - Processing file /home/airflow/.local/lib/python3.12/site-packages/airflow/example_dags/example_short_circuit_operator.py for tasks to queue
[2024-05-09T09:53:29.099+0000] {logging_mixin.py:188} INFO - [2024-05-09T09:53:29.098+0000] {dagbag.py:545} INFO - Filling up the DagBag from /home/airflow/.local/lib/python3.12/site-packages/airflow/example_dags/example_short_circuit_operator.py
[2024-05-09T09:53:29.106+0000] {processor.py:840} INFO - DAG(s) 'example_short_circuit_operator' retrieved from /home/airflow/.local/lib/python3.12/site-packages/airflow/example_dags/example_short_circuit_operator.py
[2024-05-09T09:53:29.119+0000] {logging_mixin.py:188} INFO - [2024-05-09T09:53:29.118+0000] {dag.py:3096} INFO - Sync 1 DAGs
[2024-05-09T09:53:29.148+0000] {logging_mixin.py:188} INFO - [2024-05-09T09:53:29.148+0000] {dag.py:3954} INFO - Setting next_dagrun for example_short_circuit_operator to 2024-05-08 00:00:00+00:00, run_after=2024-05-09 00:00:00+00:00
[2024-05-09T09:53:29.171+0000] {processor.py:183} INFO - Processing /home/airflow/.local/lib/python3.12/site-packages/airflow/example_dags/example_short_circuit_operator.py took 0.104 seconds
[2024-05-09T09:53:59.792+0000] {processor.py:161} INFO - Started process (PID=95) to work on /home/airflow/.local/lib/python3.12/site-packages/airflow/example_dags/example_short_circuit_operator.py
[2024-05-09T09:53:59.793+0000] {processor.py:830} INFO - Processing file /home/airflow/.local/lib/python3.12/site-packages/airflow/example_dags/example_short_circuit_operator.py for tasks to queue
[2024-05-09T09:53:59.795+0000] {logging_mixin.py:188} INFO - [2024-05-09T09:53:59.794+0000] {dagbag.py:545} INFO - Filling up the DagBag from /home/airflow/.local/lib/python3.12/site-packages/airflow/example_dags/example_short_circuit_operator.py
[2024-05-09T09:53:59.802+0000] {processor.py:840} INFO - DAG(s) 'example_short_circuit_operator' retrieved from /home/airflow/.local/lib/python3.12/site-packages/airflow/example_dags/example_short_circuit_operator.py
[2024-05-09T09:53:59.895+0000] {logging_mixin.py:188} INFO - [2024-05-09T09:53:59.894+0000] {dag.py:3096} INFO - Sync 1 DAGs
[2024-05-09T09:53:59.912+0000] {logging_mixin.py:188} INFO - [2024-05-09T09:53:59.912+0000] {dag.py:3954} INFO - Setting next_dagrun for example_short_circuit_operator to 2024-05-08 00:00:00+00:00, run_after=2024-05-09 00:00:00+00:00
[2024-05-09T09:53:59.929+0000] {processor.py:183} INFO - Processing /home/airflow/.local/lib/python3.12/site-packages/airflow/example_dags/example_short_circuit_operator.py took 0.142 seconds
[2024-05-09T09:54:30.050+0000] {processor.py:161} INFO - Started process (PID=153) to work on /home/airflow/.local/lib/python3.12/site-packages/airflow/example_dags/example_short_circuit_operator.py
[2024-05-09T09:54:30.051+0000] {processor.py:830} INFO - Processing file /home/airflow/.local/lib/python3.12/site-packages/airflow/example_dags/example_short_circuit_operator.py for tasks to queue
[2024-05-09T09:54:30.052+0000] {logging_mixin.py:188} INFO - [2024-05-09T09:54:30.052+0000] {dagbag.py:545} INFO - Filling up the DagBag from /home/airflow/.local/lib/python3.12/site-packages/airflow/example_dags/example_short_circuit_operator.py
[2024-05-09T09:54:30.061+0000] {processor.py:840} INFO - DAG(s) 'example_short_circuit_operator' retrieved from /home/airflow/.local/lib/python3.12/site-packages/airflow/example_dags/example_short_circuit_operator.py
[2024-05-09T09:54:30.090+0000] {logging_mixin.py:188} INFO - [2024-05-09T09:54:30.090+0000] {dag.py:3096} INFO - Sync 1 DAGs
[2024-05-09T09:54:30.112+0000] {logging_mixin.py:188} INFO - [2024-05-09T09:54:30.112+0000] {dag.py:3954} INFO - Setting next_dagrun for example_short_circuit_operator to 2024-05-08 00:00:00+00:00, run_after=2024-05-09 00:00:00+00:00
[2024-05-09T09:54:30.130+0000] {processor.py:183} INFO - Processing /home/airflow/.local/lib/python3.12/site-packages/airflow/example_dags/example_short_circuit_operator.py took 0.086 seconds
[2024-05-09T09:55:00.697+0000] {processor.py:161} INFO - Started process (PID=211) to work on /home/airflow/.local/lib/python3.12/site-packages/airflow/example_dags/example_short_circuit_operator.py
[2024-05-09T09:55:00.697+0000] {processor.py:830} INFO - Processing file /home/airflow/.local/lib/python3.12/site-packages/airflow/example_dags/example_short_circuit_operator.py for tasks to queue
[2024-05-09T09:55:00.699+0000] {logging_mixin.py:188} INFO - [2024-05-09T09:55:00.698+0000] {dagbag.py:545} INFO - Filling up the DagBag from /home/airflow/.local/lib/python3.12/site-packages/airflow/example_dags/example_short_circuit_operator.py
[2024-05-09T09:55:00.705+0000] {processor.py:840} INFO - DAG(s) 'example_short_circuit_operator' retrieved from /home/airflow/.local/lib/python3.12/site-packages/airflow/example_dags/example_short_circuit_operator.py
[2024-05-09T09:55:00.725+0000] {logging_mixin.py:188} INFO - [2024-05-09T09:55:00.725+0000] {dag.py:3096} INFO - Sync 1 DAGs
[2024-05-09T09:55:00.745+0000] {logging_mixin.py:188} INFO - [2024-05-09T09:55:00.745+0000] {dag.py:3954} INFO - Setting next_dagrun for example_short_circuit_operator to 2024-05-08 00:00:00+00:00, run_after=2024-05-09 00:00:00+00:00
[2024-05-09T09:55:00.760+0000] {processor.py:183} INFO - Processing /home/airflow/.local/lib/python3.12/site-packages/airflow/example_dags/example_short_circuit_operator.py took 0.069 seconds
[2024-05-09T09:55:31.209+0000] {processor.py:161} INFO - Started process (PID=270) to work on /home/airflow/.local/lib/python3.12/site-packages/airflow/example_dags/example_short_circuit_operator.py
[2024-05-09T09:55:31.210+0000] {processor.py:830} INFO - Processing file /home/airflow/.local/lib/python3.12/site-packages/airflow/example_dags/example_short_circuit_operator.py for tasks to queue
[2024-05-09T09:55:31.211+0000] {logging_mixin.py:188} INFO - [2024-05-09T09:55:31.211+0000] {dagbag.py:545} INFO - Filling up the DagBag from /home/airflow/.local/lib/python3.12/site-packages/airflow/example_dags/example_short_circuit_operator.py
[2024-05-09T09:55:31.217+0000] {processor.py:840} INFO - DAG(s) 'example_short_circuit_operator' retrieved from /home/airflow/.local/lib/python3.12/site-packages/airflow/example_dags/example_short_circuit_operator.py
[2024-05-09T09:55:31.243+0000] {logging_mixin.py:188} INFO - [2024-05-09T09:55:31.242+0000] {dag.py:3096} INFO - Sync 1 DAGs
[2024-05-09T09:55:31.261+0000] {logging_mixin.py:188} INFO - [2024-05-09T09:55:31.261+0000] {dag.py:3954} INFO - Setting next_dagrun for example_short_circuit_operator to 2024-05-08 00:00:00+00:00, run_after=2024-05-09 00:00:00+00:00
[2024-05-09T09:55:31.276+0000] {processor.py:183} INFO - Processing /home/airflow/.local/lib/python3.12/site-packages/airflow/example_dags/example_short_circuit_operator.py took 0.072 seconds
