[2024-05-09T09:53:31.281+0000] {processor.py:161} INFO - Started process (PID=70) to work on /home/airflow/.local/lib/python3.12/site-packages/airflow/example_dags/example_skip_dag.py
[2024-05-09T09:53:31.282+0000] {processor.py:830} INFO - Processing file /home/airflow/.local/lib/python3.12/site-packages/airflow/example_dags/example_skip_dag.py for tasks to queue
[2024-05-09T09:53:31.283+0000] {logging_mixin.py:188} INFO - [2024-05-09T09:53:31.283+0000] {dagbag.py:545} INFO - Filling up the DagBag from /home/airflow/.local/lib/python3.12/site-packages/airflow/example_dags/example_skip_dag.py
[2024-05-09T09:53:31.289+0000] {processor.py:840} INFO - DAG(s) 'example_skip_dag' retrieved from /home/airflow/.local/lib/python3.12/site-packages/airflow/example_dags/example_skip_dag.py
[2024-05-09T09:53:31.299+0000] {logging_mixin.py:188} INFO - [2024-05-09T09:53:31.299+0000] {dag.py:3096} INFO - Sync 1 DAGs
[2024-05-09T09:53:31.319+0000] {logging_mixin.py:188} INFO - [2024-05-09T09:53:31.319+0000] {dag.py:3954} INFO - Setting next_dagrun for example_skip_dag to 2024-05-08 00:00:00+00:00, run_after=2024-05-09 00:00:00+00:00
[2024-05-09T09:53:31.334+0000] {processor.py:183} INFO - Processing /home/airflow/.local/lib/python3.12/site-packages/airflow/example_dags/example_skip_dag.py took 0.058 seconds
[2024-05-09T09:54:02.828+0000] {processor.py:161} INFO - Started process (PID=129) to work on /home/airflow/.local/lib/python3.12/site-packages/airflow/example_dags/example_skip_dag.py
[2024-05-09T09:54:02.829+0000] {processor.py:830} INFO - Processing file /home/airflow/.local/lib/python3.12/site-packages/airflow/example_dags/example_skip_dag.py for tasks to queue
[2024-05-09T09:54:02.830+0000] {logging_mixin.py:188} INFO - [2024-05-09T09:54:02.830+0000] {dagbag.py:545} INFO - Filling up the DagBag from /home/airflow/.local/lib/python3.12/site-packages/airflow/example_dags/example_skip_dag.py
[2024-05-09T09:54:02.836+0000] {processor.py:840} INFO - DAG(s) 'example_skip_dag' retrieved from /home/airflow/.local/lib/python3.12/site-packages/airflow/example_dags/example_skip_dag.py
[2024-05-09T09:54:02.927+0000] {logging_mixin.py:188} INFO - [2024-05-09T09:54:02.926+0000] {dag.py:3096} INFO - Sync 1 DAGs
[2024-05-09T09:54:02.947+0000] {logging_mixin.py:188} INFO - [2024-05-09T09:54:02.947+0000] {dag.py:3954} INFO - Setting next_dagrun for example_skip_dag to 2024-05-08 00:00:00+00:00, run_after=2024-05-09 00:00:00+00:00
[2024-05-09T09:54:02.964+0000] {processor.py:183} INFO - Processing /home/airflow/.local/lib/python3.12/site-packages/airflow/example_dags/example_skip_dag.py took 0.154 seconds
[2024-05-09T09:54:33.652+0000] {processor.py:161} INFO - Started process (PID=187) to work on /home/airflow/.local/lib/python3.12/site-packages/airflow/example_dags/example_skip_dag.py
[2024-05-09T09:54:33.653+0000] {processor.py:830} INFO - Processing file /home/airflow/.local/lib/python3.12/site-packages/airflow/example_dags/example_skip_dag.py for tasks to queue
[2024-05-09T09:54:33.655+0000] {logging_mixin.py:188} INFO - [2024-05-09T09:54:33.654+0000] {dagbag.py:545} INFO - Filling up the DagBag from /home/airflow/.local/lib/python3.12/site-packages/airflow/example_dags/example_skip_dag.py
[2024-05-09T09:54:33.660+0000] {processor.py:840} INFO - DAG(s) 'example_skip_dag' retrieved from /home/airflow/.local/lib/python3.12/site-packages/airflow/example_dags/example_skip_dag.py
[2024-05-09T09:54:33.678+0000] {logging_mixin.py:188} INFO - [2024-05-09T09:54:33.678+0000] {dag.py:3096} INFO - Sync 1 DAGs
[2024-05-09T09:54:33.696+0000] {logging_mixin.py:188} INFO - [2024-05-09T09:54:33.696+0000] {dag.py:3954} INFO - Setting next_dagrun for example_skip_dag to 2024-05-08 00:00:00+00:00, run_after=2024-05-09 00:00:00+00:00
[2024-05-09T09:54:33.716+0000] {processor.py:183} INFO - Processing /home/airflow/.local/lib/python3.12/site-packages/airflow/example_dags/example_skip_dag.py took 0.069 seconds
[2024-05-09T09:55:04.264+0000] {processor.py:161} INFO - Started process (PID=245) to work on /home/airflow/.local/lib/python3.12/site-packages/airflow/example_dags/example_skip_dag.py
[2024-05-09T09:55:04.265+0000] {processor.py:830} INFO - Processing file /home/airflow/.local/lib/python3.12/site-packages/airflow/example_dags/example_skip_dag.py for tasks to queue
[2024-05-09T09:55:04.266+0000] {logging_mixin.py:188} INFO - [2024-05-09T09:55:04.266+0000] {dagbag.py:545} INFO - Filling up the DagBag from /home/airflow/.local/lib/python3.12/site-packages/airflow/example_dags/example_skip_dag.py
[2024-05-09T09:55:04.272+0000] {processor.py:840} INFO - DAG(s) 'example_skip_dag' retrieved from /home/airflow/.local/lib/python3.12/site-packages/airflow/example_dags/example_skip_dag.py
[2024-05-09T09:55:04.289+0000] {logging_mixin.py:188} INFO - [2024-05-09T09:55:04.289+0000] {dag.py:3096} INFO - Sync 1 DAGs
[2024-05-09T09:55:04.308+0000] {logging_mixin.py:188} INFO - [2024-05-09T09:55:04.308+0000] {dag.py:3954} INFO - Setting next_dagrun for example_skip_dag to 2024-05-08 00:00:00+00:00, run_after=2024-05-09 00:00:00+00:00
[2024-05-09T09:55:04.325+0000] {processor.py:183} INFO - Processing /home/airflow/.local/lib/python3.12/site-packages/airflow/example_dags/example_skip_dag.py took 0.066 seconds
[2024-05-09T09:55:35.011+0000] {processor.py:161} INFO - Started process (PID=304) to work on /home/airflow/.local/lib/python3.12/site-packages/airflow/example_dags/example_skip_dag.py
[2024-05-09T09:55:35.016+0000] {processor.py:830} INFO - Processing file /home/airflow/.local/lib/python3.12/site-packages/airflow/example_dags/example_skip_dag.py for tasks to queue
[2024-05-09T09:55:35.018+0000] {logging_mixin.py:188} INFO - [2024-05-09T09:55:35.018+0000] {dagbag.py:545} INFO - Filling up the DagBag from /home/airflow/.local/lib/python3.12/site-packages/airflow/example_dags/example_skip_dag.py
[2024-05-09T09:55:35.023+0000] {processor.py:840} INFO - DAG(s) 'example_skip_dag' retrieved from /home/airflow/.local/lib/python3.12/site-packages/airflow/example_dags/example_skip_dag.py
[2024-05-09T09:55:35.040+0000] {logging_mixin.py:188} INFO - [2024-05-09T09:55:35.040+0000] {dag.py:3096} INFO - Sync 1 DAGs
[2024-05-09T09:55:35.060+0000] {logging_mixin.py:188} INFO - [2024-05-09T09:55:35.059+0000] {dag.py:3954} INFO - Setting next_dagrun for example_skip_dag to 2024-05-08 00:00:00+00:00, run_after=2024-05-09 00:00:00+00:00
[2024-05-09T09:55:35.074+0000] {processor.py:183} INFO - Processing /home/airflow/.local/lib/python3.12/site-packages/airflow/example_dags/example_skip_dag.py took 0.068 seconds
