[2024-05-09T09:53:29.812+0000] {processor.py:161} INFO - Started process (PID=47) to work on /home/airflow/.local/lib/python3.12/site-packages/airflow/example_dags/example_datasets.py
[2024-05-09T09:53:29.812+0000] {processor.py:830} INFO - Processing file /home/airflow/.local/lib/python3.12/site-packages/airflow/example_dags/example_datasets.py for tasks to queue
[2024-05-09T09:53:29.814+0000] {logging_mixin.py:188} INFO - [2024-05-09T09:53:29.814+0000] {dagbag.py:545} INFO - Filling up the DagBag from /home/airflow/.local/lib/python3.12/site-packages/airflow/example_dags/example_datasets.py
[2024-05-09T09:53:29.833+0000] {processor.py:840} INFO - DAG(s) 'dataset_produces_2', 'dataset_consumes_1', 'dataset_consumes_unknown_never_scheduled', 'consume_1_and_2_with_dataset_expressions', 'consume_1_or_both_2_and_3_with_dataset_expressions', 'dataset_produces_1', 'dataset_consumes_1_never_scheduled', 'conditional_dataset_and_time_based_timetable', 'consume_1_or_2_with_dataset_expressions', 'dataset_consumes_1_and_2' retrieved from /home/airflow/.local/lib/python3.12/site-packages/airflow/example_dags/example_datasets.py
[2024-05-09T09:53:29.851+0000] {logging_mixin.py:188} INFO - [2024-05-09T09:53:29.851+0000] {dag.py:3096} INFO - Sync 10 DAGs
[2024-05-09T09:53:29.877+0000] {logging_mixin.py:188} INFO - [2024-05-09T09:53:29.877+0000] {dag.py:3954} INFO - Setting next_dagrun for conditional_dataset_and_time_based_timetable to 2024-05-08 01:00:00+00:00, run_after=2024-05-08 01:00:00+00:00
[2024-05-09T09:53:29.881+0000] {logging_mixin.py:188} INFO - [2024-05-09T09:53:29.881+0000] {dag.py:3954} INFO - Setting next_dagrun for consume_1_and_2_with_dataset_expressions to None, run_after=None
[2024-05-09T09:53:29.884+0000] {logging_mixin.py:188} INFO - [2024-05-09T09:53:29.882+0000] {dag.py:3954} INFO - Setting next_dagrun for consume_1_or_2_with_dataset_expressions to None, run_after=None
[2024-05-09T09:53:29.891+0000] {logging_mixin.py:188} INFO - [2024-05-09T09:53:29.891+0000] {dag.py:3954} INFO - Setting next_dagrun for consume_1_or_both_2_and_3_with_dataset_expressions to None, run_after=None
[2024-05-09T09:53:29.892+0000] {logging_mixin.py:188} INFO - [2024-05-09T09:53:29.892+0000] {dag.py:3954} INFO - Setting next_dagrun for dataset_consumes_1 to None, run_after=None
[2024-05-09T09:53:29.893+0000] {logging_mixin.py:188} INFO - [2024-05-09T09:53:29.893+0000] {dag.py:3954} INFO - Setting next_dagrun for dataset_consumes_1_and_2 to None, run_after=None
[2024-05-09T09:53:29.894+0000] {logging_mixin.py:188} INFO - [2024-05-09T09:53:29.894+0000] {dag.py:3954} INFO - Setting next_dagrun for dataset_consumes_1_never_scheduled to None, run_after=None
[2024-05-09T09:53:29.895+0000] {logging_mixin.py:188} INFO - [2024-05-09T09:53:29.895+0000] {dag.py:3954} INFO - Setting next_dagrun for dataset_consumes_unknown_never_scheduled to None, run_after=None
[2024-05-09T09:53:29.898+0000] {logging_mixin.py:188} INFO - [2024-05-09T09:53:29.897+0000] {dag.py:3954} INFO - Setting next_dagrun for dataset_produces_1 to 2024-05-08 00:00:00+00:00, run_after=2024-05-09 00:00:00+00:00
[2024-05-09T09:53:29.901+0000] {logging_mixin.py:188} INFO - [2024-05-09T09:53:29.901+0000] {dag.py:3954} INFO - Setting next_dagrun for dataset_produces_2 to None, run_after=None
[2024-05-09T09:53:29.983+0000] {processor.py:183} INFO - Processing /home/airflow/.local/lib/python3.12/site-packages/airflow/example_dags/example_datasets.py took 0.177 seconds
[2024-05-09T09:54:00.800+0000] {processor.py:161} INFO - Started process (PID=106) to work on /home/airflow/.local/lib/python3.12/site-packages/airflow/example_dags/example_datasets.py
[2024-05-09T09:54:00.801+0000] {processor.py:830} INFO - Processing file /home/airflow/.local/lib/python3.12/site-packages/airflow/example_dags/example_datasets.py for tasks to queue
[2024-05-09T09:54:00.802+0000] {logging_mixin.py:188} INFO - [2024-05-09T09:54:00.802+0000] {dagbag.py:545} INFO - Filling up the DagBag from /home/airflow/.local/lib/python3.12/site-packages/airflow/example_dags/example_datasets.py
[2024-05-09T09:54:00.816+0000] {processor.py:840} INFO - DAG(s) 'consume_1_and_2_with_dataset_expressions', 'consume_1_or_both_2_and_3_with_dataset_expressions', 'dataset_consumes_1', 'conditional_dataset_and_time_based_timetable', 'dataset_consumes_1_never_scheduled', 'dataset_consumes_1_and_2', 'consume_1_or_2_with_dataset_expressions', 'dataset_produces_2', 'dataset_consumes_unknown_never_scheduled', 'dataset_produces_1' retrieved from /home/airflow/.local/lib/python3.12/site-packages/airflow/example_dags/example_datasets.py
[2024-05-09T09:54:00.982+0000] {logging_mixin.py:188} INFO - [2024-05-09T09:54:00.982+0000] {dag.py:3096} INFO - Sync 10 DAGs
[2024-05-09T09:54:01.002+0000] {logging_mixin.py:188} INFO - [2024-05-09T09:54:01.002+0000] {dag.py:3954} INFO - Setting next_dagrun for conditional_dataset_and_time_based_timetable to 2024-05-08 01:00:00+00:00, run_after=2024-05-08 01:00:00+00:00
[2024-05-09T09:54:01.005+0000] {logging_mixin.py:188} INFO - [2024-05-09T09:54:01.004+0000] {dag.py:3954} INFO - Setting next_dagrun for consume_1_and_2_with_dataset_expressions to None, run_after=None
[2024-05-09T09:54:01.006+0000] {logging_mixin.py:188} INFO - [2024-05-09T09:54:01.006+0000] {dag.py:3954} INFO - Setting next_dagrun for consume_1_or_2_with_dataset_expressions to None, run_after=None
[2024-05-09T09:54:01.007+0000] {logging_mixin.py:188} INFO - [2024-05-09T09:54:01.007+0000] {dag.py:3954} INFO - Setting next_dagrun for consume_1_or_both_2_and_3_with_dataset_expressions to None, run_after=None
[2024-05-09T09:54:01.008+0000] {logging_mixin.py:188} INFO - [2024-05-09T09:54:01.008+0000] {dag.py:3954} INFO - Setting next_dagrun for dataset_consumes_1 to None, run_after=None
[2024-05-09T09:54:01.009+0000] {logging_mixin.py:188} INFO - [2024-05-09T09:54:01.008+0000] {dag.py:3954} INFO - Setting next_dagrun for dataset_consumes_1_and_2 to None, run_after=None
[2024-05-09T09:54:01.009+0000] {logging_mixin.py:188} INFO - [2024-05-09T09:54:01.009+0000] {dag.py:3954} INFO - Setting next_dagrun for dataset_consumes_1_never_scheduled to None, run_after=None
[2024-05-09T09:54:01.010+0000] {logging_mixin.py:188} INFO - [2024-05-09T09:54:01.010+0000] {dag.py:3954} INFO - Setting next_dagrun for dataset_consumes_unknown_never_scheduled to None, run_after=None
[2024-05-09T09:54:01.012+0000] {logging_mixin.py:188} INFO - [2024-05-09T09:54:01.012+0000] {dag.py:3954} INFO - Setting next_dagrun for dataset_produces_1 to 2024-05-08 00:00:00+00:00, run_after=2024-05-09 00:00:00+00:00
[2024-05-09T09:54:01.013+0000] {logging_mixin.py:188} INFO - [2024-05-09T09:54:01.013+0000] {dag.py:3954} INFO - Setting next_dagrun for dataset_produces_2 to None, run_after=None
[2024-05-09T09:54:01.041+0000] {processor.py:183} INFO - Processing /home/airflow/.local/lib/python3.12/site-packages/airflow/example_dags/example_datasets.py took 0.246 seconds
[2024-05-09T09:54:31.621+0000] {processor.py:161} INFO - Started process (PID=164) to work on /home/airflow/.local/lib/python3.12/site-packages/airflow/example_dags/example_datasets.py
[2024-05-09T09:54:31.622+0000] {processor.py:830} INFO - Processing file /home/airflow/.local/lib/python3.12/site-packages/airflow/example_dags/example_datasets.py for tasks to queue
[2024-05-09T09:54:31.624+0000] {logging_mixin.py:188} INFO - [2024-05-09T09:54:31.623+0000] {dagbag.py:545} INFO - Filling up the DagBag from /home/airflow/.local/lib/python3.12/site-packages/airflow/example_dags/example_datasets.py
[2024-05-09T09:54:31.643+0000] {processor.py:840} INFO - DAG(s) 'dataset_produces_1', 'dataset_consumes_1', 'consume_1_or_both_2_and_3_with_dataset_expressions', 'dataset_consumes_unknown_never_scheduled', 'conditional_dataset_and_time_based_timetable', 'dataset_consumes_1_never_scheduled', 'consume_1_and_2_with_dataset_expressions', 'consume_1_or_2_with_dataset_expressions', 'dataset_consumes_1_and_2', 'dataset_produces_2' retrieved from /home/airflow/.local/lib/python3.12/site-packages/airflow/example_dags/example_datasets.py
[2024-05-09T09:54:31.683+0000] {logging_mixin.py:188} INFO - [2024-05-09T09:54:31.683+0000] {dag.py:3096} INFO - Sync 10 DAGs
[2024-05-09T09:54:31.705+0000] {logging_mixin.py:188} INFO - [2024-05-09T09:54:31.705+0000] {dag.py:3954} INFO - Setting next_dagrun for conditional_dataset_and_time_based_timetable to 2024-05-08 01:00:00+00:00, run_after=2024-05-08 01:00:00+00:00
[2024-05-09T09:54:31.709+0000] {logging_mixin.py:188} INFO - [2024-05-09T09:54:31.709+0000] {dag.py:3954} INFO - Setting next_dagrun for consume_1_and_2_with_dataset_expressions to None, run_after=None
[2024-05-09T09:54:31.710+0000] {logging_mixin.py:188} INFO - [2024-05-09T09:54:31.710+0000] {dag.py:3954} INFO - Setting next_dagrun for consume_1_or_2_with_dataset_expressions to None, run_after=None
[2024-05-09T09:54:31.711+0000] {logging_mixin.py:188} INFO - [2024-05-09T09:54:31.711+0000] {dag.py:3954} INFO - Setting next_dagrun for consume_1_or_both_2_and_3_with_dataset_expressions to None, run_after=None
[2024-05-09T09:54:31.712+0000] {logging_mixin.py:188} INFO - [2024-05-09T09:54:31.712+0000] {dag.py:3954} INFO - Setting next_dagrun for dataset_consumes_1 to None, run_after=None
[2024-05-09T09:54:31.713+0000] {logging_mixin.py:188} INFO - [2024-05-09T09:54:31.713+0000] {dag.py:3954} INFO - Setting next_dagrun for dataset_consumes_1_and_2 to None, run_after=None
[2024-05-09T09:54:31.714+0000] {logging_mixin.py:188} INFO - [2024-05-09T09:54:31.714+0000] {dag.py:3954} INFO - Setting next_dagrun for dataset_consumes_1_never_scheduled to None, run_after=None
[2024-05-09T09:54:31.714+0000] {logging_mixin.py:188} INFO - [2024-05-09T09:54:31.714+0000] {dag.py:3954} INFO - Setting next_dagrun for dataset_consumes_unknown_never_scheduled to None, run_after=None
[2024-05-09T09:54:31.716+0000] {logging_mixin.py:188} INFO - [2024-05-09T09:54:31.716+0000] {dag.py:3954} INFO - Setting next_dagrun for dataset_produces_1 to 2024-05-08 00:00:00+00:00, run_after=2024-05-09 00:00:00+00:00
[2024-05-09T09:54:31.718+0000] {logging_mixin.py:188} INFO - [2024-05-09T09:54:31.718+0000] {dag.py:3954} INFO - Setting next_dagrun for dataset_produces_2 to None, run_after=None
[2024-05-09T09:54:31.746+0000] {processor.py:183} INFO - Processing /home/airflow/.local/lib/python3.12/site-packages/airflow/example_dags/example_datasets.py took 0.133 seconds
[2024-05-09T09:55:02.139+0000] {processor.py:161} INFO - Started process (PID=222) to work on /home/airflow/.local/lib/python3.12/site-packages/airflow/example_dags/example_datasets.py
[2024-05-09T09:55:02.139+0000] {processor.py:830} INFO - Processing file /home/airflow/.local/lib/python3.12/site-packages/airflow/example_dags/example_datasets.py for tasks to queue
[2024-05-09T09:55:02.141+0000] {logging_mixin.py:188} INFO - [2024-05-09T09:55:02.141+0000] {dagbag.py:545} INFO - Filling up the DagBag from /home/airflow/.local/lib/python3.12/site-packages/airflow/example_dags/example_datasets.py
[2024-05-09T09:55:02.153+0000] {processor.py:840} INFO - DAG(s) 'dataset_consumes_1', 'conditional_dataset_and_time_based_timetable', 'dataset_consumes_1_never_scheduled', 'dataset_produces_2', 'consume_1_and_2_with_dataset_expressions', 'consume_1_or_2_with_dataset_expressions', 'dataset_consumes_unknown_never_scheduled', 'dataset_produces_1', 'dataset_consumes_1_and_2', 'consume_1_or_both_2_and_3_with_dataset_expressions' retrieved from /home/airflow/.local/lib/python3.12/site-packages/airflow/example_dags/example_datasets.py
[2024-05-09T09:55:02.193+0000] {logging_mixin.py:188} INFO - [2024-05-09T09:55:02.193+0000] {dag.py:3096} INFO - Sync 10 DAGs
[2024-05-09T09:55:02.215+0000] {logging_mixin.py:188} INFO - [2024-05-09T09:55:02.215+0000] {dag.py:3954} INFO - Setting next_dagrun for conditional_dataset_and_time_based_timetable to 2024-05-08 01:00:00+00:00, run_after=2024-05-08 01:00:00+00:00
[2024-05-09T09:55:02.219+0000] {logging_mixin.py:188} INFO - [2024-05-09T09:55:02.219+0000] {dag.py:3954} INFO - Setting next_dagrun for consume_1_and_2_with_dataset_expressions to None, run_after=None
[2024-05-09T09:55:02.220+0000] {logging_mixin.py:188} INFO - [2024-05-09T09:55:02.220+0000] {dag.py:3954} INFO - Setting next_dagrun for consume_1_or_2_with_dataset_expressions to None, run_after=None
[2024-05-09T09:55:02.221+0000] {logging_mixin.py:188} INFO - [2024-05-09T09:55:02.221+0000] {dag.py:3954} INFO - Setting next_dagrun for consume_1_or_both_2_and_3_with_dataset_expressions to None, run_after=None
[2024-05-09T09:55:02.222+0000] {logging_mixin.py:188} INFO - [2024-05-09T09:55:02.222+0000] {dag.py:3954} INFO - Setting next_dagrun for dataset_consumes_1 to None, run_after=None
[2024-05-09T09:55:02.223+0000] {logging_mixin.py:188} INFO - [2024-05-09T09:55:02.223+0000] {dag.py:3954} INFO - Setting next_dagrun for dataset_consumes_1_and_2 to None, run_after=None
[2024-05-09T09:55:02.224+0000] {logging_mixin.py:188} INFO - [2024-05-09T09:55:02.224+0000] {dag.py:3954} INFO - Setting next_dagrun for dataset_consumes_1_never_scheduled to None, run_after=None
[2024-05-09T09:55:02.227+0000] {logging_mixin.py:188} INFO - [2024-05-09T09:55:02.227+0000] {dag.py:3954} INFO - Setting next_dagrun for dataset_consumes_unknown_never_scheduled to None, run_after=None
[2024-05-09T09:55:02.229+0000] {logging_mixin.py:188} INFO - [2024-05-09T09:55:02.229+0000] {dag.py:3954} INFO - Setting next_dagrun for dataset_produces_1 to 2024-05-08 00:00:00+00:00, run_after=2024-05-09 00:00:00+00:00
[2024-05-09T09:55:02.231+0000] {logging_mixin.py:188} INFO - [2024-05-09T09:55:02.230+0000] {dag.py:3954} INFO - Setting next_dagrun for dataset_produces_2 to None, run_after=None
[2024-05-09T09:55:02.258+0000] {processor.py:183} INFO - Processing /home/airflow/.local/lib/python3.12/site-packages/airflow/example_dags/example_datasets.py took 0.125 seconds
[2024-05-09T09:55:32.842+0000] {processor.py:161} INFO - Started process (PID=281) to work on /home/airflow/.local/lib/python3.12/site-packages/airflow/example_dags/example_datasets.py
[2024-05-09T09:55:32.843+0000] {processor.py:830} INFO - Processing file /home/airflow/.local/lib/python3.12/site-packages/airflow/example_dags/example_datasets.py for tasks to queue
[2024-05-09T09:55:32.844+0000] {logging_mixin.py:188} INFO - [2024-05-09T09:55:32.844+0000] {dagbag.py:545} INFO - Filling up the DagBag from /home/airflow/.local/lib/python3.12/site-packages/airflow/example_dags/example_datasets.py
[2024-05-09T09:55:32.857+0000] {processor.py:840} INFO - DAG(s) 'dataset_produces_2', 'dataset_consumes_1_and_2', 'dataset_produces_1', 'dataset_consumes_1', 'consume_1_or_both_2_and_3_with_dataset_expressions', 'dataset_consumes_1_never_scheduled', 'dataset_consumes_unknown_never_scheduled', 'consume_1_or_2_with_dataset_expressions', 'consume_1_and_2_with_dataset_expressions', 'conditional_dataset_and_time_based_timetable' retrieved from /home/airflow/.local/lib/python3.12/site-packages/airflow/example_dags/example_datasets.py
[2024-05-09T09:55:32.898+0000] {logging_mixin.py:188} INFO - [2024-05-09T09:55:32.898+0000] {dag.py:3096} INFO - Sync 10 DAGs
[2024-05-09T09:55:32.922+0000] {logging_mixin.py:188} INFO - [2024-05-09T09:55:32.922+0000] {dag.py:3954} INFO - Setting next_dagrun for conditional_dataset_and_time_based_timetable to 2024-05-08 01:00:00+00:00, run_after=2024-05-08 01:00:00+00:00
[2024-05-09T09:55:32.926+0000] {logging_mixin.py:188} INFO - [2024-05-09T09:55:32.926+0000] {dag.py:3954} INFO - Setting next_dagrun for consume_1_and_2_with_dataset_expressions to None, run_after=None
[2024-05-09T09:55:32.928+0000] {logging_mixin.py:188} INFO - [2024-05-09T09:55:32.927+0000] {dag.py:3954} INFO - Setting next_dagrun for consume_1_or_2_with_dataset_expressions to None, run_after=None
[2024-05-09T09:55:32.929+0000] {logging_mixin.py:188} INFO - [2024-05-09T09:55:32.929+0000] {dag.py:3954} INFO - Setting next_dagrun for consume_1_or_both_2_and_3_with_dataset_expressions to None, run_after=None
[2024-05-09T09:55:32.930+0000] {logging_mixin.py:188} INFO - [2024-05-09T09:55:32.930+0000] {dag.py:3954} INFO - Setting next_dagrun for dataset_consumes_1 to None, run_after=None
[2024-05-09T09:55:32.931+0000] {logging_mixin.py:188} INFO - [2024-05-09T09:55:32.931+0000] {dag.py:3954} INFO - Setting next_dagrun for dataset_consumes_1_and_2 to None, run_after=None
[2024-05-09T09:55:32.933+0000] {logging_mixin.py:188} INFO - [2024-05-09T09:55:32.932+0000] {dag.py:3954} INFO - Setting next_dagrun for dataset_consumes_1_never_scheduled to None, run_after=None
[2024-05-09T09:55:32.934+0000] {logging_mixin.py:188} INFO - [2024-05-09T09:55:32.933+0000] {dag.py:3954} INFO - Setting next_dagrun for dataset_consumes_unknown_never_scheduled to None, run_after=None
[2024-05-09T09:55:32.936+0000] {logging_mixin.py:188} INFO - [2024-05-09T09:55:32.936+0000] {dag.py:3954} INFO - Setting next_dagrun for dataset_produces_1 to 2024-05-08 00:00:00+00:00, run_after=2024-05-09 00:00:00+00:00
[2024-05-09T09:55:32.937+0000] {logging_mixin.py:188} INFO - [2024-05-09T09:55:32.937+0000] {dag.py:3954} INFO - Setting next_dagrun for dataset_produces_2 to None, run_after=None
[2024-05-09T09:55:32.969+0000] {processor.py:183} INFO - Processing /home/airflow/.local/lib/python3.12/site-packages/airflow/example_dags/example_datasets.py took 0.133 seconds
