[2024-05-09T09:53:30.908+0000] {processor.py:161} INFO - Started process (PID=63) to work on /home/airflow/.local/lib/python3.12/site-packages/airflow/example_dags/example_bash_decorator.py
[2024-05-09T09:53:30.908+0000] {processor.py:830} INFO - Processing file /home/airflow/.local/lib/python3.12/site-packages/airflow/example_dags/example_bash_decorator.py for tasks to queue
[2024-05-09T09:53:30.910+0000] {logging_mixin.py:188} INFO - [2024-05-09T09:53:30.910+0000] {dagbag.py:545} INFO - Filling up the DagBag from /home/airflow/.local/lib/python3.12/site-packages/airflow/example_dags/example_bash_decorator.py
[2024-05-09T09:53:30.928+0000] {processor.py:840} INFO - DAG(s) 'example_bash_decorator' retrieved from /home/airflow/.local/lib/python3.12/site-packages/airflow/example_dags/example_bash_decorator.py
[2024-05-09T09:53:30.938+0000] {logging_mixin.py:188} INFO - [2024-05-09T09:53:30.937+0000] {dag.py:3096} INFO - Sync 1 DAGs
[2024-05-09T09:53:30.950+0000] {logging_mixin.py:188} INFO - [2024-05-09T09:53:30.950+0000] {dag.py:3954} INFO - Setting next_dagrun for example_bash_decorator to None, run_after=None
[2024-05-09T09:53:30.984+0000] {processor.py:183} INFO - Processing /home/airflow/.local/lib/python3.12/site-packages/airflow/example_dags/example_bash_decorator.py took 0.081 seconds
[2024-05-09T09:54:02.206+0000] {processor.py:161} INFO - Started process (PID=122) to work on /home/airflow/.local/lib/python3.12/site-packages/airflow/example_dags/example_bash_decorator.py
[2024-05-09T09:54:02.207+0000] {processor.py:830} INFO - Processing file /home/airflow/.local/lib/python3.12/site-packages/airflow/example_dags/example_bash_decorator.py for tasks to queue
[2024-05-09T09:54:02.208+0000] {logging_mixin.py:188} INFO - [2024-05-09T09:54:02.208+0000] {dagbag.py:545} INFO - Filling up the DagBag from /home/airflow/.local/lib/python3.12/site-packages/airflow/example_dags/example_bash_decorator.py
[2024-05-09T09:54:02.219+0000] {processor.py:840} INFO - DAG(s) 'example_bash_decorator' retrieved from /home/airflow/.local/lib/python3.12/site-packages/airflow/example_dags/example_bash_decorator.py
[2024-05-09T09:54:02.308+0000] {logging_mixin.py:188} INFO - [2024-05-09T09:54:02.308+0000] {dag.py:3096} INFO - Sync 1 DAGs
[2024-05-09T09:54:02.317+0000] {logging_mixin.py:188} INFO - [2024-05-09T09:54:02.317+0000] {dag.py:3954} INFO - Setting next_dagrun for example_bash_decorator to None, run_after=None
[2024-05-09T09:54:02.332+0000] {processor.py:183} INFO - Processing /home/airflow/.local/lib/python3.12/site-packages/airflow/example_dags/example_bash_decorator.py took 0.131 seconds
[2024-05-09T09:54:32.405+0000] {processor.py:161} INFO - Started process (PID=180) to work on /home/airflow/.local/lib/python3.12/site-packages/airflow/example_dags/example_bash_decorator.py
[2024-05-09T09:54:32.405+0000] {processor.py:830} INFO - Processing file /home/airflow/.local/lib/python3.12/site-packages/airflow/example_dags/example_bash_decorator.py for tasks to queue
[2024-05-09T09:54:32.407+0000] {logging_mixin.py:188} INFO - [2024-05-09T09:54:32.406+0000] {dagbag.py:545} INFO - Filling up the DagBag from /home/airflow/.local/lib/python3.12/site-packages/airflow/example_dags/example_bash_decorator.py
[2024-05-09T09:54:32.418+0000] {processor.py:840} INFO - DAG(s) 'example_bash_decorator' retrieved from /home/airflow/.local/lib/python3.12/site-packages/airflow/example_dags/example_bash_decorator.py
[2024-05-09T09:54:32.437+0000] {logging_mixin.py:188} INFO - [2024-05-09T09:54:32.437+0000] {dag.py:3096} INFO - Sync 1 DAGs
[2024-05-09T09:54:32.448+0000] {logging_mixin.py:188} INFO - [2024-05-09T09:54:32.448+0000] {dag.py:3954} INFO - Setting next_dagrun for example_bash_decorator to None, run_after=None
[2024-05-09T09:54:32.462+0000] {processor.py:183} INFO - Processing /home/airflow/.local/lib/python3.12/site-packages/airflow/example_dags/example_bash_decorator.py took 0.063 seconds
[2024-05-09T09:55:02.927+0000] {processor.py:161} INFO - Started process (PID=238) to work on /home/airflow/.local/lib/python3.12/site-packages/airflow/example_dags/example_bash_decorator.py
[2024-05-09T09:55:02.927+0000] {processor.py:830} INFO - Processing file /home/airflow/.local/lib/python3.12/site-packages/airflow/example_dags/example_bash_decorator.py for tasks to queue
[2024-05-09T09:55:02.929+0000] {logging_mixin.py:188} INFO - [2024-05-09T09:55:02.929+0000] {dagbag.py:545} INFO - Filling up the DagBag from /home/airflow/.local/lib/python3.12/site-packages/airflow/example_dags/example_bash_decorator.py
[2024-05-09T09:55:02.941+0000] {processor.py:840} INFO - DAG(s) 'example_bash_decorator' retrieved from /home/airflow/.local/lib/python3.12/site-packages/airflow/example_dags/example_bash_decorator.py
[2024-05-09T09:55:02.960+0000] {logging_mixin.py:188} INFO - [2024-05-09T09:55:02.960+0000] {dag.py:3096} INFO - Sync 1 DAGs
[2024-05-09T09:55:02.971+0000] {logging_mixin.py:188} INFO - [2024-05-09T09:55:02.971+0000] {dag.py:3954} INFO - Setting next_dagrun for example_bash_decorator to None, run_after=None
[2024-05-09T09:55:02.986+0000] {processor.py:183} INFO - Processing /home/airflow/.local/lib/python3.12/site-packages/airflow/example_dags/example_bash_decorator.py took 0.064 seconds
[2024-05-09T09:55:33.621+0000] {processor.py:161} INFO - Started process (PID=297) to work on /home/airflow/.local/lib/python3.12/site-packages/airflow/example_dags/example_bash_decorator.py
[2024-05-09T09:55:33.622+0000] {processor.py:830} INFO - Processing file /home/airflow/.local/lib/python3.12/site-packages/airflow/example_dags/example_bash_decorator.py for tasks to queue
[2024-05-09T09:55:33.624+0000] {logging_mixin.py:188} INFO - [2024-05-09T09:55:33.623+0000] {dagbag.py:545} INFO - Filling up the DagBag from /home/airflow/.local/lib/python3.12/site-packages/airflow/example_dags/example_bash_decorator.py
[2024-05-09T09:55:33.636+0000] {processor.py:840} INFO - DAG(s) 'example_bash_decorator' retrieved from /home/airflow/.local/lib/python3.12/site-packages/airflow/example_dags/example_bash_decorator.py
[2024-05-09T09:55:33.656+0000] {logging_mixin.py:188} INFO - [2024-05-09T09:55:33.656+0000] {dag.py:3096} INFO - Sync 1 DAGs
[2024-05-09T09:55:33.668+0000] {logging_mixin.py:188} INFO - [2024-05-09T09:55:33.667+0000] {dag.py:3954} INFO - Setting next_dagrun for example_bash_decorator to None, run_after=None
[2024-05-09T09:55:33.683+0000] {processor.py:183} INFO - Processing /home/airflow/.local/lib/python3.12/site-packages/airflow/example_dags/example_bash_decorator.py took 0.067 seconds
