[2024-05-09T09:53:30.685+0000] {processor.py:161} INFO - Started process (PID=60) to work on /home/airflow/.local/lib/python3.12/site-packages/airflow/example_dags/example_branch_python_dop_operator_3.py
[2024-05-09T09:53:30.686+0000] {processor.py:830} INFO - Processing file /home/airflow/.local/lib/python3.12/site-packages/airflow/example_dags/example_branch_python_dop_operator_3.py for tasks to queue
[2024-05-09T09:53:30.688+0000] {logging_mixin.py:188} INFO - [2024-05-09T09:53:30.687+0000] {dagbag.py:545} INFO - Filling up the DagBag from /home/airflow/.local/lib/python3.12/site-packages/airflow/example_dags/example_branch_python_dop_operator_3.py
[2024-05-09T09:53:30.696+0000] {processor.py:840} INFO - DAG(s) 'example_branch_dop_operator_v3' retrieved from /home/airflow/.local/lib/python3.12/site-packages/airflow/example_dags/example_branch_python_dop_operator_3.py
[2024-05-09T09:53:30.715+0000] {logging_mixin.py:188} INFO - [2024-05-09T09:53:30.714+0000] {dag.py:3096} INFO - Sync 1 DAGs
[2024-05-09T09:53:30.744+0000] {logging_mixin.py:188} INFO - [2024-05-09T09:53:30.744+0000] {dag.py:3954} INFO - Setting next_dagrun for example_branch_dop_operator_v3 to 2024-05-09 09:52:00+00:00, run_after=2024-05-09 09:53:00+00:00
[2024-05-09T09:53:30.761+0000] {processor.py:183} INFO - Processing /home/airflow/.local/lib/python3.12/site-packages/airflow/example_dags/example_branch_python_dop_operator_3.py took 0.080 seconds
[2024-05-09T09:54:02.023+0000] {processor.py:161} INFO - Started process (PID=119) to work on /home/airflow/.local/lib/python3.12/site-packages/airflow/example_dags/example_branch_python_dop_operator_3.py
[2024-05-09T09:54:02.024+0000] {processor.py:830} INFO - Processing file /home/airflow/.local/lib/python3.12/site-packages/airflow/example_dags/example_branch_python_dop_operator_3.py for tasks to queue
[2024-05-09T09:54:02.025+0000] {logging_mixin.py:188} INFO - [2024-05-09T09:54:02.025+0000] {dagbag.py:545} INFO - Filling up the DagBag from /home/airflow/.local/lib/python3.12/site-packages/airflow/example_dags/example_branch_python_dop_operator_3.py
[2024-05-09T09:54:02.033+0000] {processor.py:840} INFO - DAG(s) 'example_branch_dop_operator_v3' retrieved from /home/airflow/.local/lib/python3.12/site-packages/airflow/example_dags/example_branch_python_dop_operator_3.py
[2024-05-09T09:54:02.119+0000] {logging_mixin.py:188} INFO - [2024-05-09T09:54:02.118+0000] {dag.py:3096} INFO - Sync 1 DAGs
[2024-05-09T09:54:02.138+0000] {logging_mixin.py:188} INFO - [2024-05-09T09:54:02.138+0000] {dag.py:3954} INFO - Setting next_dagrun for example_branch_dop_operator_v3 to 2024-05-09 09:53:00+00:00, run_after=2024-05-09 09:54:00+00:00
[2024-05-09T09:54:02.153+0000] {processor.py:183} INFO - Processing /home/airflow/.local/lib/python3.12/site-packages/airflow/example_dags/example_branch_python_dop_operator_3.py took 0.135 seconds
[2024-05-09T09:54:32.290+0000] {processor.py:161} INFO - Started process (PID=177) to work on /home/airflow/.local/lib/python3.12/site-packages/airflow/example_dags/example_branch_python_dop_operator_3.py
[2024-05-09T09:54:32.291+0000] {processor.py:830} INFO - Processing file /home/airflow/.local/lib/python3.12/site-packages/airflow/example_dags/example_branch_python_dop_operator_3.py for tasks to queue
[2024-05-09T09:54:32.292+0000] {logging_mixin.py:188} INFO - [2024-05-09T09:54:32.292+0000] {dagbag.py:545} INFO - Filling up the DagBag from /home/airflow/.local/lib/python3.12/site-packages/airflow/example_dags/example_branch_python_dop_operator_3.py
[2024-05-09T09:54:32.300+0000] {processor.py:840} INFO - DAG(s) 'example_branch_dop_operator_v3' retrieved from /home/airflow/.local/lib/python3.12/site-packages/airflow/example_dags/example_branch_python_dop_operator_3.py
[2024-05-09T09:54:32.315+0000] {logging_mixin.py:188} INFO - [2024-05-09T09:54:32.315+0000] {dag.py:3096} INFO - Sync 1 DAGs
[2024-05-09T09:54:32.343+0000] {logging_mixin.py:188} INFO - [2024-05-09T09:54:32.343+0000] {dag.py:3954} INFO - Setting next_dagrun for example_branch_dop_operator_v3 to 2024-05-09 09:53:00+00:00, run_after=2024-05-09 09:54:00+00:00
[2024-05-09T09:54:32.359+0000] {processor.py:183} INFO - Processing /home/airflow/.local/lib/python3.12/site-packages/airflow/example_dags/example_branch_python_dop_operator_3.py took 0.075 seconds
[2024-05-09T09:55:02.778+0000] {processor.py:161} INFO - Started process (PID=235) to work on /home/airflow/.local/lib/python3.12/site-packages/airflow/example_dags/example_branch_python_dop_operator_3.py
[2024-05-09T09:55:02.778+0000] {processor.py:830} INFO - Processing file /home/airflow/.local/lib/python3.12/site-packages/airflow/example_dags/example_branch_python_dop_operator_3.py for tasks to queue
[2024-05-09T09:55:02.780+0000] {logging_mixin.py:188} INFO - [2024-05-09T09:55:02.779+0000] {dagbag.py:545} INFO - Filling up the DagBag from /home/airflow/.local/lib/python3.12/site-packages/airflow/example_dags/example_branch_python_dop_operator_3.py
[2024-05-09T09:55:02.788+0000] {processor.py:840} INFO - DAG(s) 'example_branch_dop_operator_v3' retrieved from /home/airflow/.local/lib/python3.12/site-packages/airflow/example_dags/example_branch_python_dop_operator_3.py
[2024-05-09T09:55:02.807+0000] {logging_mixin.py:188} INFO - [2024-05-09T09:55:02.806+0000] {dag.py:3096} INFO - Sync 1 DAGs
[2024-05-09T09:55:02.829+0000] {logging_mixin.py:188} INFO - [2024-05-09T09:55:02.829+0000] {dag.py:3954} INFO - Setting next_dagrun for example_branch_dop_operator_v3 to 2024-05-09 09:54:00+00:00, run_after=2024-05-09 09:55:00+00:00
[2024-05-09T09:55:02.845+0000] {processor.py:183} INFO - Processing /home/airflow/.local/lib/python3.12/site-packages/airflow/example_dags/example_branch_python_dop_operator_3.py took 0.072 seconds
[2024-05-09T09:55:33.453+0000] {processor.py:161} INFO - Started process (PID=294) to work on /home/airflow/.local/lib/python3.12/site-packages/airflow/example_dags/example_branch_python_dop_operator_3.py
[2024-05-09T09:55:33.453+0000] {processor.py:830} INFO - Processing file /home/airflow/.local/lib/python3.12/site-packages/airflow/example_dags/example_branch_python_dop_operator_3.py for tasks to queue
[2024-05-09T09:55:33.456+0000] {logging_mixin.py:188} INFO - [2024-05-09T09:55:33.455+0000] {dagbag.py:545} INFO - Filling up the DagBag from /home/airflow/.local/lib/python3.12/site-packages/airflow/example_dags/example_branch_python_dop_operator_3.py
[2024-05-09T09:55:33.464+0000] {processor.py:840} INFO - DAG(s) 'example_branch_dop_operator_v3' retrieved from /home/airflow/.local/lib/python3.12/site-packages/airflow/example_dags/example_branch_python_dop_operator_3.py
[2024-05-09T09:55:33.486+0000] {logging_mixin.py:188} INFO - [2024-05-09T09:55:33.486+0000] {dag.py:3096} INFO - Sync 1 DAGs
[2024-05-09T09:55:33.515+0000] {logging_mixin.py:188} INFO - [2024-05-09T09:55:33.515+0000] {dag.py:3954} INFO - Setting next_dagrun for example_branch_dop_operator_v3 to 2024-05-09 09:54:00+00:00, run_after=2024-05-09 09:55:00+00:00
[2024-05-09T09:55:33.531+0000] {processor.py:183} INFO - Processing /home/airflow/.local/lib/python3.12/site-packages/airflow/example_dags/example_branch_python_dop_operator_3.py took 0.084 seconds
