[2024-05-09T09:53:30.220+0000] {processor.py:161} INFO - Started process (PID=52) to work on /home/airflow/.local/lib/python3.12/site-packages/airflow/example_dags/example_branch_labels.py
[2024-05-09T09:53:30.221+0000] {processor.py:830} INFO - Processing file /home/airflow/.local/lib/python3.12/site-packages/airflow/example_dags/example_branch_labels.py for tasks to queue
[2024-05-09T09:53:30.223+0000] {logging_mixin.py:188} INFO - [2024-05-09T09:53:30.223+0000] {dagbag.py:545} INFO - Filling up the DagBag from /home/airflow/.local/lib/python3.12/site-packages/airflow/example_dags/example_branch_labels.py
[2024-05-09T09:53:30.232+0000] {processor.py:840} INFO - DAG(s) 'example_branch_labels' retrieved from /home/airflow/.local/lib/python3.12/site-packages/airflow/example_dags/example_branch_labels.py
[2024-05-09T09:53:30.245+0000] {logging_mixin.py:188} INFO - [2024-05-09T09:53:30.245+0000] {dag.py:3096} INFO - Sync 1 DAGs
[2024-05-09T09:53:30.267+0000] {logging_mixin.py:188} INFO - [2024-05-09T09:53:30.267+0000] {dag.py:3954} INFO - Setting next_dagrun for example_branch_labels to 2024-05-08 00:00:00+00:00, run_after=2024-05-09 00:00:00+00:00
[2024-05-09T09:53:30.288+0000] {processor.py:183} INFO - Processing /home/airflow/.local/lib/python3.12/site-packages/airflow/example_dags/example_branch_labels.py took 0.073 seconds
[2024-05-09T09:54:01.221+0000] {processor.py:161} INFO - Started process (PID=111) to work on /home/airflow/.local/lib/python3.12/site-packages/airflow/example_dags/example_branch_labels.py
[2024-05-09T09:54:01.222+0000] {processor.py:830} INFO - Processing file /home/airflow/.local/lib/python3.12/site-packages/airflow/example_dags/example_branch_labels.py for tasks to queue
[2024-05-09T09:54:01.224+0000] {logging_mixin.py:188} INFO - [2024-05-09T09:54:01.224+0000] {dagbag.py:545} INFO - Filling up the DagBag from /home/airflow/.local/lib/python3.12/site-packages/airflow/example_dags/example_branch_labels.py
[2024-05-09T09:54:01.232+0000] {processor.py:840} INFO - DAG(s) 'example_branch_labels' retrieved from /home/airflow/.local/lib/python3.12/site-packages/airflow/example_dags/example_branch_labels.py
[2024-05-09T09:54:01.321+0000] {logging_mixin.py:188} INFO - [2024-05-09T09:54:01.321+0000] {dag.py:3096} INFO - Sync 1 DAGs
[2024-05-09T09:54:01.343+0000] {logging_mixin.py:188} INFO - [2024-05-09T09:54:01.343+0000] {dag.py:3954} INFO - Setting next_dagrun for example_branch_labels to 2024-05-08 00:00:00+00:00, run_after=2024-05-09 00:00:00+00:00
[2024-05-09T09:54:01.359+0000] {processor.py:183} INFO - Processing /home/airflow/.local/lib/python3.12/site-packages/airflow/example_dags/example_branch_labels.py took 0.144 seconds
[2024-05-09T09:54:31.945+0000] {processor.py:161} INFO - Started process (PID=169) to work on /home/airflow/.local/lib/python3.12/site-packages/airflow/example_dags/example_branch_labels.py
[2024-05-09T09:54:31.945+0000] {processor.py:830} INFO - Processing file /home/airflow/.local/lib/python3.12/site-packages/airflow/example_dags/example_branch_labels.py for tasks to queue
[2024-05-09T09:54:31.947+0000] {logging_mixin.py:188} INFO - [2024-05-09T09:54:31.947+0000] {dagbag.py:545} INFO - Filling up the DagBag from /home/airflow/.local/lib/python3.12/site-packages/airflow/example_dags/example_branch_labels.py
[2024-05-09T09:54:31.956+0000] {processor.py:840} INFO - DAG(s) 'example_branch_labels' retrieved from /home/airflow/.local/lib/python3.12/site-packages/airflow/example_dags/example_branch_labels.py
[2024-05-09T09:54:31.976+0000] {logging_mixin.py:188} INFO - [2024-05-09T09:54:31.976+0000] {dag.py:3096} INFO - Sync 1 DAGs
[2024-05-09T09:54:31.996+0000] {logging_mixin.py:188} INFO - [2024-05-09T09:54:31.996+0000] {dag.py:3954} INFO - Setting next_dagrun for example_branch_labels to 2024-05-08 00:00:00+00:00, run_after=2024-05-09 00:00:00+00:00
[2024-05-09T09:54:32.011+0000] {processor.py:183} INFO - Processing /home/airflow/.local/lib/python3.12/site-packages/airflow/example_dags/example_branch_labels.py took 0.071 seconds
[2024-05-09T09:55:02.419+0000] {processor.py:161} INFO - Started process (PID=227) to work on /home/airflow/.local/lib/python3.12/site-packages/airflow/example_dags/example_branch_labels.py
[2024-05-09T09:55:02.420+0000] {processor.py:830} INFO - Processing file /home/airflow/.local/lib/python3.12/site-packages/airflow/example_dags/example_branch_labels.py for tasks to queue
[2024-05-09T09:55:02.422+0000] {logging_mixin.py:188} INFO - [2024-05-09T09:55:02.421+0000] {dagbag.py:545} INFO - Filling up the DagBag from /home/airflow/.local/lib/python3.12/site-packages/airflow/example_dags/example_branch_labels.py
[2024-05-09T09:55:02.429+0000] {processor.py:840} INFO - DAG(s) 'example_branch_labels' retrieved from /home/airflow/.local/lib/python3.12/site-packages/airflow/example_dags/example_branch_labels.py
[2024-05-09T09:55:02.447+0000] {logging_mixin.py:188} INFO - [2024-05-09T09:55:02.447+0000] {dag.py:3096} INFO - Sync 1 DAGs
[2024-05-09T09:55:02.469+0000] {logging_mixin.py:188} INFO - [2024-05-09T09:55:02.469+0000] {dag.py:3954} INFO - Setting next_dagrun for example_branch_labels to 2024-05-08 00:00:00+00:00, run_after=2024-05-09 00:00:00+00:00
[2024-05-09T09:55:02.488+0000] {processor.py:183} INFO - Processing /home/airflow/.local/lib/python3.12/site-packages/airflow/example_dags/example_branch_labels.py took 0.074 seconds
[2024-05-09T09:55:33.093+0000] {processor.py:161} INFO - Started process (PID=286) to work on /home/airflow/.local/lib/python3.12/site-packages/airflow/example_dags/example_branch_labels.py
[2024-05-09T09:55:33.094+0000] {processor.py:830} INFO - Processing file /home/airflow/.local/lib/python3.12/site-packages/airflow/example_dags/example_branch_labels.py for tasks to queue
[2024-05-09T09:55:33.096+0000] {logging_mixin.py:188} INFO - [2024-05-09T09:55:33.096+0000] {dagbag.py:545} INFO - Filling up the DagBag from /home/airflow/.local/lib/python3.12/site-packages/airflow/example_dags/example_branch_labels.py
[2024-05-09T09:55:33.103+0000] {processor.py:840} INFO - DAG(s) 'example_branch_labels' retrieved from /home/airflow/.local/lib/python3.12/site-packages/airflow/example_dags/example_branch_labels.py
[2024-05-09T09:55:33.121+0000] {logging_mixin.py:188} INFO - [2024-05-09T09:55:33.121+0000] {dag.py:3096} INFO - Sync 1 DAGs
[2024-05-09T09:55:33.144+0000] {logging_mixin.py:188} INFO - [2024-05-09T09:55:33.144+0000] {dag.py:3954} INFO - Setting next_dagrun for example_branch_labels to 2024-05-08 00:00:00+00:00, run_after=2024-05-09 00:00:00+00:00
[2024-05-09T09:55:33.164+0000] {processor.py:183} INFO - Processing /home/airflow/.local/lib/python3.12/site-packages/airflow/example_dags/example_branch_labels.py took 0.087 seconds
