[2024-05-09T09:53:29.606+0000] {processor.py:161} INFO - Started process (PID=43) to work on /home/airflow/.local/lib/python3.12/site-packages/airflow/example_dags/example_external_task_marker_dag.py
[2024-05-09T09:53:29.607+0000] {processor.py:830} INFO - Processing file /home/airflow/.local/lib/python3.12/site-packages/airflow/example_dags/example_external_task_marker_dag.py for tasks to queue
[2024-05-09T09:53:29.608+0000] {logging_mixin.py:188} INFO - [2024-05-09T09:53:29.608+0000] {dagbag.py:545} INFO - Filling up the DagBag from /home/airflow/.local/lib/python3.12/site-packages/airflow/example_dags/example_external_task_marker_dag.py
[2024-05-09T09:53:29.620+0000] {processor.py:840} INFO - DAG(s) 'example_external_task_marker_child', 'example_external_task_marker_parent' retrieved from /home/airflow/.local/lib/python3.12/site-packages/airflow/example_dags/example_external_task_marker_dag.py
[2024-05-09T09:53:29.645+0000] {logging_mixin.py:188} INFO - [2024-05-09T09:53:29.644+0000] {dag.py:3096} INFO - Sync 2 DAGs
[2024-05-09T09:53:29.668+0000] {logging_mixin.py:188} INFO - [2024-05-09T09:53:29.668+0000] {dag.py:3954} INFO - Setting next_dagrun for example_external_task_marker_child to None, run_after=None
[2024-05-09T09:53:29.675+0000] {logging_mixin.py:188} INFO - [2024-05-09T09:53:29.674+0000] {dag.py:3954} INFO - Setting next_dagrun for example_external_task_marker_parent to None, run_after=None
[2024-05-09T09:53:29.693+0000] {processor.py:183} INFO - Processing /home/airflow/.local/lib/python3.12/site-packages/airflow/example_dags/example_external_task_marker_dag.py took 0.092 seconds
[2024-05-09T09:54:00.330+0000] {processor.py:161} INFO - Started process (PID=102) to work on /home/airflow/.local/lib/python3.12/site-packages/airflow/example_dags/example_external_task_marker_dag.py
[2024-05-09T09:54:00.330+0000] {processor.py:830} INFO - Processing file /home/airflow/.local/lib/python3.12/site-packages/airflow/example_dags/example_external_task_marker_dag.py for tasks to queue
[2024-05-09T09:54:00.332+0000] {logging_mixin.py:188} INFO - [2024-05-09T09:54:00.332+0000] {dagbag.py:545} INFO - Filling up the DagBag from /home/airflow/.local/lib/python3.12/site-packages/airflow/example_dags/example_external_task_marker_dag.py
[2024-05-09T09:54:00.339+0000] {processor.py:840} INFO - DAG(s) 'example_external_task_marker_parent', 'example_external_task_marker_child' retrieved from /home/airflow/.local/lib/python3.12/site-packages/airflow/example_dags/example_external_task_marker_dag.py
[2024-05-09T09:54:00.445+0000] {logging_mixin.py:188} INFO - [2024-05-09T09:54:00.445+0000] {dag.py:3096} INFO - Sync 2 DAGs
[2024-05-09T09:54:00.458+0000] {logging_mixin.py:188} INFO - [2024-05-09T09:54:00.457+0000] {dag.py:3954} INFO - Setting next_dagrun for example_external_task_marker_child to None, run_after=None
[2024-05-09T09:54:00.461+0000] {logging_mixin.py:188} INFO - [2024-05-09T09:54:00.461+0000] {dag.py:3954} INFO - Setting next_dagrun for example_external_task_marker_parent to None, run_after=None
[2024-05-09T09:54:00.480+0000] {processor.py:183} INFO - Processing /home/airflow/.local/lib/python3.12/site-packages/airflow/example_dags/example_external_task_marker_dag.py took 0.155 seconds
[2024-05-09T09:54:31.428+0000] {processor.py:161} INFO - Started process (PID=160) to work on /home/airflow/.local/lib/python3.12/site-packages/airflow/example_dags/example_external_task_marker_dag.py
[2024-05-09T09:54:31.428+0000] {processor.py:830} INFO - Processing file /home/airflow/.local/lib/python3.12/site-packages/airflow/example_dags/example_external_task_marker_dag.py for tasks to queue
[2024-05-09T09:54:31.432+0000] {logging_mixin.py:188} INFO - [2024-05-09T09:54:31.431+0000] {dagbag.py:545} INFO - Filling up the DagBag from /home/airflow/.local/lib/python3.12/site-packages/airflow/example_dags/example_external_task_marker_dag.py
[2024-05-09T09:54:31.437+0000] {processor.py:840} INFO - DAG(s) 'example_external_task_marker_child', 'example_external_task_marker_parent' retrieved from /home/airflow/.local/lib/python3.12/site-packages/airflow/example_dags/example_external_task_marker_dag.py
[2024-05-09T09:54:31.465+0000] {logging_mixin.py:188} INFO - [2024-05-09T09:54:31.465+0000] {dag.py:3096} INFO - Sync 2 DAGs
[2024-05-09T09:54:31.477+0000] {logging_mixin.py:188} INFO - [2024-05-09T09:54:31.477+0000] {dag.py:3954} INFO - Setting next_dagrun for example_external_task_marker_child to None, run_after=None
[2024-05-09T09:54:31.480+0000] {logging_mixin.py:188} INFO - [2024-05-09T09:54:31.480+0000] {dag.py:3954} INFO - Setting next_dagrun for example_external_task_marker_parent to None, run_after=None
[2024-05-09T09:54:31.493+0000] {processor.py:183} INFO - Processing /home/airflow/.local/lib/python3.12/site-packages/airflow/example_dags/example_external_task_marker_dag.py took 0.070 seconds
[2024-05-09T09:55:01.955+0000] {processor.py:161} INFO - Started process (PID=218) to work on /home/airflow/.local/lib/python3.12/site-packages/airflow/example_dags/example_external_task_marker_dag.py
[2024-05-09T09:55:01.955+0000] {processor.py:830} INFO - Processing file /home/airflow/.local/lib/python3.12/site-packages/airflow/example_dags/example_external_task_marker_dag.py for tasks to queue
[2024-05-09T09:55:01.957+0000] {logging_mixin.py:188} INFO - [2024-05-09T09:55:01.956+0000] {dagbag.py:545} INFO - Filling up the DagBag from /home/airflow/.local/lib/python3.12/site-packages/airflow/example_dags/example_external_task_marker_dag.py
[2024-05-09T09:55:01.962+0000] {processor.py:840} INFO - DAG(s) 'example_external_task_marker_parent', 'example_external_task_marker_child' retrieved from /home/airflow/.local/lib/python3.12/site-packages/airflow/example_dags/example_external_task_marker_dag.py
[2024-05-09T09:55:01.982+0000] {logging_mixin.py:188} INFO - [2024-05-09T09:55:01.982+0000] {dag.py:3096} INFO - Sync 2 DAGs
[2024-05-09T09:55:01.994+0000] {logging_mixin.py:188} INFO - [2024-05-09T09:55:01.994+0000] {dag.py:3954} INFO - Setting next_dagrun for example_external_task_marker_child to None, run_after=None
[2024-05-09T09:55:01.997+0000] {logging_mixin.py:188} INFO - [2024-05-09T09:55:01.997+0000] {dag.py:3954} INFO - Setting next_dagrun for example_external_task_marker_parent to None, run_after=None
[2024-05-09T09:55:02.017+0000] {processor.py:183} INFO - Processing /home/airflow/.local/lib/python3.12/site-packages/airflow/example_dags/example_external_task_marker_dag.py took 0.068 seconds
[2024-05-09T09:55:32.501+0000] {processor.py:161} INFO - Started process (PID=277) to work on /home/airflow/.local/lib/python3.12/site-packages/airflow/example_dags/example_external_task_marker_dag.py
[2024-05-09T09:55:32.501+0000] {processor.py:830} INFO - Processing file /home/airflow/.local/lib/python3.12/site-packages/airflow/example_dags/example_external_task_marker_dag.py for tasks to queue
[2024-05-09T09:55:32.504+0000] {logging_mixin.py:188} INFO - [2024-05-09T09:55:32.504+0000] {dagbag.py:545} INFO - Filling up the DagBag from /home/airflow/.local/lib/python3.12/site-packages/airflow/example_dags/example_external_task_marker_dag.py
[2024-05-09T09:55:32.516+0000] {processor.py:840} INFO - DAG(s) 'example_external_task_marker_parent', 'example_external_task_marker_child' retrieved from /home/airflow/.local/lib/python3.12/site-packages/airflow/example_dags/example_external_task_marker_dag.py
[2024-05-09T09:55:32.563+0000] {logging_mixin.py:188} INFO - [2024-05-09T09:55:32.562+0000] {dag.py:3096} INFO - Sync 2 DAGs
[2024-05-09T09:55:32.578+0000] {logging_mixin.py:188} INFO - [2024-05-09T09:55:32.578+0000] {dag.py:3954} INFO - Setting next_dagrun for example_external_task_marker_child to None, run_after=None
[2024-05-09T09:55:32.604+0000] {logging_mixin.py:188} INFO - [2024-05-09T09:55:32.604+0000] {dag.py:3954} INFO - Setting next_dagrun for example_external_task_marker_parent to None, run_after=None
[2024-05-09T09:55:32.618+0000] {processor.py:183} INFO - Processing /home/airflow/.local/lib/python3.12/site-packages/airflow/example_dags/example_external_task_marker_dag.py took 0.126 seconds
