[2024-05-09T09:53:31.205+0000] {processor.py:161} INFO - Started process (PID=68) to work on /home/airflow/.local/lib/python3.12/site-packages/airflow/example_dags/example_setup_teardown.py
[2024-05-09T09:53:31.205+0000] {processor.py:830} INFO - Processing file /home/airflow/.local/lib/python3.12/site-packages/airflow/example_dags/example_setup_teardown.py for tasks to queue
[2024-05-09T09:53:31.207+0000] {logging_mixin.py:188} INFO - [2024-05-09T09:53:31.207+0000] {dagbag.py:545} INFO - Filling up the DagBag from /home/airflow/.local/lib/python3.12/site-packages/airflow/example_dags/example_setup_teardown.py
[2024-05-09T09:53:31.214+0000] {processor.py:840} INFO - DAG(s) 'example_setup_teardown' retrieved from /home/airflow/.local/lib/python3.12/site-packages/airflow/example_dags/example_setup_teardown.py
[2024-05-09T09:53:31.223+0000] {logging_mixin.py:188} INFO - [2024-05-09T09:53:31.222+0000] {dag.py:3096} INFO - Sync 1 DAGs
[2024-05-09T09:53:31.246+0000] {logging_mixin.py:188} INFO - [2024-05-09T09:53:31.246+0000] {dag.py:3954} INFO - Setting next_dagrun for example_setup_teardown to 2024-05-08 00:00:00+00:00, run_after=2024-05-09 00:00:00+00:00
[2024-05-09T09:53:31.263+0000] {processor.py:183} INFO - Processing /home/airflow/.local/lib/python3.12/site-packages/airflow/example_dags/example_setup_teardown.py took 0.072 seconds
[2024-05-09T09:54:02.663+0000] {processor.py:161} INFO - Started process (PID=127) to work on /home/airflow/.local/lib/python3.12/site-packages/airflow/example_dags/example_setup_teardown.py
[2024-05-09T09:54:02.664+0000] {processor.py:830} INFO - Processing file /home/airflow/.local/lib/python3.12/site-packages/airflow/example_dags/example_setup_teardown.py for tasks to queue
[2024-05-09T09:54:02.665+0000] {logging_mixin.py:188} INFO - [2024-05-09T09:54:02.665+0000] {dagbag.py:545} INFO - Filling up the DagBag from /home/airflow/.local/lib/python3.12/site-packages/airflow/example_dags/example_setup_teardown.py
[2024-05-09T09:54:02.671+0000] {processor.py:840} INFO - DAG(s) 'example_setup_teardown' retrieved from /home/airflow/.local/lib/python3.12/site-packages/airflow/example_dags/example_setup_teardown.py
[2024-05-09T09:54:02.757+0000] {logging_mixin.py:188} INFO - [2024-05-09T09:54:02.756+0000] {dag.py:3096} INFO - Sync 1 DAGs
[2024-05-09T09:54:02.774+0000] {logging_mixin.py:188} INFO - [2024-05-09T09:54:02.773+0000] {dag.py:3954} INFO - Setting next_dagrun for example_setup_teardown to 2024-05-08 00:00:00+00:00, run_after=2024-05-09 00:00:00+00:00
[2024-05-09T09:54:02.791+0000] {processor.py:183} INFO - Processing /home/airflow/.local/lib/python3.12/site-packages/airflow/example_dags/example_setup_teardown.py took 0.133 seconds
[2024-05-09T09:54:33.573+0000] {processor.py:161} INFO - Started process (PID=185) to work on /home/airflow/.local/lib/python3.12/site-packages/airflow/example_dags/example_setup_teardown.py
[2024-05-09T09:54:33.574+0000] {processor.py:830} INFO - Processing file /home/airflow/.local/lib/python3.12/site-packages/airflow/example_dags/example_setup_teardown.py for tasks to queue
[2024-05-09T09:54:33.575+0000] {logging_mixin.py:188} INFO - [2024-05-09T09:54:33.575+0000] {dagbag.py:545} INFO - Filling up the DagBag from /home/airflow/.local/lib/python3.12/site-packages/airflow/example_dags/example_setup_teardown.py
[2024-05-09T09:54:33.581+0000] {processor.py:840} INFO - DAG(s) 'example_setup_teardown' retrieved from /home/airflow/.local/lib/python3.12/site-packages/airflow/example_dags/example_setup_teardown.py
[2024-05-09T09:54:33.597+0000] {logging_mixin.py:188} INFO - [2024-05-09T09:54:33.597+0000] {dag.py:3096} INFO - Sync 1 DAGs
[2024-05-09T09:54:33.615+0000] {logging_mixin.py:188} INFO - [2024-05-09T09:54:33.615+0000] {dag.py:3954} INFO - Setting next_dagrun for example_setup_teardown to 2024-05-08 00:00:00+00:00, run_after=2024-05-09 00:00:00+00:00
[2024-05-09T09:54:33.632+0000] {processor.py:183} INFO - Processing /home/airflow/.local/lib/python3.12/site-packages/airflow/example_dags/example_setup_teardown.py took 0.064 seconds
[2024-05-09T09:55:04.156+0000] {processor.py:161} INFO - Started process (PID=243) to work on /home/airflow/.local/lib/python3.12/site-packages/airflow/example_dags/example_setup_teardown.py
[2024-05-09T09:55:04.157+0000] {processor.py:830} INFO - Processing file /home/airflow/.local/lib/python3.12/site-packages/airflow/example_dags/example_setup_teardown.py for tasks to queue
[2024-05-09T09:55:04.158+0000] {logging_mixin.py:188} INFO - [2024-05-09T09:55:04.158+0000] {dagbag.py:545} INFO - Filling up the DagBag from /home/airflow/.local/lib/python3.12/site-packages/airflow/example_dags/example_setup_teardown.py
[2024-05-09T09:55:04.165+0000] {processor.py:840} INFO - DAG(s) 'example_setup_teardown' retrieved from /home/airflow/.local/lib/python3.12/site-packages/airflow/example_dags/example_setup_teardown.py
[2024-05-09T09:55:04.182+0000] {logging_mixin.py:188} INFO - [2024-05-09T09:55:04.182+0000] {dag.py:3096} INFO - Sync 1 DAGs
[2024-05-09T09:55:04.221+0000] {logging_mixin.py:188} INFO - [2024-05-09T09:55:04.221+0000] {dag.py:3954} INFO - Setting next_dagrun for example_setup_teardown to 2024-05-08 00:00:00+00:00, run_after=2024-05-09 00:00:00+00:00
[2024-05-09T09:55:04.238+0000] {processor.py:183} INFO - Processing /home/airflow/.local/lib/python3.12/site-packages/airflow/example_dags/example_setup_teardown.py took 0.091 seconds
[2024-05-09T09:55:34.855+0000] {processor.py:161} INFO - Started process (PID=302) to work on /home/airflow/.local/lib/python3.12/site-packages/airflow/example_dags/example_setup_teardown.py
[2024-05-09T09:55:34.856+0000] {processor.py:830} INFO - Processing file /home/airflow/.local/lib/python3.12/site-packages/airflow/example_dags/example_setup_teardown.py for tasks to queue
[2024-05-09T09:55:34.857+0000] {logging_mixin.py:188} INFO - [2024-05-09T09:55:34.857+0000] {dagbag.py:545} INFO - Filling up the DagBag from /home/airflow/.local/lib/python3.12/site-packages/airflow/example_dags/example_setup_teardown.py
[2024-05-09T09:55:34.863+0000] {processor.py:840} INFO - DAG(s) 'example_setup_teardown' retrieved from /home/airflow/.local/lib/python3.12/site-packages/airflow/example_dags/example_setup_teardown.py
[2024-05-09T09:55:34.881+0000] {logging_mixin.py:188} INFO - [2024-05-09T09:55:34.881+0000] {dag.py:3096} INFO - Sync 1 DAGs
[2024-05-09T09:55:34.899+0000] {logging_mixin.py:188} INFO - [2024-05-09T09:55:34.899+0000] {dag.py:3954} INFO - Setting next_dagrun for example_setup_teardown to 2024-05-08 00:00:00+00:00, run_after=2024-05-09 00:00:00+00:00
[2024-05-09T09:55:34.914+0000] {processor.py:183} INFO - Processing /home/airflow/.local/lib/python3.12/site-packages/airflow/example_dags/example_setup_teardown.py took 0.064 seconds
