[2024-05-09T09:53:30.603+0000] {processor.py:161} INFO - Started process (PID=59) to work on /home/airflow/.local/lib/python3.12/site-packages/airflow/example_dags/example_display_name.py
[2024-05-09T09:53:30.605+0000] {processor.py:830} INFO - Processing file /home/airflow/.local/lib/python3.12/site-packages/airflow/example_dags/example_display_name.py for tasks to queue
[2024-05-09T09:53:30.606+0000] {logging_mixin.py:188} INFO - [2024-05-09T09:53:30.606+0000] {dagbag.py:545} INFO - Filling up the DagBag from /home/airflow/.local/lib/python3.12/site-packages/airflow/example_dags/example_display_name.py
[2024-05-09T09:53:30.613+0000] {processor.py:840} INFO - DAG(s) 'example_display_name' retrieved from /home/airflow/.local/lib/python3.12/site-packages/airflow/example_dags/example_display_name.py
[2024-05-09T09:53:30.631+0000] {logging_mixin.py:188} INFO - [2024-05-09T09:53:30.630+0000] {dag.py:3096} INFO - Sync 1 DAGs
[2024-05-09T09:53:30.645+0000] {logging_mixin.py:188} INFO - [2024-05-09T09:53:30.645+0000] {dag.py:3954} INFO - Setting next_dagrun for example_display_name to None, run_after=None
[2024-05-09T09:53:30.662+0000] {processor.py:183} INFO - Processing /home/airflow/.local/lib/python3.12/site-packages/airflow/example_dags/example_display_name.py took 0.065 seconds
[2024-05-09T09:54:01.877+0000] {processor.py:161} INFO - Started process (PID=118) to work on /home/airflow/.local/lib/python3.12/site-packages/airflow/example_dags/example_display_name.py
[2024-05-09T09:54:01.878+0000] {processor.py:830} INFO - Processing file /home/airflow/.local/lib/python3.12/site-packages/airflow/example_dags/example_display_name.py for tasks to queue
[2024-05-09T09:54:01.880+0000] {logging_mixin.py:188} INFO - [2024-05-09T09:54:01.879+0000] {dagbag.py:545} INFO - Filling up the DagBag from /home/airflow/.local/lib/python3.12/site-packages/airflow/example_dags/example_display_name.py
[2024-05-09T09:54:01.885+0000] {processor.py:840} INFO - DAG(s) 'example_display_name' retrieved from /home/airflow/.local/lib/python3.12/site-packages/airflow/example_dags/example_display_name.py
[2024-05-09T09:54:01.980+0000] {logging_mixin.py:188} INFO - [2024-05-09T09:54:01.980+0000] {dag.py:3096} INFO - Sync 1 DAGs
[2024-05-09T09:54:01.990+0000] {logging_mixin.py:188} INFO - [2024-05-09T09:54:01.990+0000] {dag.py:3954} INFO - Setting next_dagrun for example_display_name to None, run_after=None
[2024-05-09T09:54:02.005+0000] {processor.py:183} INFO - Processing /home/airflow/.local/lib/python3.12/site-packages/airflow/example_dags/example_display_name.py took 0.132 seconds
[2024-05-09T09:54:32.226+0000] {processor.py:161} INFO - Started process (PID=176) to work on /home/airflow/.local/lib/python3.12/site-packages/airflow/example_dags/example_display_name.py
[2024-05-09T09:54:32.227+0000] {processor.py:830} INFO - Processing file /home/airflow/.local/lib/python3.12/site-packages/airflow/example_dags/example_display_name.py for tasks to queue
[2024-05-09T09:54:32.228+0000] {logging_mixin.py:188} INFO - [2024-05-09T09:54:32.228+0000] {dagbag.py:545} INFO - Filling up the DagBag from /home/airflow/.local/lib/python3.12/site-packages/airflow/example_dags/example_display_name.py
[2024-05-09T09:54:32.233+0000] {processor.py:840} INFO - DAG(s) 'example_display_name' retrieved from /home/airflow/.local/lib/python3.12/site-packages/airflow/example_dags/example_display_name.py
[2024-05-09T09:54:32.251+0000] {logging_mixin.py:188} INFO - [2024-05-09T09:54:32.251+0000] {dag.py:3096} INFO - Sync 1 DAGs
[2024-05-09T09:54:32.261+0000] {logging_mixin.py:188} INFO - [2024-05-09T09:54:32.261+0000] {dag.py:3954} INFO - Setting next_dagrun for example_display_name to None, run_after=None
[2024-05-09T09:54:32.279+0000] {processor.py:183} INFO - Processing /home/airflow/.local/lib/python3.12/site-packages/airflow/example_dags/example_display_name.py took 0.057 seconds
[2024-05-09T09:55:02.747+0000] {processor.py:161} INFO - Started process (PID=234) to work on /home/airflow/.local/lib/python3.12/site-packages/airflow/example_dags/example_display_name.py
[2024-05-09T09:55:02.747+0000] {processor.py:830} INFO - Processing file /home/airflow/.local/lib/python3.12/site-packages/airflow/example_dags/example_display_name.py for tasks to queue
[2024-05-09T09:55:02.749+0000] {logging_mixin.py:188} INFO - [2024-05-09T09:55:02.749+0000] {dagbag.py:545} INFO - Filling up the DagBag from /home/airflow/.local/lib/python3.12/site-packages/airflow/example_dags/example_display_name.py
[2024-05-09T09:55:02.754+0000] {processor.py:840} INFO - DAG(s) 'example_display_name' retrieved from /home/airflow/.local/lib/python3.12/site-packages/airflow/example_dags/example_display_name.py
[2024-05-09T09:55:02.771+0000] {logging_mixin.py:188} INFO - [2024-05-09T09:55:02.770+0000] {dag.py:3096} INFO - Sync 1 DAGs
[2024-05-09T09:55:02.782+0000] {logging_mixin.py:188} INFO - [2024-05-09T09:55:02.782+0000] {dag.py:3954} INFO - Setting next_dagrun for example_display_name to None, run_after=None
[2024-05-09T09:55:02.800+0000] {processor.py:183} INFO - Processing /home/airflow/.local/lib/python3.12/site-packages/airflow/example_dags/example_display_name.py took 0.058 seconds
[2024-05-09T09:55:33.430+0000] {processor.py:161} INFO - Started process (PID=293) to work on /home/airflow/.local/lib/python3.12/site-packages/airflow/example_dags/example_display_name.py
[2024-05-09T09:55:33.431+0000] {processor.py:830} INFO - Processing file /home/airflow/.local/lib/python3.12/site-packages/airflow/example_dags/example_display_name.py for tasks to queue
[2024-05-09T09:55:33.432+0000] {logging_mixin.py:188} INFO - [2024-05-09T09:55:33.432+0000] {dagbag.py:545} INFO - Filling up the DagBag from /home/airflow/.local/lib/python3.12/site-packages/airflow/example_dags/example_display_name.py
[2024-05-09T09:55:33.438+0000] {processor.py:840} INFO - DAG(s) 'example_display_name' retrieved from /home/airflow/.local/lib/python3.12/site-packages/airflow/example_dags/example_display_name.py
[2024-05-09T09:55:33.455+0000] {logging_mixin.py:188} INFO - [2024-05-09T09:55:33.455+0000] {dag.py:3096} INFO - Sync 1 DAGs
[2024-05-09T09:55:33.467+0000] {logging_mixin.py:188} INFO - [2024-05-09T09:55:33.467+0000] {dag.py:3954} INFO - Setting next_dagrun for example_display_name to None, run_after=None
[2024-05-09T09:55:33.483+0000] {processor.py:183} INFO - Processing /home/airflow/.local/lib/python3.12/site-packages/airflow/example_dags/example_display_name.py took 0.058 seconds
