[2024-05-09T09:53:29.355+0000] {processor.py:161} INFO - Started process (PID=40) to work on /home/airflow/.local/lib/python3.12/site-packages/airflow/example_dags/tutorial.py
[2024-05-09T09:53:29.356+0000] {processor.py:830} INFO - Processing file /home/airflow/.local/lib/python3.12/site-packages/airflow/example_dags/tutorial.py for tasks to queue
[2024-05-09T09:53:29.358+0000] {logging_mixin.py:188} INFO - [2024-05-09T09:53:29.358+0000] {dagbag.py:545} INFO - Filling up the DagBag from /home/airflow/.local/lib/python3.12/site-packages/airflow/example_dags/tutorial.py
[2024-05-09T09:53:29.371+0000] {processor.py:840} INFO - DAG(s) 'tutorial' retrieved from /home/airflow/.local/lib/python3.12/site-packages/airflow/example_dags/tutorial.py
[2024-05-09T09:53:29.384+0000] {logging_mixin.py:188} INFO - [2024-05-09T09:53:29.383+0000] {dag.py:3096} INFO - Sync 1 DAGs
[2024-05-09T09:53:29.407+0000] {logging_mixin.py:188} INFO - [2024-05-09T09:53:29.407+0000] {dag.py:3954} INFO - Setting next_dagrun for tutorial to 2024-05-08 00:00:00+00:00, run_after=2024-05-09 00:00:00+00:00
[2024-05-09T09:53:29.427+0000] {processor.py:183} INFO - Processing /home/airflow/.local/lib/python3.12/site-packages/airflow/example_dags/tutorial.py took 0.081 seconds
[2024-05-09T09:54:00.122+0000] {processor.py:161} INFO - Started process (PID=99) to work on /home/airflow/.local/lib/python3.12/site-packages/airflow/example_dags/tutorial.py
[2024-05-09T09:54:00.123+0000] {processor.py:830} INFO - Processing file /home/airflow/.local/lib/python3.12/site-packages/airflow/example_dags/tutorial.py for tasks to queue
[2024-05-09T09:54:00.126+0000] {logging_mixin.py:188} INFO - [2024-05-09T09:54:00.125+0000] {dagbag.py:545} INFO - Filling up the DagBag from /home/airflow/.local/lib/python3.12/site-packages/airflow/example_dags/tutorial.py
[2024-05-09T09:54:00.132+0000] {processor.py:840} INFO - DAG(s) 'tutorial' retrieved from /home/airflow/.local/lib/python3.12/site-packages/airflow/example_dags/tutorial.py
[2024-05-09T09:54:00.246+0000] {logging_mixin.py:188} INFO - [2024-05-09T09:54:00.246+0000] {dag.py:3096} INFO - Sync 1 DAGs
[2024-05-09T09:54:00.263+0000] {logging_mixin.py:188} INFO - [2024-05-09T09:54:00.263+0000] {dag.py:3954} INFO - Setting next_dagrun for tutorial to 2024-05-08 00:00:00+00:00, run_after=2024-05-09 00:00:00+00:00
[2024-05-09T09:54:00.296+0000] {processor.py:183} INFO - Processing /home/airflow/.local/lib/python3.12/site-packages/airflow/example_dags/tutorial.py took 0.183 seconds
[2024-05-09T09:54:30.321+0000] {processor.py:161} INFO - Started process (PID=157) to work on /home/airflow/.local/lib/python3.12/site-packages/airflow/example_dags/tutorial.py
[2024-05-09T09:54:30.322+0000] {processor.py:830} INFO - Processing file /home/airflow/.local/lib/python3.12/site-packages/airflow/example_dags/tutorial.py for tasks to queue
[2024-05-09T09:54:30.323+0000] {logging_mixin.py:188} INFO - [2024-05-09T09:54:30.323+0000] {dagbag.py:545} INFO - Filling up the DagBag from /home/airflow/.local/lib/python3.12/site-packages/airflow/example_dags/tutorial.py
[2024-05-09T09:54:30.329+0000] {processor.py:840} INFO - DAG(s) 'tutorial' retrieved from /home/airflow/.local/lib/python3.12/site-packages/airflow/example_dags/tutorial.py
[2024-05-09T09:54:30.346+0000] {logging_mixin.py:188} INFO - [2024-05-09T09:54:30.346+0000] {dag.py:3096} INFO - Sync 1 DAGs
[2024-05-09T09:54:30.367+0000] {logging_mixin.py:188} INFO - [2024-05-09T09:54:30.367+0000] {dag.py:3954} INFO - Setting next_dagrun for tutorial to 2024-05-08 00:00:00+00:00, run_after=2024-05-09 00:00:00+00:00
[2024-05-09T09:54:30.383+0000] {processor.py:183} INFO - Processing /home/airflow/.local/lib/python3.12/site-packages/airflow/example_dags/tutorial.py took 0.069 seconds
[2024-05-09T09:55:00.869+0000] {processor.py:161} INFO - Started process (PID=215) to work on /home/airflow/.local/lib/python3.12/site-packages/airflow/example_dags/tutorial.py
[2024-05-09T09:55:00.869+0000] {processor.py:830} INFO - Processing file /home/airflow/.local/lib/python3.12/site-packages/airflow/example_dags/tutorial.py for tasks to queue
[2024-05-09T09:55:00.871+0000] {logging_mixin.py:188} INFO - [2024-05-09T09:55:00.871+0000] {dagbag.py:545} INFO - Filling up the DagBag from /home/airflow/.local/lib/python3.12/site-packages/airflow/example_dags/tutorial.py
[2024-05-09T09:55:00.876+0000] {processor.py:840} INFO - DAG(s) 'tutorial' retrieved from /home/airflow/.local/lib/python3.12/site-packages/airflow/example_dags/tutorial.py
[2024-05-09T09:55:00.891+0000] {logging_mixin.py:188} INFO - [2024-05-09T09:55:00.891+0000] {dag.py:3096} INFO - Sync 1 DAGs
[2024-05-09T09:55:00.909+0000] {logging_mixin.py:188} INFO - [2024-05-09T09:55:00.909+0000] {dag.py:3954} INFO - Setting next_dagrun for tutorial to 2024-05-08 00:00:00+00:00, run_after=2024-05-09 00:00:00+00:00
[2024-05-09T09:55:00.924+0000] {processor.py:183} INFO - Processing /home/airflow/.local/lib/python3.12/site-packages/airflow/example_dags/tutorial.py took 0.060 seconds
[2024-05-09T09:55:31.385+0000] {processor.py:161} INFO - Started process (PID=274) to work on /home/airflow/.local/lib/python3.12/site-packages/airflow/example_dags/tutorial.py
[2024-05-09T09:55:31.385+0000] {processor.py:830} INFO - Processing file /home/airflow/.local/lib/python3.12/site-packages/airflow/example_dags/tutorial.py for tasks to queue
[2024-05-09T09:55:31.387+0000] {logging_mixin.py:188} INFO - [2024-05-09T09:55:31.387+0000] {dagbag.py:545} INFO - Filling up the DagBag from /home/airflow/.local/lib/python3.12/site-packages/airflow/example_dags/tutorial.py
[2024-05-09T09:55:31.402+0000] {processor.py:840} INFO - DAG(s) 'tutorial' retrieved from /home/airflow/.local/lib/python3.12/site-packages/airflow/example_dags/tutorial.py
[2024-05-09T09:55:31.419+0000] {logging_mixin.py:188} INFO - [2024-05-09T09:55:31.419+0000] {dag.py:3096} INFO - Sync 1 DAGs
[2024-05-09T09:55:31.438+0000] {logging_mixin.py:188} INFO - [2024-05-09T09:55:31.437+0000] {dag.py:3954} INFO - Setting next_dagrun for tutorial to 2024-05-08 00:00:00+00:00, run_after=2024-05-09 00:00:00+00:00
[2024-05-09T09:55:31.454+0000] {processor.py:183} INFO - Processing /home/airflow/.local/lib/python3.12/site-packages/airflow/example_dags/tutorial.py took 0.075 seconds
