[2024-05-09T09:53:29.428+0000] {processor.py:161} INFO - Started process (PID=41) to work on /home/airflow/.local/lib/python3.12/site-packages/airflow/example_dags/tutorial_taskflow_api.py
[2024-05-09T09:53:29.430+0000] {processor.py:830} INFO - Processing file /home/airflow/.local/lib/python3.12/site-packages/airflow/example_dags/tutorial_taskflow_api.py for tasks to queue
[2024-05-09T09:53:29.437+0000] {logging_mixin.py:188} INFO - [2024-05-09T09:53:29.436+0000] {dagbag.py:545} INFO - Filling up the DagBag from /home/airflow/.local/lib/python3.12/site-packages/airflow/example_dags/tutorial_taskflow_api.py
[2024-05-09T09:53:29.487+0000] {processor.py:840} INFO - DAG(s) 'tutorial_taskflow_api' retrieved from /home/airflow/.local/lib/python3.12/site-packages/airflow/example_dags/tutorial_taskflow_api.py
[2024-05-09T09:53:29.520+0000] {logging_mixin.py:188} INFO - [2024-05-09T09:53:29.519+0000] {dag.py:3096} INFO - Sync 1 DAGs
[2024-05-09T09:53:29.588+0000] {logging_mixin.py:188} INFO - [2024-05-09T09:53:29.587+0000] {dag.py:3954} INFO - Setting next_dagrun for tutorial_taskflow_api to None, run_after=None
[2024-05-09T09:53:29.638+0000] {processor.py:183} INFO - Processing /home/airflow/.local/lib/python3.12/site-packages/airflow/example_dags/tutorial_taskflow_api.py took 0.216 seconds
[2024-05-09T09:54:00.175+0000] {processor.py:161} INFO - Started process (PID=100) to work on /home/airflow/.local/lib/python3.12/site-packages/airflow/example_dags/tutorial_taskflow_api.py
[2024-05-09T09:54:00.175+0000] {processor.py:830} INFO - Processing file /home/airflow/.local/lib/python3.12/site-packages/airflow/example_dags/tutorial_taskflow_api.py for tasks to queue
[2024-05-09T09:54:00.177+0000] {logging_mixin.py:188} INFO - [2024-05-09T09:54:00.177+0000] {dagbag.py:545} INFO - Filling up the DagBag from /home/airflow/.local/lib/python3.12/site-packages/airflow/example_dags/tutorial_taskflow_api.py
[2024-05-09T09:54:00.183+0000] {processor.py:840} INFO - DAG(s) 'tutorial_taskflow_api' retrieved from /home/airflow/.local/lib/python3.12/site-packages/airflow/example_dags/tutorial_taskflow_api.py
[2024-05-09T09:54:00.274+0000] {logging_mixin.py:188} INFO - [2024-05-09T09:54:00.274+0000] {dag.py:3096} INFO - Sync 1 DAGs
[2024-05-09T09:54:00.284+0000] {logging_mixin.py:188} INFO - [2024-05-09T09:54:00.283+0000] {dag.py:3954} INFO - Setting next_dagrun for tutorial_taskflow_api to None, run_after=None
[2024-05-09T09:54:00.309+0000] {processor.py:183} INFO - Processing /home/airflow/.local/lib/python3.12/site-packages/airflow/example_dags/tutorial_taskflow_api.py took 0.140 seconds
[2024-05-09T09:54:30.405+0000] {processor.py:161} INFO - Started process (PID=158) to work on /home/airflow/.local/lib/python3.12/site-packages/airflow/example_dags/tutorial_taskflow_api.py
[2024-05-09T09:54:30.406+0000] {processor.py:830} INFO - Processing file /home/airflow/.local/lib/python3.12/site-packages/airflow/example_dags/tutorial_taskflow_api.py for tasks to queue
[2024-05-09T09:54:30.408+0000] {logging_mixin.py:188} INFO - [2024-05-09T09:54:30.407+0000] {dagbag.py:545} INFO - Filling up the DagBag from /home/airflow/.local/lib/python3.12/site-packages/airflow/example_dags/tutorial_taskflow_api.py
[2024-05-09T09:54:30.414+0000] {processor.py:840} INFO - DAG(s) 'tutorial_taskflow_api' retrieved from /home/airflow/.local/lib/python3.12/site-packages/airflow/example_dags/tutorial_taskflow_api.py
[2024-05-09T09:54:30.433+0000] {logging_mixin.py:188} INFO - [2024-05-09T09:54:30.433+0000] {dag.py:3096} INFO - Sync 1 DAGs
[2024-05-09T09:54:30.446+0000] {logging_mixin.py:188} INFO - [2024-05-09T09:54:30.445+0000] {dag.py:3954} INFO - Setting next_dagrun for tutorial_taskflow_api to None, run_after=None
[2024-05-09T09:54:30.461+0000] {processor.py:183} INFO - Processing /home/airflow/.local/lib/python3.12/site-packages/airflow/example_dags/tutorial_taskflow_api.py took 0.063 seconds
[2024-05-09T09:55:00.942+0000] {processor.py:161} INFO - Started process (PID=216) to work on /home/airflow/.local/lib/python3.12/site-packages/airflow/example_dags/tutorial_taskflow_api.py
[2024-05-09T09:55:00.942+0000] {processor.py:830} INFO - Processing file /home/airflow/.local/lib/python3.12/site-packages/airflow/example_dags/tutorial_taskflow_api.py for tasks to queue
[2024-05-09T09:55:00.944+0000] {logging_mixin.py:188} INFO - [2024-05-09T09:55:00.943+0000] {dagbag.py:545} INFO - Filling up the DagBag from /home/airflow/.local/lib/python3.12/site-packages/airflow/example_dags/tutorial_taskflow_api.py
[2024-05-09T09:55:00.949+0000] {processor.py:840} INFO - DAG(s) 'tutorial_taskflow_api' retrieved from /home/airflow/.local/lib/python3.12/site-packages/airflow/example_dags/tutorial_taskflow_api.py
[2024-05-09T09:55:00.965+0000] {logging_mixin.py:188} INFO - [2024-05-09T09:55:00.965+0000] {dag.py:3096} INFO - Sync 1 DAGs
[2024-05-09T09:55:00.976+0000] {logging_mixin.py:188} INFO - [2024-05-09T09:55:00.975+0000] {dag.py:3954} INFO - Setting next_dagrun for tutorial_taskflow_api to None, run_after=None
[2024-05-09T09:55:00.990+0000] {processor.py:183} INFO - Processing /home/airflow/.local/lib/python3.12/site-packages/airflow/example_dags/tutorial_taskflow_api.py took 0.053 seconds
[2024-05-09T09:55:31.456+0000] {processor.py:161} INFO - Started process (PID=275) to work on /home/airflow/.local/lib/python3.12/site-packages/airflow/example_dags/tutorial_taskflow_api.py
[2024-05-09T09:55:31.457+0000] {processor.py:830} INFO - Processing file /home/airflow/.local/lib/python3.12/site-packages/airflow/example_dags/tutorial_taskflow_api.py for tasks to queue
[2024-05-09T09:55:31.462+0000] {logging_mixin.py:188} INFO - [2024-05-09T09:55:31.462+0000] {dagbag.py:545} INFO - Filling up the DagBag from /home/airflow/.local/lib/python3.12/site-packages/airflow/example_dags/tutorial_taskflow_api.py
[2024-05-09T09:55:31.468+0000] {processor.py:840} INFO - DAG(s) 'tutorial_taskflow_api' retrieved from /home/airflow/.local/lib/python3.12/site-packages/airflow/example_dags/tutorial_taskflow_api.py
[2024-05-09T09:55:31.485+0000] {logging_mixin.py:188} INFO - [2024-05-09T09:55:31.485+0000] {dag.py:3096} INFO - Sync 1 DAGs
[2024-05-09T09:55:31.496+0000] {logging_mixin.py:188} INFO - [2024-05-09T09:55:31.496+0000] {dag.py:3954} INFO - Setting next_dagrun for tutorial_taskflow_api to None, run_after=None
[2024-05-09T09:55:31.510+0000] {processor.py:183} INFO - Processing /home/airflow/.local/lib/python3.12/site-packages/airflow/example_dags/tutorial_taskflow_api.py took 0.060 seconds
