[2024-05-09T09:53:28.189+0000] {processor.py:161} INFO - Started process (PID=26) to work on /home/airflow/.local/lib/python3.12/site-packages/airflow/example_dags/tutorial_objectstorage.py
[2024-05-09T09:53:28.194+0000] {processor.py:830} INFO - Processing file /home/airflow/.local/lib/python3.12/site-packages/airflow/example_dags/tutorial_objectstorage.py for tasks to queue
[2024-05-09T09:53:28.200+0000] {logging_mixin.py:188} INFO - [2024-05-09T09:53:28.200+0000] {dagbag.py:545} INFO - Filling up the DagBag from /home/airflow/.local/lib/python3.12/site-packages/airflow/example_dags/tutorial_objectstorage.py
[2024-05-09T09:53:28.221+0000] {processor.py:840} INFO - DAG(s) 'tutorial_objectstorage' retrieved from /home/airflow/.local/lib/python3.12/site-packages/airflow/example_dags/tutorial_objectstorage.py
[2024-05-09T09:53:28.259+0000] {logging_mixin.py:188} INFO - [2024-05-09T09:53:28.259+0000] {dag.py:3096} INFO - Sync 1 DAGs
[2024-05-09T09:53:28.278+0000] {logging_mixin.py:188} INFO - [2024-05-09T09:53:28.278+0000] {dag.py:3954} INFO - Setting next_dagrun for tutorial_objectstorage to None, run_after=None
[2024-05-09T09:53:28.304+0000] {processor.py:183} INFO - Processing /home/airflow/.local/lib/python3.12/site-packages/airflow/example_dags/tutorial_objectstorage.py took 0.120 seconds
[2024-05-09T09:53:58.774+0000] {processor.py:161} INFO - Started process (PID=85) to work on /home/airflow/.local/lib/python3.12/site-packages/airflow/example_dags/tutorial_objectstorage.py
[2024-05-09T09:53:58.775+0000] {processor.py:830} INFO - Processing file /home/airflow/.local/lib/python3.12/site-packages/airflow/example_dags/tutorial_objectstorage.py for tasks to queue
[2024-05-09T09:53:58.776+0000] {logging_mixin.py:188} INFO - [2024-05-09T09:53:58.776+0000] {dagbag.py:545} INFO - Filling up the DagBag from /home/airflow/.local/lib/python3.12/site-packages/airflow/example_dags/tutorial_objectstorage.py
[2024-05-09T09:53:58.783+0000] {processor.py:840} INFO - DAG(s) 'tutorial_objectstorage' retrieved from /home/airflow/.local/lib/python3.12/site-packages/airflow/example_dags/tutorial_objectstorage.py
[2024-05-09T09:53:58.951+0000] {logging_mixin.py:188} INFO - [2024-05-09T09:53:58.951+0000] {dag.py:3096} INFO - Sync 1 DAGs
[2024-05-09T09:53:58.960+0000] {logging_mixin.py:188} INFO - [2024-05-09T09:53:58.960+0000] {dag.py:3954} INFO - Setting next_dagrun for tutorial_objectstorage to None, run_after=None
[2024-05-09T09:53:58.975+0000] {processor.py:183} INFO - Processing /home/airflow/.local/lib/python3.12/site-packages/airflow/example_dags/tutorial_objectstorage.py took 0.207 seconds
[2024-05-09T09:54:29.446+0000] {processor.py:161} INFO - Started process (PID=143) to work on /home/airflow/.local/lib/python3.12/site-packages/airflow/example_dags/tutorial_objectstorage.py
[2024-05-09T09:54:29.446+0000] {processor.py:830} INFO - Processing file /home/airflow/.local/lib/python3.12/site-packages/airflow/example_dags/tutorial_objectstorage.py for tasks to queue
[2024-05-09T09:54:29.448+0000] {logging_mixin.py:188} INFO - [2024-05-09T09:54:29.448+0000] {dagbag.py:545} INFO - Filling up the DagBag from /home/airflow/.local/lib/python3.12/site-packages/airflow/example_dags/tutorial_objectstorage.py
[2024-05-09T09:54:29.455+0000] {processor.py:840} INFO - DAG(s) 'tutorial_objectstorage' retrieved from /home/airflow/.local/lib/python3.12/site-packages/airflow/example_dags/tutorial_objectstorage.py
[2024-05-09T09:54:29.473+0000] {logging_mixin.py:188} INFO - [2024-05-09T09:54:29.473+0000] {dag.py:3096} INFO - Sync 1 DAGs
[2024-05-09T09:54:29.485+0000] {logging_mixin.py:188} INFO - [2024-05-09T09:54:29.485+0000] {dag.py:3954} INFO - Setting next_dagrun for tutorial_objectstorage to None, run_after=None
[2024-05-09T09:54:29.501+0000] {processor.py:183} INFO - Processing /home/airflow/.local/lib/python3.12/site-packages/airflow/example_dags/tutorial_objectstorage.py took 0.061 seconds
[2024-05-09T09:55:00.164+0000] {processor.py:161} INFO - Started process (PID=201) to work on /home/airflow/.local/lib/python3.12/site-packages/airflow/example_dags/tutorial_objectstorage.py
[2024-05-09T09:55:00.164+0000] {processor.py:830} INFO - Processing file /home/airflow/.local/lib/python3.12/site-packages/airflow/example_dags/tutorial_objectstorage.py for tasks to queue
[2024-05-09T09:55:00.166+0000] {logging_mixin.py:188} INFO - [2024-05-09T09:55:00.166+0000] {dagbag.py:545} INFO - Filling up the DagBag from /home/airflow/.local/lib/python3.12/site-packages/airflow/example_dags/tutorial_objectstorage.py
[2024-05-09T09:55:00.177+0000] {processor.py:840} INFO - DAG(s) 'tutorial_objectstorage' retrieved from /home/airflow/.local/lib/python3.12/site-packages/airflow/example_dags/tutorial_objectstorage.py
[2024-05-09T09:55:00.193+0000] {logging_mixin.py:188} INFO - [2024-05-09T09:55:00.192+0000] {dag.py:3096} INFO - Sync 1 DAGs
[2024-05-09T09:55:00.204+0000] {logging_mixin.py:188} INFO - [2024-05-09T09:55:00.203+0000] {dag.py:3954} INFO - Setting next_dagrun for tutorial_objectstorage to None, run_after=None
[2024-05-09T09:55:00.218+0000] {processor.py:183} INFO - Processing /home/airflow/.local/lib/python3.12/site-packages/airflow/example_dags/tutorial_objectstorage.py took 0.059 seconds
[2024-05-09T09:55:30.624+0000] {processor.py:161} INFO - Started process (PID=260) to work on /home/airflow/.local/lib/python3.12/site-packages/airflow/example_dags/tutorial_objectstorage.py
[2024-05-09T09:55:30.624+0000] {processor.py:830} INFO - Processing file /home/airflow/.local/lib/python3.12/site-packages/airflow/example_dags/tutorial_objectstorage.py for tasks to queue
[2024-05-09T09:55:30.626+0000] {logging_mixin.py:188} INFO - [2024-05-09T09:55:30.625+0000] {dagbag.py:545} INFO - Filling up the DagBag from /home/airflow/.local/lib/python3.12/site-packages/airflow/example_dags/tutorial_objectstorage.py
[2024-05-09T09:55:30.632+0000] {processor.py:840} INFO - DAG(s) 'tutorial_objectstorage' retrieved from /home/airflow/.local/lib/python3.12/site-packages/airflow/example_dags/tutorial_objectstorage.py
[2024-05-09T09:55:30.649+0000] {logging_mixin.py:188} INFO - [2024-05-09T09:55:30.649+0000] {dag.py:3096} INFO - Sync 1 DAGs
[2024-05-09T09:55:30.661+0000] {logging_mixin.py:188} INFO - [2024-05-09T09:55:30.661+0000] {dag.py:3954} INFO - Setting next_dagrun for tutorial_objectstorage to None, run_after=None
[2024-05-09T09:55:30.677+0000] {processor.py:183} INFO - Processing /home/airflow/.local/lib/python3.12/site-packages/airflow/example_dags/tutorial_objectstorage.py took 0.059 seconds
