[2024-05-09T09:53:27.880+0000] {manager.py:470} INFO - Processing files using up to 2 processes at a time 
[2024-05-09T09:53:27.880+0000] {manager.py:471} INFO - Process each file at most once every 30 seconds
[2024-05-09T09:53:27.883+0000] {manager.py:472} INFO - Checking for new files in /opt/airflow/dags every 300 seconds
[2024-05-09T09:53:27.883+0000] {manager.py:737} INFO - Searching for files in /opt/airflow/dags
[2024-05-09T09:53:27.894+0000] {manager.py:740} INFO - There are 51 files in /opt/airflow/dags
[2024-05-09T09:53:28.241+0000] {manager.py:878} INFO - 
================================================================================
DAG File Processing Stats

File Path                                                                                                                            PID  Runtime      # DAGs    # Errors  Last Runtime    Last Run
---------------------------------------------------------------------------------------------------------------------------------  -----  ---------  --------  ----------  --------------  -------------------
/home/airflow/.local/lib/python3.12/site-packages/airflow/example_dags/example_python_decorator.py                                                          1           0  0.18s           2024-05-09T09:53:28
/home/airflow/.local/lib/python3.12/site-packages/airflow/example_dags/tutorial_objectstorage.py                                      26  0.03s             0           0
/home/airflow/.local/lib/python3.12/site-packages/airflow/example_dags/example_task_group_decorator.py                                27  0.00s             0           0
/home/airflow/.local/lib/python3.12/site-packages/airflow/example_dags/example_dag_decorator.py                                                             0           0
/home/airflow/.local/lib/python3.12/site-packages/airflow/example_dags/example_subdag_operator.py                                                           0           0
/home/airflow/.local/lib/python3.12/site-packages/airflow/example_dags/example_dynamic_task_mapping.py                                                      0           0
/home/airflow/.local/lib/python3.12/site-packages/airflow/example_dags/example_sensor_decorator.py                                                          0           0
/home/airflow/.local/lib/python3.12/site-packages/airflow/example_dags/example_latest_only_with_trigger.py                                                  0           0
/home/airflow/.local/lib/python3.12/site-packages/airflow/example_dags/example_trigger_target_dag.py                                                        0           0
/home/airflow/.local/lib/python3.12/site-packages/airflow/example_dags/example_kubernetes_executor.py                                                       0           0
/home/airflow/.local/lib/python3.12/site-packages/airflow/example_dags/example_sla_dag.py                                                                   0           0
/home/airflow/.local/lib/python3.12/site-packages/airflow/example_dags/example_short_circuit_operator.py                                                    0           0
/home/airflow/.local/lib/python3.12/site-packages/airflow/example_dags/tutorial_dag.py                                                                      0           0
/home/airflow/.local/lib/python3.12/site-packages/airflow/example_dags/example_local_kubernetes_executor.py                                                 0           0
/home/airflow/.local/lib/python3.12/site-packages/airflow/example_dags/example_xcom.py                                                                      0           0
/home/airflow/.local/lib/python3.12/site-packages/airflow/example_dags/tutorial.py                                                                          0           0
/home/airflow/.local/lib/python3.12/site-packages/airflow/example_dags/tutorial_taskflow_api.py                                                             0           0
/home/airflow/.local/lib/python3.12/site-packages/airflow/example_dags/example_bash_operator.py                                                             0           0
/home/airflow/.local/lib/python3.12/site-packages/airflow/example_dags/example_external_task_marker_dag.py                                                  0           0
/home/airflow/.local/lib/python3.12/site-packages/airflow/example_dags/example_nested_branch_dag.py                                                         0           0
/home/airflow/.local/lib/python3.12/site-packages/airflow/example_dags/example_dynamic_task_mapping_with_no_taskflow_operators.py                           0           0
/home/airflow/.local/lib/python3.12/site-packages/airflow/example_dags/example_task_group.py                                                                0           0
/home/airflow/.local/lib/python3.12/site-packages/airflow/example_dags/example_datasets.py                                                                  0           0
/home/airflow/.local/lib/python3.12/site-packages/airflow/example_dags/example_branch_day_of_week_operator.py                                               0           0
/home/airflow/.local/lib/python3.12/site-packages/airflow/example_dags/example_params_trigger_ui.py                                                         0           0
/home/airflow/.local/lib/python3.12/site-packages/airflow/example_dags/example_setup_teardown_taskflow.py                                                   0           0
/home/airflow/.local/lib/python3.12/site-packages/airflow/example_dags/example_branch_datetime_operator.py                                                  0           0
/home/airflow/.local/lib/python3.12/site-packages/airflow/example_dags/example_branch_labels.py                                                             0           0
/home/airflow/.local/lib/python3.12/site-packages/airflow/example_dags/example_branch_operator.py                                                           0           0
/home/airflow/.local/lib/python3.12/site-packages/airflow/example_dags/example_sensors.py                                                                   0           0
/home/airflow/.local/lib/python3.12/site-packages/airflow/example_dags/example_complex.py                                                                   0           0
/home/airflow/.local/lib/python3.12/site-packages/airflow/example_dags/example_passing_params_via_test_command.py                                           0           0
/home/airflow/.local/lib/python3.12/site-packages/airflow/example_dags/example_latest_only.py                                                               0           0
/home/airflow/.local/lib/python3.12/site-packages/airflow/example_dags/example_xcomargs.py                                                                  0           0
/home/airflow/.local/lib/python3.12/site-packages/airflow/example_dags/example_display_name.py                                                              0           0
/home/airflow/.local/lib/python3.12/site-packages/airflow/example_dags/example_branch_python_dop_operator_3.py                                              0           0
/home/airflow/.local/lib/python3.12/site-packages/airflow/example_dags/example_branch_operator_decorator.py                                                 0           0
/home/airflow/.local/lib/python3.12/site-packages/airflow/example_dags/example_params_ui_tutorial.py                                                        0           0
/home/airflow/.local/lib/python3.12/site-packages/airflow/example_dags/example_bash_decorator.py                                                            0           0
/home/airflow/.local/lib/python3.12/site-packages/airflow/example_dags/example_trigger_controller_dag.py                                                    0           0
/home/airflow/.local/lib/python3.12/site-packages/airflow/example_dags/example_time_delta_sensor_async.py                                                   0           0
/home/airflow/.local/lib/python3.12/site-packages/airflow/example_dags/example_short_circuit_decorator.py                                                   0           0
/home/airflow/.local/lib/python3.12/site-packages/airflow/example_dags/tutorial_taskflow_api_virtualenv.py                                                  0           0
/home/airflow/.local/lib/python3.12/site-packages/airflow/example_dags/example_setup_teardown.py                                                            0           0
/home/airflow/.local/lib/python3.12/site-packages/airflow/example_dags/example_python_operator.py                                                           0           0
/home/airflow/.local/lib/python3.12/site-packages/airflow/example_dags/example_skip_dag.py                                                                  0           0
/home/airflow/.local/lib/python3.12/site-packages/airflow/example_dags/plugins/event_listener.py                                                            0           0
/home/airflow/.local/lib/python3.12/site-packages/airflow/example_dags/plugins/listener_plugin.py                                                           0           0
/home/airflow/.local/lib/python3.12/site-packages/airflow/example_dags/plugins/workday.py                                                                   0           0
/home/airflow/.local/lib/python3.12/site-packages/airflow/example_dags/plugins/decreasing_priority_weight_strategy.py                                       0           0
/home/airflow/.local/lib/python3.12/site-packages/airflow/example_dags/subdags/subdag.py                                                                    0           0
================================================================================
[2024-05-09T09:53:58.772+0000] {manager.py:878} INFO - 
================================================================================
DAG File Processing Stats

File Path                                                                                                                            PID  Runtime      # DAGs    # Errors  Last Runtime    Last Run
---------------------------------------------------------------------------------------------------------------------------------  -----  ---------  --------  ----------  --------------  -------------------
/home/airflow/.local/lib/python3.12/site-packages/airflow/example_dags/plugins/workday.py                                                                   0           0  1.30s           2024-05-09T09:53:32
/home/airflow/.local/lib/python3.12/site-packages/airflow/example_dags/example_dag_decorator.py                                                             1           0  0.33s           2024-05-09T09:53:28
/home/airflow/.local/lib/python3.12/site-packages/airflow/example_dags/example_kubernetes_executor.py                                                       1           0  0.25s           2024-05-09T09:53:29
/home/airflow/.local/lib/python3.12/site-packages/airflow/example_dags/tutorial_taskflow_api.py                                                             1           0  0.24s           2024-05-09T09:53:29
/home/airflow/.local/lib/python3.12/site-packages/airflow/example_dags/example_sla_dag.py                                                                   1           0  0.23s           2024-05-09T09:53:29
/home/airflow/.local/lib/python3.12/site-packages/airflow/example_dags/example_local_kubernetes_executor.py                                                 1           0  0.20s           2024-05-09T09:53:29
/home/airflow/.local/lib/python3.12/site-packages/airflow/example_dags/example_datasets.py                                                                 10           0  0.19s           2024-05-09T09:53:29
/home/airflow/.local/lib/python3.12/site-packages/airflow/example_dags/example_python_decorator.py                                    84  0.01s             1           0  0.18s           2024-05-09T09:53:28
/home/airflow/.local/lib/python3.12/site-packages/airflow/example_dags/example_trigger_target_dag.py                                                        1           0  0.16s           2024-05-09T09:53:28
/home/airflow/.local/lib/python3.12/site-packages/airflow/example_dags/example_branch_operator_decorator.py                                                 1           0  0.15s           2024-05-09T09:53:30
/home/airflow/.local/lib/python3.12/site-packages/airflow/example_dags/example_task_group_decorator.py                                                      1           0  0.14s           2024-05-09T09:53:28
/home/airflow/.local/lib/python3.12/site-packages/airflow/example_dags/example_short_circuit_decorator.py                                                   1           0  0.14s           2024-05-09T09:53:31
/home/airflow/.local/lib/python3.12/site-packages/airflow/example_dags/tutorial_objectstorage.py                                      85  0.00s             1           0  0.13s           2024-05-09T09:53:28
/home/airflow/.local/lib/python3.12/site-packages/airflow/example_dags/example_short_circuit_operator.py                                                    1           0  0.13s           2024-05-09T09:53:29
/home/airflow/.local/lib/python3.12/site-packages/airflow/example_dags/example_latest_only_with_trigger.py                                                  1           0  0.13s           2024-05-09T09:53:28
/home/airflow/.local/lib/python3.12/site-packages/airflow/example_dags/example_task_group.py                                                                1           0  0.12s           2024-05-09T09:53:29
/home/airflow/.local/lib/python3.12/site-packages/airflow/example_dags/example_branch_day_of_week_operator.py                                               1           0  0.12s           2024-05-09T09:53:29
/home/airflow/.local/lib/python3.12/site-packages/airflow/example_dags/example_complex.py                                                                   1           0  0.12s           2024-05-09T09:53:30
/home/airflow/.local/lib/python3.12/site-packages/airflow/example_dags/example_bash_operator.py                                                             1           0  0.12s           2024-05-09T09:53:29
/home/airflow/.local/lib/python3.12/site-packages/airflow/example_dags/example_params_ui_tutorial.py                                                        1           0  0.12s           2024-05-09T09:53:30
/home/airflow/.local/lib/python3.12/site-packages/airflow/example_dags/tutorial_dag.py                                                                      1           0  0.11s           2024-05-09T09:53:29
/home/airflow/.local/lib/python3.12/site-packages/airflow/example_dags/example_xcom.py                                                                      1           0  0.11s           2024-05-09T09:53:29
/home/airflow/.local/lib/python3.12/site-packages/airflow/example_dags/example_branch_datetime_operator.py                                                  3           0  0.11s           2024-05-09T09:53:30
/home/airflow/.local/lib/python3.12/site-packages/airflow/example_dags/example_external_task_marker_dag.py                                                  2           0  0.11s           2024-05-09T09:53:29
/home/airflow/.local/lib/python3.12/site-packages/airflow/example_dags/example_passing_params_via_test_command.py                                           1           0  0.11s           2024-05-09T09:53:30
/home/airflow/.local/lib/python3.12/site-packages/airflow/example_dags/example_trigger_controller_dag.py                                                    1           0  0.10s           2024-05-09T09:53:31
/home/airflow/.local/lib/python3.12/site-packages/airflow/example_dags/example_setup_teardown_taskflow.py                                                   1           0  0.10s           2024-05-09T09:53:30
/home/airflow/.local/lib/python3.12/site-packages/airflow/example_dags/example_branch_operator.py                                                           1           0  0.10s           2024-05-09T09:53:30
/home/airflow/.local/lib/python3.12/site-packages/airflow/example_dags/example_subdag_operator.py                                                           3           0  0.10s           2024-05-09T09:53:28
/home/airflow/.local/lib/python3.12/site-packages/airflow/example_dags/example_dynamic_task_mapping.py                                                      1           0  0.10s           2024-05-09T09:53:28
/home/airflow/.local/lib/python3.12/site-packages/airflow/example_dags/example_time_delta_sensor_async.py                                                   1           0  0.10s           2024-05-09T09:53:31
/home/airflow/.local/lib/python3.12/site-packages/airflow/example_dags/example_sensor_decorator.py                                                          1           0  0.10s           2024-05-09T09:53:28
/home/airflow/.local/lib/python3.12/site-packages/airflow/example_dags/tutorial.py                                                                          1           0  0.10s           2024-05-09T09:53:29
/home/airflow/.local/lib/python3.12/site-packages/airflow/example_dags/example_nested_branch_dag.py                                                         1           0  0.10s           2024-05-09T09:53:29
/home/airflow/.local/lib/python3.12/site-packages/airflow/example_dags/example_branch_labels.py                                                             1           0  0.10s           2024-05-09T09:53:30
/home/airflow/.local/lib/python3.12/site-packages/airflow/example_dags/example_branch_python_dop_operator_3.py                                              1           0  0.10s           2024-05-09T09:53:30
/home/airflow/.local/lib/python3.12/site-packages/airflow/example_dags/example_bash_decorator.py                                                            1           0  0.09s           2024-05-09T09:53:30
/home/airflow/.local/lib/python3.12/site-packages/airflow/example_dags/example_dynamic_task_mapping_with_no_taskflow_operators.py                           1           0  0.09s           2024-05-09T09:53:29
/home/airflow/.local/lib/python3.12/site-packages/airflow/example_dags/example_xcomargs.py                                                                  2           0  0.09s           2024-05-09T09:53:30
/home/airflow/.local/lib/python3.12/site-packages/airflow/example_dags/example_params_trigger_ui.py                                                         1           0  0.09s           2024-05-09T09:53:30
/home/airflow/.local/lib/python3.12/site-packages/airflow/example_dags/example_setup_teardown.py                                                            1           0  0.09s           2024-05-09T09:53:31
/home/airflow/.local/lib/python3.12/site-packages/airflow/example_dags/tutorial_taskflow_api_virtualenv.py                                                  1           0  0.09s           2024-05-09T09:53:31
/home/airflow/.local/lib/python3.12/site-packages/airflow/example_dags/example_display_name.py                                                              1           0  0.08s           2024-05-09T09:53:30
/home/airflow/.local/lib/python3.12/site-packages/airflow/example_dags/example_latest_only.py                                                               1           0  0.08s           2024-05-09T09:53:30
/home/airflow/.local/lib/python3.12/site-packages/airflow/example_dags/example_sensors.py                                                                   1           0  0.07s           2024-05-09T09:53:30
/home/airflow/.local/lib/python3.12/site-packages/airflow/example_dags/example_skip_dag.py                                                                  1           0  0.07s           2024-05-09T09:53:31
/home/airflow/.local/lib/python3.12/site-packages/airflow/example_dags/example_python_operator.py                                                           1           0  0.07s           2024-05-09T09:53:31
/home/airflow/.local/lib/python3.12/site-packages/airflow/example_dags/plugins/decreasing_priority_weight_strategy.py                                       0           0  0.05s           2024-05-09T09:53:31
/home/airflow/.local/lib/python3.12/site-packages/airflow/example_dags/subdags/subdag.py                                                                    0           0  0.04s           2024-05-09T09:53:31
/home/airflow/.local/lib/python3.12/site-packages/airflow/example_dags/plugins/listener_plugin.py                                                           0           0  0.04s           2024-05-09T09:53:31
/home/airflow/.local/lib/python3.12/site-packages/airflow/example_dags/plugins/event_listener.py                                                            0           0  0.04s           2024-05-09T09:53:31
================================================================================
[2024-05-09T09:54:28.812+0000] {manager.py:878} INFO - 
================================================================================
DAG File Processing Stats

File Path                                                                                                                          PID    Runtime      # DAGs    # Errors  Last Runtime    Last Run
---------------------------------------------------------------------------------------------------------------------------------  -----  ---------  --------  ----------  --------------  -------------------
/home/airflow/.local/lib/python3.12/site-packages/airflow/example_dags/plugins/workday.py                                                                   0           0  0.36s           2024-05-09T09:54:03
/home/airflow/.local/lib/python3.12/site-packages/airflow/example_dags/example_datasets.py                                                                 10           0  0.26s           2024-05-09T09:54:01
/home/airflow/.local/lib/python3.12/site-packages/airflow/example_dags/example_dag_decorator.py                                                             1           0  0.25s           2024-05-09T09:53:59
/home/airflow/.local/lib/python3.12/site-packages/airflow/example_dags/example_python_decorator.py                                                          1           0  0.22s           2024-05-09T09:53:58
/home/airflow/.local/lib/python3.12/site-packages/airflow/example_dags/tutorial_objectstorage.py                                                            1           0  0.22s           2024-05-09T09:53:58
/home/airflow/.local/lib/python3.12/site-packages/airflow/example_dags/tutorial.py                                                                          1           0  0.20s           2024-05-09T09:54:00
/home/airflow/.local/lib/python3.12/site-packages/airflow/example_dags/example_xcom.py                                                                      1           0  0.20s           2024-05-09T09:54:00
/home/airflow/.local/lib/python3.12/site-packages/airflow/example_dags/example_branch_operator.py                                                           1           0  0.19s           2024-05-09T09:54:01
/home/airflow/.local/lib/python3.12/site-packages/airflow/example_dags/example_latest_only_with_trigger.py                                                  1           0  0.19s           2024-05-09T09:53:59
/home/airflow/.local/lib/python3.12/site-packages/airflow/example_dags/example_branch_datetime_operator.py                                                  3           0  0.19s           2024-05-09T09:54:01
/home/airflow/.local/lib/python3.12/site-packages/airflow/example_dags/example_params_ui_tutorial.py                                                        1           0  0.18s           2024-05-09T09:54:02
/home/airflow/.local/lib/python3.12/site-packages/airflow/example_dags/example_sla_dag.py                                                                   1           0  0.18s           2024-05-09T09:53:59
/home/airflow/.local/lib/python3.12/site-packages/airflow/example_dags/example_bash_operator.py                                                             1           0  0.18s           2024-05-09T09:54:00
/home/airflow/.local/lib/python3.12/site-packages/airflow/example_dags/example_params_trigger_ui.py                                                         1           0  0.17s           2024-05-09T09:54:01
/home/airflow/.local/lib/python3.12/site-packages/airflow/example_dags/example_branch_operator_decorator.py                                                 1           0  0.17s           2024-05-09T09:54:02
/home/airflow/.local/lib/python3.12/site-packages/airflow/example_dags/example_latest_only.py                                                               1           0  0.17s           2024-05-09T09:54:01
/home/airflow/.local/lib/python3.12/site-packages/airflow/example_dags/example_external_task_marker_dag.py                                                  2           0  0.17s           2024-05-09T09:54:00
/home/airflow/.local/lib/python3.12/site-packages/airflow/example_dags/example_subdag_operator.py                                                           3           0  0.17s           2024-05-09T09:53:59
/home/airflow/.local/lib/python3.12/site-packages/airflow/example_dags/example_kubernetes_executor.py                                                       1           0  0.17s           2024-05-09T09:53:59
/home/airflow/.local/lib/python3.12/site-packages/airflow/example_dags/example_skip_dag.py                                                                  1           0  0.17s           2024-05-09T09:54:02
/home/airflow/.local/lib/python3.12/site-packages/airflow/example_dags/example_dynamic_task_mapping.py                                                      1           0  0.17s           2024-05-09T09:53:59
/home/airflow/.local/lib/python3.12/site-packages/airflow/example_dags/example_sensors.py                                                                   1           0  0.16s           2024-05-09T09:54:01
/home/airflow/.local/lib/python3.12/site-packages/airflow/example_dags/example_local_kubernetes_executor.py                                                 1           0  0.16s           2024-05-09T09:54:00
/home/airflow/.local/lib/python3.12/site-packages/airflow/example_dags/example_passing_params_via_test_command.py                                           1           0  0.16s           2024-05-09T09:54:01
/home/airflow/.local/lib/python3.12/site-packages/airflow/example_dags/example_xcomargs.py                                                                  2           0  0.16s           2024-05-09T09:54:02
/home/airflow/.local/lib/python3.12/site-packages/airflow/example_dags/example_task_group_decorator.py                                                      1           0  0.16s           2024-05-09T09:53:59
/home/airflow/.local/lib/python3.12/site-packages/airflow/example_dags/example_short_circuit_decorator.py                                                   1           0  0.16s           2024-05-09T09:54:02
/home/airflow/.local/lib/python3.12/site-packages/airflow/example_dags/example_nested_branch_dag.py                                                         1           0  0.16s           2024-05-09T09:54:00
/home/airflow/.local/lib/python3.12/site-packages/airflow/example_dags/example_task_group.py                                                                1           0  0.16s           2024-05-09T09:54:00
/home/airflow/.local/lib/python3.12/site-packages/airflow/example_dags/example_branch_labels.py                                                             1           0  0.15s           2024-05-09T09:54:01
/home/airflow/.local/lib/python3.12/site-packages/airflow/example_dags/example_sensor_decorator.py                                                          1           0  0.15s           2024-05-09T09:53:59
/home/airflow/.local/lib/python3.12/site-packages/airflow/example_dags/example_short_circuit_operator.py                                                    1           0  0.15s           2024-05-09T09:53:59
/home/airflow/.local/lib/python3.12/site-packages/airflow/example_dags/example_setup_teardown_taskflow.py                                                   1           0  0.15s           2024-05-09T09:54:01
/home/airflow/.local/lib/python3.12/site-packages/airflow/example_dags/example_complex.py                                                                   1           0  0.15s           2024-05-09T09:54:01
/home/airflow/.local/lib/python3.12/site-packages/airflow/example_dags/example_python_operator.py                                                           1           0  0.15s           2024-05-09T09:54:02
/home/airflow/.local/lib/python3.12/site-packages/airflow/example_dags/tutorial_taskflow_api.py                                                             1           0  0.15s           2024-05-09T09:54:00
/home/airflow/.local/lib/python3.12/site-packages/airflow/example_dags/tutorial_dag.py                                                                      1           0  0.15s           2024-05-09T09:53:59
/home/airflow/.local/lib/python3.12/site-packages/airflow/example_dags/example_branch_day_of_week_operator.py                                               1           0  0.15s           2024-05-09T09:54:00
/home/airflow/.local/lib/python3.12/site-packages/airflow/example_dags/example_setup_teardown.py                                                            1           0  0.15s           2024-05-09T09:54:02
/home/airflow/.local/lib/python3.12/site-packages/airflow/example_dags/example_display_name.py                                                              1           0  0.15s           2024-05-09T09:54:02
/home/airflow/.local/lib/python3.12/site-packages/airflow/example_dags/example_branch_python_dop_operator_3.py                                              1           0  0.15s           2024-05-09T09:54:02
/home/airflow/.local/lib/python3.12/site-packages/airflow/example_dags/example_trigger_controller_dag.py                                                    1           0  0.14s           2024-05-09T09:54:02
/home/airflow/.local/lib/python3.12/site-packages/airflow/example_dags/example_trigger_target_dag.py                                                        1           0  0.14s           2024-05-09T09:53:59
/home/airflow/.local/lib/python3.12/site-packages/airflow/example_dags/example_bash_decorator.py                                                            1           0  0.14s           2024-05-09T09:54:02
/home/airflow/.local/lib/python3.12/site-packages/airflow/example_dags/tutorial_taskflow_api_virtualenv.py                                                  1           0  0.14s           2024-05-09T09:54:02
/home/airflow/.local/lib/python3.12/site-packages/airflow/example_dags/example_dynamic_task_mapping_with_no_taskflow_operators.py                           1           0  0.14s           2024-05-09T09:54:00
/home/airflow/.local/lib/python3.12/site-packages/airflow/example_dags/example_time_delta_sensor_async.py                                                   1           0  0.14s           2024-05-09T09:54:02
/home/airflow/.local/lib/python3.12/site-packages/airflow/example_dags/plugins/decreasing_priority_weight_strategy.py                                       0           0  0.03s           2024-05-09T09:54:03
/home/airflow/.local/lib/python3.12/site-packages/airflow/example_dags/plugins/event_listener.py                                                            0           0  0.03s           2024-05-09T09:54:02
/home/airflow/.local/lib/python3.12/site-packages/airflow/example_dags/subdags/subdag.py                                                                    0           0  0.03s           2024-05-09T09:54:03
/home/airflow/.local/lib/python3.12/site-packages/airflow/example_dags/plugins/listener_plugin.py                                                           0           0  0.03s           2024-05-09T09:54:02
================================================================================
[2024-05-09T09:54:59.138+0000] {manager.py:878} INFO - 
================================================================================
DAG File Processing Stats

File Path                                                                                                                          PID    Runtime      # DAGs    # Errors  Last Runtime    Last Run
---------------------------------------------------------------------------------------------------------------------------------  -----  ---------  --------  ----------  --------------  -------------------
/home/airflow/.local/lib/python3.12/site-packages/airflow/example_dags/plugins/workday.py                                                                   0           0  0.37s           2024-05-09T09:54:34
/home/airflow/.local/lib/python3.12/site-packages/airflow/example_dags/example_dag_decorator.py                                                             1           0  0.23s           2024-05-09T09:54:29
/home/airflow/.local/lib/python3.12/site-packages/airflow/example_dags/example_datasets.py                                                                 10           0  0.14s           2024-05-09T09:54:31
/home/airflow/.local/lib/python3.12/site-packages/airflow/example_dags/example_dynamic_task_mapping.py                                                      1           0  0.12s           2024-05-09T09:54:29
/home/airflow/.local/lib/python3.12/site-packages/airflow/example_dags/example_subdag_operator.py                                                           3           0  0.10s           2024-05-09T09:54:29
/home/airflow/.local/lib/python3.12/site-packages/airflow/example_dags/example_branch_operator.py                                                           1           0  0.10s           2024-05-09T09:54:32
/home/airflow/.local/lib/python3.12/site-packages/airflow/example_dags/example_bash_operator.py                                                             1           0  0.10s           2024-05-09T09:54:31
/home/airflow/.local/lib/python3.12/site-packages/airflow/example_dags/example_params_ui_tutorial.py                                                        1           0  0.10s           2024-05-09T09:54:32
/home/airflow/.local/lib/python3.12/site-packages/airflow/example_dags/example_branch_operator_decorator.py                                                 1           0  0.10s           2024-05-09T09:54:32
/home/airflow/.local/lib/python3.12/site-packages/airflow/example_dags/example_short_circuit_operator.py                                                    1           0  0.10s           2024-05-09T09:54:30
/home/airflow/.local/lib/python3.12/site-packages/airflow/example_dags/example_task_group_decorator.py                                                      1           0  0.10s           2024-05-09T09:54:29
/home/airflow/.local/lib/python3.12/site-packages/airflow/example_dags/example_kubernetes_executor.py                                                       1           0  0.10s           2024-05-09T09:54:30
/home/airflow/.local/lib/python3.12/site-packages/airflow/example_dags/example_python_decorator.py                                                          1           0  0.09s           2024-05-09T09:54:29
/home/airflow/.local/lib/python3.12/site-packages/airflow/example_dags/example_sensor_decorator.py                                                          1           0  0.09s           2024-05-09T09:54:29
/home/airflow/.local/lib/python3.12/site-packages/airflow/example_dags/example_params_trigger_ui.py                                                         1           0  0.09s           2024-05-09T09:54:31
/home/airflow/.local/lib/python3.12/site-packages/airflow/example_dags/example_sla_dag.py                                                                   1           0  0.09s           2024-05-09T09:54:30
/home/airflow/.local/lib/python3.12/site-packages/airflow/example_dags/example_sensors.py                                                                   1           0  0.09s           2024-05-09T09:54:32
/home/airflow/.local/lib/python3.12/site-packages/airflow/example_dags/example_branch_datetime_operator.py                                                  3           0  0.09s           2024-05-09T09:54:31
/home/airflow/.local/lib/python3.12/site-packages/airflow/example_dags/example_nested_branch_dag.py                                                         1           0  0.09s           2024-05-09T09:54:31
/home/airflow/.local/lib/python3.12/site-packages/airflow/example_dags/example_branch_day_of_week_operator.py                                               1           0  0.09s           2024-05-09T09:54:31
/home/airflow/.local/lib/python3.12/site-packages/airflow/example_dags/example_local_kubernetes_executor.py                                                 1           0  0.09s           2024-05-09T09:54:30
/home/airflow/.local/lib/python3.12/site-packages/airflow/example_dags/example_branch_python_dop_operator_3.py                                              1           0  0.09s           2024-05-09T09:54:32
/home/airflow/.local/lib/python3.12/site-packages/airflow/example_dags/example_latest_only_with_trigger.py                                                  1           0  0.09s           2024-05-09T09:54:29
/home/airflow/.local/lib/python3.12/site-packages/airflow/example_dags/example_dynamic_task_mapping_with_no_taskflow_operators.py                           1           0  0.08s           2024-05-09T09:54:31
/home/airflow/.local/lib/python3.12/site-packages/airflow/example_dags/example_branch_labels.py                                                             1           0  0.08s           2024-05-09T09:54:32
/home/airflow/.local/lib/python3.12/site-packages/airflow/example_dags/example_external_task_marker_dag.py                                                  2           0  0.08s           2024-05-09T09:54:31
/home/airflow/.local/lib/python3.12/site-packages/airflow/example_dags/example_xcom.py                                                                      1           0  0.08s           2024-05-09T09:54:30
/home/airflow/.local/lib/python3.12/site-packages/airflow/example_dags/example_trigger_target_dag.py                                                        1           0  0.08s           2024-05-09T09:54:29
/home/airflow/.local/lib/python3.12/site-packages/airflow/example_dags/example_complex.py                                                                   1           0  0.08s           2024-05-09T09:54:32
/home/airflow/.local/lib/python3.12/site-packages/airflow/example_dags/example_xcomargs.py                                                                  2           0  0.08s           2024-05-09T09:54:32
/home/airflow/.local/lib/python3.12/site-packages/airflow/example_dags/tutorial.py                                                                          1           0  0.08s           2024-05-09T09:54:30
/home/airflow/.local/lib/python3.12/site-packages/airflow/example_dags/tutorial_dag.py                                                                      1           0  0.08s           2024-05-09T09:54:30
/home/airflow/.local/lib/python3.12/site-packages/airflow/example_dags/example_trigger_controller_dag.py                                                    1           0  0.08s           2024-05-09T09:54:33
/home/airflow/.local/lib/python3.12/site-packages/airflow/example_dags/example_skip_dag.py                                                                  1           0  0.08s           2024-05-09T09:54:33
/home/airflow/.local/lib/python3.12/site-packages/airflow/example_dags/example_passing_params_via_test_command.py                                           1           0  0.08s           2024-05-09T09:54:32
/home/airflow/.local/lib/python3.12/site-packages/airflow/example_dags/example_short_circuit_decorator.py                                                   1           0  0.08s           2024-05-09T09:54:33
/home/airflow/.local/lib/python3.12/site-packages/airflow/example_dags/example_setup_teardown_taskflow.py                                                   1           0  0.08s           2024-05-09T09:54:31
/home/airflow/.local/lib/python3.12/site-packages/airflow/example_dags/example_task_group.py                                                                1           0  0.08s           2024-05-09T09:54:31
/home/airflow/.local/lib/python3.12/site-packages/airflow/example_dags/example_setup_teardown.py                                                            1           0  0.07s           2024-05-09T09:54:33
/home/airflow/.local/lib/python3.12/site-packages/airflow/example_dags/tutorial_taskflow_api.py                                                             1           0  0.07s           2024-05-09T09:54:30
/home/airflow/.local/lib/python3.12/site-packages/airflow/example_dags/example_python_operator.py                                                           1           0  0.07s           2024-05-09T09:54:33
/home/airflow/.local/lib/python3.12/site-packages/airflow/example_dags/example_bash_decorator.py                                                            1           0  0.07s           2024-05-09T09:54:32
/home/airflow/.local/lib/python3.12/site-packages/airflow/example_dags/tutorial_objectstorage.py                                                            1           0  0.07s           2024-05-09T09:54:29
/home/airflow/.local/lib/python3.12/site-packages/airflow/example_dags/example_latest_only.py                                                               1           0  0.07s           2024-05-09T09:54:32
/home/airflow/.local/lib/python3.12/site-packages/airflow/example_dags/tutorial_taskflow_api_virtualenv.py                                                  1           0  0.07s           2024-05-09T09:54:33
/home/airflow/.local/lib/python3.12/site-packages/airflow/example_dags/example_time_delta_sensor_async.py                                                   1           0  0.07s           2024-05-09T09:54:33
/home/airflow/.local/lib/python3.12/site-packages/airflow/example_dags/example_display_name.py                                                              1           0  0.07s           2024-05-09T09:54:32
/home/airflow/.local/lib/python3.12/site-packages/airflow/example_dags/plugins/event_listener.py                                                            0           0  0.03s           2024-05-09T09:54:33
/home/airflow/.local/lib/python3.12/site-packages/airflow/example_dags/subdags/subdag.py                                                                    0           0  0.03s           2024-05-09T09:54:33
/home/airflow/.local/lib/python3.12/site-packages/airflow/example_dags/plugins/listener_plugin.py                                                           0           0  0.03s           2024-05-09T09:54:33
/home/airflow/.local/lib/python3.12/site-packages/airflow/example_dags/plugins/decreasing_priority_weight_strategy.py                                       0           0  0.03s           2024-05-09T09:54:33
================================================================================
[2024-05-09T09:55:29.598+0000] {manager.py:878} INFO - 
================================================================================
DAG File Processing Stats

File Path                                                                                                                          PID    Runtime      # DAGs    # Errors  Last Runtime    Last Run
---------------------------------------------------------------------------------------------------------------------------------  -----  ---------  --------  ----------  --------------  -------------------
/home/airflow/.local/lib/python3.12/site-packages/airflow/example_dags/plugins/workday.py                                                                   0           0  0.40s           2024-05-09T09:55:04
/home/airflow/.local/lib/python3.12/site-packages/airflow/example_dags/example_dag_decorator.py                                                             1           0  0.21s           2024-05-09T09:55:00
/home/airflow/.local/lib/python3.12/site-packages/airflow/example_dags/example_datasets.py                                                                 10           0  0.14s           2024-05-09T09:55:02
/home/airflow/.local/lib/python3.12/site-packages/airflow/example_dags/example_branch_operator.py                                                           1           0  0.11s           2024-05-09T09:55:02
/home/airflow/.local/lib/python3.12/site-packages/airflow/example_dags/example_setup_teardown.py                                                            1           0  0.11s           2024-05-09T09:55:04
/home/airflow/.local/lib/python3.12/site-packages/airflow/example_dags/example_params_ui_tutorial.py                                                        1           0  0.10s           2024-05-09T09:55:02
/home/airflow/.local/lib/python3.12/site-packages/airflow/example_dags/example_task_group.py                                                                1           0  0.10s           2024-05-09T09:55:02
/home/airflow/.local/lib/python3.12/site-packages/airflow/example_dags/example_bash_operator.py                                                             1           0  0.10s           2024-05-09T09:55:02
/home/airflow/.local/lib/python3.12/site-packages/airflow/example_dags/example_branch_operator_decorator.py                                                 1           0  0.10s           2024-05-09T09:55:02
/home/airflow/.local/lib/python3.12/site-packages/airflow/example_dags/example_params_trigger_ui.py                                                         1           0  0.10s           2024-05-09T09:55:02
/home/airflow/.local/lib/python3.12/site-packages/airflow/example_dags/example_passing_params_via_test_command.py                                           1           0  0.10s           2024-05-09T09:55:02
/home/airflow/.local/lib/python3.12/site-packages/airflow/example_dags/example_branch_datetime_operator.py                                                  3           0  0.10s           2024-05-09T09:55:02
/home/airflow/.local/lib/python3.12/site-packages/airflow/example_dags/example_subdag_operator.py                                                           3           0  0.09s           2024-05-09T09:55:00
/home/airflow/.local/lib/python3.12/site-packages/airflow/example_dags/example_setup_teardown_taskflow.py                                                   1           0  0.09s           2024-05-09T09:55:02
/home/airflow/.local/lib/python3.12/site-packages/airflow/example_dags/example_branch_day_of_week_operator.py                                               1           0  0.09s           2024-05-09T09:55:02
/home/airflow/.local/lib/python3.12/site-packages/airflow/example_dags/example_python_operator.py                                                           1           0  0.09s           2024-05-09T09:55:04
/home/airflow/.local/lib/python3.12/site-packages/airflow/example_dags/example_local_kubernetes_executor.py                                                 1           0  0.09s           2024-05-09T09:55:00
/home/airflow/.local/lib/python3.12/site-packages/airflow/example_dags/example_branch_labels.py                                                             1           0  0.08s           2024-05-09T09:55:02
/home/airflow/.local/lib/python3.12/site-packages/airflow/example_dags/example_kubernetes_executor.py                                                       1           0  0.08s           2024-05-09T09:55:00
/home/airflow/.local/lib/python3.12/site-packages/airflow/example_dags/example_branch_python_dop_operator_3.py                                              1           0  0.08s           2024-05-09T09:55:02
/home/airflow/.local/lib/python3.12/site-packages/airflow/example_dags/example_nested_branch_dag.py                                                         1           0  0.08s           2024-05-09T09:55:02
/home/airflow/.local/lib/python3.12/site-packages/airflow/example_dags/example_task_group_decorator.py                                                      1           0  0.08s           2024-05-09T09:55:00
/home/airflow/.local/lib/python3.12/site-packages/airflow/example_dags/tutorial_taskflow_api_virtualenv.py                                                  1           0  0.08s           2024-05-09T09:55:04
/home/airflow/.local/lib/python3.12/site-packages/airflow/example_dags/example_trigger_controller_dag.py                                                    1           0  0.08s           2024-05-09T09:55:04
/home/airflow/.local/lib/python3.12/site-packages/airflow/example_dags/example_complex.py                                                                   1           0  0.08s           2024-05-09T09:55:02
/home/airflow/.local/lib/python3.12/site-packages/airflow/example_dags/example_python_decorator.py                                                          1           0  0.08s           2024-05-09T09:55:00
/home/airflow/.local/lib/python3.12/site-packages/airflow/example_dags/example_short_circuit_operator.py                                                    1           0  0.08s           2024-05-09T09:55:00
/home/airflow/.local/lib/python3.12/site-packages/airflow/example_dags/example_external_task_marker_dag.py                                                  2           0  0.08s           2024-05-09T09:55:02
/home/airflow/.local/lib/python3.12/site-packages/airflow/example_dags/example_xcom.py                                                                      1           0  0.08s           2024-05-09T09:55:00
/home/airflow/.local/lib/python3.12/site-packages/airflow/example_dags/example_short_circuit_decorator.py                                                   1           0  0.08s           2024-05-09T09:55:04
/home/airflow/.local/lib/python3.12/site-packages/airflow/example_dags/example_skip_dag.py                                                                  1           0  0.08s           2024-05-09T09:55:04
/home/airflow/.local/lib/python3.12/site-packages/airflow/example_dags/example_dynamic_task_mapping.py                                                      1           0  0.08s           2024-05-09T09:55:00
/home/airflow/.local/lib/python3.12/site-packages/airflow/example_dags/example_xcomargs.py                                                                  2           0  0.08s           2024-05-09T09:55:02
/home/airflow/.local/lib/python3.12/site-packages/airflow/example_dags/example_dynamic_task_mapping_with_no_taskflow_operators.py                           1           0  0.08s           2024-05-09T09:55:02
/home/airflow/.local/lib/python3.12/site-packages/airflow/example_dags/example_sla_dag.py                                                                   1           0  0.08s           2024-05-09T09:55:00
/home/airflow/.local/lib/python3.12/site-packages/airflow/example_dags/example_bash_decorator.py                                                            1           0  0.08s           2024-05-09T09:55:02
/home/airflow/.local/lib/python3.12/site-packages/airflow/example_dags/example_latest_only.py                                                               1           0  0.07s           2024-05-09T09:55:02
/home/airflow/.local/lib/python3.12/site-packages/airflow/example_dags/example_sensors.py                                                                   1           0  0.07s           2024-05-09T09:55:02
/home/airflow/.local/lib/python3.12/site-packages/airflow/example_dags/example_latest_only_with_trigger.py                                                  1           0  0.07s           2024-05-09T09:55:00
/home/airflow/.local/lib/python3.12/site-packages/airflow/example_dags/tutorial_objectstorage.py                                                            1           0  0.07s           2024-05-09T09:55:00
/home/airflow/.local/lib/python3.12/site-packages/airflow/example_dags/tutorial.py                                                                          1           0  0.07s           2024-05-09T09:55:00
/home/airflow/.local/lib/python3.12/site-packages/airflow/example_dags/example_sensor_decorator.py                                                          1           0  0.07s           2024-05-09T09:55:00
/home/airflow/.local/lib/python3.12/site-packages/airflow/example_dags/example_display_name.py                                                              1           0  0.07s           2024-05-09T09:55:02
/home/airflow/.local/lib/python3.12/site-packages/airflow/example_dags/example_time_delta_sensor_async.py                                                   1           0  0.07s           2024-05-09T09:55:04
/home/airflow/.local/lib/python3.12/site-packages/airflow/example_dags/tutorial_dag.py                                                                      1           0  0.07s           2024-05-09T09:55:00
/home/airflow/.local/lib/python3.12/site-packages/airflow/example_dags/example_trigger_target_dag.py                                                        1           0  0.06s           2024-05-09T09:55:00
/home/airflow/.local/lib/python3.12/site-packages/airflow/example_dags/tutorial_taskflow_api.py                                                             1           0  0.06s           2024-05-09T09:55:00
/home/airflow/.local/lib/python3.12/site-packages/airflow/example_dags/plugins/event_listener.py                                                            0           0  0.04s           2024-05-09T09:55:04
/home/airflow/.local/lib/python3.12/site-packages/airflow/example_dags/plugins/listener_plugin.py                                                           0           0  0.04s           2024-05-09T09:55:04
/home/airflow/.local/lib/python3.12/site-packages/airflow/example_dags/plugins/decreasing_priority_weight_strategy.py                                       0           0  0.03s           2024-05-09T09:55:04
/home/airflow/.local/lib/python3.12/site-packages/airflow/example_dags/subdags/subdag.py                                                                    0           0  0.03s           2024-05-09T09:55:04
================================================================================
[2024-05-09T09:55:55.754+0000] {manager.py:452} INFO - Exiting gracefully upon receiving signal 15
[2024-05-11T13:21:50.489+0000] {manager.py:470} INFO - Processing files using up to 2 processes at a time 
[2024-05-11T13:21:50.519+0000] {manager.py:471} INFO - Process each file at most once every 30 seconds
[2024-05-11T13:21:50.519+0000] {manager.py:472} INFO - Checking for new files in /opt/airflow/dags every 300 seconds
[2024-05-11T13:21:50.520+0000] {manager.py:737} INFO - Searching for files in /opt/airflow/dags
[2024-05-11T13:21:50.521+0000] {manager.py:740} INFO - There are 0 files in /opt/airflow/dags
[2024-05-11T13:23:30.415+0000] {manager.py:452} INFO - Exiting gracefully upon receiving signal 15
[2024-05-11T13:34:35.355+0000] {manager.py:470} INFO - Processing files using up to 2 processes at a time 
[2024-05-11T13:34:35.356+0000] {manager.py:471} INFO - Process each file at most once every 30 seconds
[2024-05-11T13:34:35.356+0000] {manager.py:472} INFO - Checking for new files in /opt/airflow/dags every 300 seconds
[2024-05-11T13:34:35.357+0000] {manager.py:737} INFO - Searching for files in /opt/airflow/dags
[2024-05-11T13:34:35.358+0000] {manager.py:740} INFO - There are 0 files in /opt/airflow/dags
[2024-05-11T13:39:36.027+0000] {manager.py:737} INFO - Searching for files in /opt/airflow/dags
[2024-05-11T13:39:36.028+0000] {manager.py:740} INFO - There are 0 files in /opt/airflow/dags
[2024-05-11T13:44:36.233+0000] {manager.py:737} INFO - Searching for files in /opt/airflow/dags
[2024-05-11T13:44:36.235+0000] {manager.py:740} INFO - There are 0 files in /opt/airflow/dags
[2024-05-11T13:49:37.227+0000] {manager.py:737} INFO - Searching for files in /opt/airflow/dags
[2024-05-11T13:49:37.229+0000] {manager.py:740} INFO - There are 0 files in /opt/airflow/dags
[2024-05-11T13:54:37.969+0000] {manager.py:737} INFO - Searching for files in /opt/airflow/dags
[2024-05-11T13:54:37.971+0000] {manager.py:740} INFO - There are 0 files in /opt/airflow/dags
[2024-05-11T13:59:38.162+0000] {manager.py:737} INFO - Searching for files in /opt/airflow/dags
[2024-05-11T13:59:38.163+0000] {manager.py:740} INFO - There are 0 files in /opt/airflow/dags
[2024-05-11T14:04:38.656+0000] {manager.py:737} INFO - Searching for files in /opt/airflow/dags
[2024-05-11T14:04:38.658+0000] {manager.py:740} INFO - There are 0 files in /opt/airflow/dags
[2024-05-11T14:09:39.062+0000] {manager.py:737} INFO - Searching for files in /opt/airflow/dags
[2024-05-11T14:09:39.063+0000] {manager.py:740} INFO - There are 0 files in /opt/airflow/dags
[2024-05-11T14:14:39.195+0000] {manager.py:737} INFO - Searching for files in /opt/airflow/dags
[2024-05-11T14:14:39.196+0000] {manager.py:740} INFO - There are 0 files in /opt/airflow/dags
[2024-05-12T07:07:25.758+0000] {manager.py:470} INFO - Processing files using up to 2 processes at a time 
[2024-05-12T07:07:25.759+0000] {manager.py:471} INFO - Process each file at most once every 30 seconds
[2024-05-12T07:07:25.759+0000] {manager.py:472} INFO - Checking for new files in /opt/airflow/dags every 300 seconds
[2024-05-12T07:07:25.760+0000] {manager.py:737} INFO - Searching for files in /opt/airflow/dags
[2024-05-12T07:07:25.761+0000] {manager.py:740} INFO - There are 0 files in /opt/airflow/dags
[2024-05-12T07:12:26.624+0000] {manager.py:737} INFO - Searching for files in /opt/airflow/dags
[2024-05-12T07:12:26.631+0000] {manager.py:740} INFO - There are 0 files in /opt/airflow/dags
[2024-05-12T07:17:27.490+0000] {manager.py:737} INFO - Searching for files in /opt/airflow/dags
[2024-05-12T07:17:27.491+0000] {manager.py:740} INFO - There are 0 files in /opt/airflow/dags
[2024-05-12T07:22:27.980+0000] {manager.py:737} INFO - Searching for files in /opt/airflow/dags
[2024-05-12T07:22:27.984+0000] {manager.py:740} INFO - There are 0 files in /opt/airflow/dags
[2024-05-12T07:27:28.504+0000] {manager.py:737} INFO - Searching for files in /opt/airflow/dags
[2024-05-12T07:27:28.510+0000] {manager.py:740} INFO - There are 0 files in /opt/airflow/dags
[2024-05-12T07:32:28.665+0000] {manager.py:737} INFO - Searching for files in /opt/airflow/dags
[2024-05-12T07:32:28.667+0000] {manager.py:740} INFO - There are 0 files in /opt/airflow/dags
[2024-05-12T07:37:29.284+0000] {manager.py:737} INFO - Searching for files in /opt/airflow/dags
[2024-05-12T07:37:29.287+0000] {manager.py:740} INFO - There are 0 files in /opt/airflow/dags
[2024-05-12T07:42:30.019+0000] {manager.py:737} INFO - Searching for files in /opt/airflow/dags
[2024-05-12T07:42:30.020+0000] {manager.py:740} INFO - There are 0 files in /opt/airflow/dags
[2024-05-12T07:47:30.304+0000] {manager.py:737} INFO - Searching for files in /opt/airflow/dags
[2024-05-12T07:47:30.311+0000] {manager.py:740} INFO - There are 0 files in /opt/airflow/dags
[2024-05-12T07:52:30.925+0000] {manager.py:737} INFO - Searching for files in /opt/airflow/dags
[2024-05-12T07:52:30.927+0000] {manager.py:740} INFO - There are 0 files in /opt/airflow/dags
[2024-05-12T07:57:31.147+0000] {manager.py:737} INFO - Searching for files in /opt/airflow/dags
[2024-05-12T07:57:31.184+0000] {manager.py:740} INFO - There are 0 files in /opt/airflow/dags
[2024-05-12T08:02:31.805+0000] {manager.py:737} INFO - Searching for files in /opt/airflow/dags
[2024-05-12T08:02:31.807+0000] {manager.py:740} INFO - There are 0 files in /opt/airflow/dags
[2024-05-12T08:07:32.750+0000] {manager.py:737} INFO - Searching for files in /opt/airflow/dags
[2024-05-12T08:07:32.751+0000] {manager.py:740} INFO - There are 0 files in /opt/airflow/dags
[2024-05-12T08:12:33.576+0000] {manager.py:737} INFO - Searching for files in /opt/airflow/dags
[2024-05-12T08:12:33.583+0000] {manager.py:740} INFO - There are 0 files in /opt/airflow/dags
[2024-05-12T08:17:33.749+0000] {manager.py:737} INFO - Searching for files in /opt/airflow/dags
[2024-05-12T08:17:33.756+0000] {manager.py:740} INFO - There are 0 files in /opt/airflow/dags
[2024-05-12T08:22:34.205+0000] {manager.py:737} INFO - Searching for files in /opt/airflow/dags
[2024-05-12T08:22:34.208+0000] {manager.py:740} INFO - There are 0 files in /opt/airflow/dags
[2024-05-12T08:27:35.141+0000] {manager.py:737} INFO - Searching for files in /opt/airflow/dags
[2024-05-12T08:27:35.144+0000] {manager.py:740} INFO - There are 0 files in /opt/airflow/dags
[2024-05-12T08:32:35.516+0000] {manager.py:737} INFO - Searching for files in /opt/airflow/dags
[2024-05-12T08:32:35.518+0000] {manager.py:740} INFO - There are 0 files in /opt/airflow/dags
[2024-05-12T08:37:35.701+0000] {manager.py:737} INFO - Searching for files in /opt/airflow/dags
[2024-05-12T08:37:35.706+0000] {manager.py:740} INFO - There are 0 files in /opt/airflow/dags
[2024-05-12T08:42:35.961+0000] {manager.py:737} INFO - Searching for files in /opt/airflow/dags
[2024-05-12T08:42:35.967+0000] {manager.py:740} INFO - There are 0 files in /opt/airflow/dags
[2024-05-12T08:47:36.799+0000] {manager.py:737} INFO - Searching for files in /opt/airflow/dags
[2024-05-12T08:47:36.806+0000] {manager.py:740} INFO - There are 0 files in /opt/airflow/dags
[2024-05-12T08:52:37.303+0000] {manager.py:737} INFO - Searching for files in /opt/airflow/dags
[2024-05-12T08:52:37.305+0000] {manager.py:740} INFO - There are 0 files in /opt/airflow/dags
[2024-05-12T08:57:37.628+0000] {manager.py:737} INFO - Searching for files in /opt/airflow/dags
[2024-05-12T08:57:37.634+0000] {manager.py:740} INFO - There are 0 files in /opt/airflow/dags
[2024-05-12T09:02:38.530+0000] {manager.py:737} INFO - Searching for files in /opt/airflow/dags
[2024-05-12T09:02:38.532+0000] {manager.py:740} INFO - There are 0 files in /opt/airflow/dags
[2024-05-12T09:07:38.793+0000] {manager.py:737} INFO - Searching for files in /opt/airflow/dags
[2024-05-12T09:07:38.795+0000] {manager.py:740} INFO - There are 0 files in /opt/airflow/dags
[2024-05-12T09:12:39.772+0000] {manager.py:737} INFO - Searching for files in /opt/airflow/dags
[2024-05-12T09:12:39.774+0000] {manager.py:740} INFO - There are 0 files in /opt/airflow/dags
[2024-05-12T09:17:40.173+0000] {manager.py:737} INFO - Searching for files in /opt/airflow/dags
[2024-05-12T09:17:40.176+0000] {manager.py:740} INFO - There are 0 files in /opt/airflow/dags
[2024-05-12T09:22:40.331+0000] {manager.py:737} INFO - Searching for files in /opt/airflow/dags
[2024-05-12T09:22:40.337+0000] {manager.py:740} INFO - There are 0 files in /opt/airflow/dags
[2024-05-12T09:27:40.728+0000] {manager.py:737} INFO - Searching for files in /opt/airflow/dags
[2024-05-12T09:27:40.734+0000] {manager.py:740} INFO - There are 0 files in /opt/airflow/dags
[2024-05-12T09:32:41.569+0000] {manager.py:737} INFO - Searching for files in /opt/airflow/dags
[2024-05-12T09:32:41.571+0000] {manager.py:740} INFO - There are 0 files in /opt/airflow/dags
[2024-05-12T09:37:41.876+0000] {manager.py:737} INFO - Searching for files in /opt/airflow/dags
[2024-05-12T09:37:41.883+0000] {manager.py:740} INFO - There are 0 files in /opt/airflow/dags
[2024-05-12T09:42:42.635+0000] {manager.py:737} INFO - Searching for files in /opt/airflow/dags
[2024-05-12T09:42:42.636+0000] {manager.py:740} INFO - There are 0 files in /opt/airflow/dags
[2024-05-12T09:47:43.003+0000] {manager.py:737} INFO - Searching for files in /opt/airflow/dags
[2024-05-12T09:47:43.006+0000] {manager.py:740} INFO - There are 0 files in /opt/airflow/dags
[2024-05-12T09:52:43.872+0000] {manager.py:737} INFO - Searching for files in /opt/airflow/dags
[2024-05-12T09:52:43.875+0000] {manager.py:740} INFO - There are 0 files in /opt/airflow/dags
[2024-05-12T09:57:44.055+0000] {manager.py:737} INFO - Searching for files in /opt/airflow/dags
[2024-05-12T09:57:44.063+0000] {manager.py:740} INFO - There are 0 files in /opt/airflow/dags
[2024-05-12T10:02:44.598+0000] {manager.py:737} INFO - Searching for files in /opt/airflow/dags
[2024-05-12T10:02:44.605+0000] {manager.py:740} INFO - There are 0 files in /opt/airflow/dags
[2024-05-12T10:07:44.929+0000] {manager.py:737} INFO - Searching for files in /opt/airflow/dags
[2024-05-12T10:07:44.932+0000] {manager.py:740} INFO - There are 0 files in /opt/airflow/dags
[2024-05-12T10:12:45.696+0000] {manager.py:737} INFO - Searching for files in /opt/airflow/dags
[2024-05-12T10:12:45.703+0000] {manager.py:740} INFO - There are 0 files in /opt/airflow/dags
[2024-05-12T10:17:46.245+0000] {manager.py:737} INFO - Searching for files in /opt/airflow/dags
[2024-05-12T10:17:46.252+0000] {manager.py:740} INFO - There are 0 files in /opt/airflow/dags
[2024-05-12T10:22:46.826+0000] {manager.py:737} INFO - Searching for files in /opt/airflow/dags
[2024-05-12T10:22:46.827+0000] {manager.py:740} INFO - There are 0 files in /opt/airflow/dags
[2024-05-12T10:27:47.729+0000] {manager.py:737} INFO - Searching for files in /opt/airflow/dags
[2024-05-12T10:27:47.731+0000] {manager.py:740} INFO - There are 0 files in /opt/airflow/dags
[2024-05-12T10:32:47.873+0000] {manager.py:737} INFO - Searching for files in /opt/airflow/dags
[2024-05-12T10:32:47.875+0000] {manager.py:740} INFO - There are 0 files in /opt/airflow/dags
[2024-05-12T10:37:47.988+0000] {manager.py:737} INFO - Searching for files in /opt/airflow/dags
[2024-05-12T10:37:47.990+0000] {manager.py:740} INFO - There are 0 files in /opt/airflow/dags
[2024-05-12T10:42:48.438+0000] {manager.py:737} INFO - Searching for files in /opt/airflow/dags
[2024-05-12T10:42:48.440+0000] {manager.py:740} INFO - There are 0 files in /opt/airflow/dags
[2024-05-12T10:47:48.484+0000] {manager.py:737} INFO - Searching for files in /opt/airflow/dags
[2024-05-12T10:47:48.487+0000] {manager.py:740} INFO - There are 0 files in /opt/airflow/dags
[2024-05-12T10:52:49.417+0000] {manager.py:737} INFO - Searching for files in /opt/airflow/dags
[2024-05-12T10:52:49.418+0000] {manager.py:740} INFO - There are 0 files in /opt/airflow/dags
[2024-05-12T10:57:50.316+0000] {manager.py:737} INFO - Searching for files in /opt/airflow/dags
[2024-05-12T10:57:50.318+0000] {manager.py:740} INFO - There are 0 files in /opt/airflow/dags
[2024-05-12T11:02:51.002+0000] {manager.py:737} INFO - Searching for files in /opt/airflow/dags
[2024-05-12T11:02:51.004+0000] {manager.py:740} INFO - There are 0 files in /opt/airflow/dags
[2024-05-12T11:07:51.016+0000] {manager.py:737} INFO - Searching for files in /opt/airflow/dags
[2024-05-12T11:07:51.018+0000] {manager.py:740} INFO - There are 0 files in /opt/airflow/dags
[2024-05-12T11:12:51.665+0000] {manager.py:737} INFO - Searching for files in /opt/airflow/dags
[2024-05-12T11:12:51.666+0000] {manager.py:740} INFO - There are 0 files in /opt/airflow/dags
[2024-05-12T11:17:52.135+0000] {manager.py:737} INFO - Searching for files in /opt/airflow/dags
[2024-05-12T11:17:52.137+0000] {manager.py:740} INFO - There are 0 files in /opt/airflow/dags
[2024-05-12T11:22:52.220+0000] {manager.py:737} INFO - Searching for files in /opt/airflow/dags
[2024-05-12T11:22:52.222+0000] {manager.py:740} INFO - There are 0 files in /opt/airflow/dags
[2024-05-12T11:27:52.843+0000] {manager.py:737} INFO - Searching for files in /opt/airflow/dags
[2024-05-12T11:27:52.845+0000] {manager.py:740} INFO - There are 0 files in /opt/airflow/dags
[2024-05-12T11:32:53.666+0000] {manager.py:737} INFO - Searching for files in /opt/airflow/dags
[2024-05-12T11:32:53.667+0000] {manager.py:740} INFO - There are 0 files in /opt/airflow/dags
[2024-05-12T11:37:54.202+0000] {manager.py:737} INFO - Searching for files in /opt/airflow/dags
[2024-05-12T11:37:54.209+0000] {manager.py:740} INFO - There are 0 files in /opt/airflow/dags
[2024-05-12T11:42:55.103+0000] {manager.py:737} INFO - Searching for files in /opt/airflow/dags
[2024-05-12T11:42:55.104+0000] {manager.py:740} INFO - There are 0 files in /opt/airflow/dags
[2024-05-12T11:47:55.281+0000] {manager.py:737} INFO - Searching for files in /opt/airflow/dags
[2024-05-12T11:47:55.289+0000] {manager.py:740} INFO - There are 0 files in /opt/airflow/dags
[2024-05-12T11:52:55.900+0000] {manager.py:737} INFO - Searching for files in /opt/airflow/dags
[2024-05-12T11:52:55.902+0000] {manager.py:740} INFO - There are 0 files in /opt/airflow/dags
[2024-05-12T11:57:56.458+0000] {manager.py:737} INFO - Searching for files in /opt/airflow/dags
[2024-05-12T11:57:56.459+0000] {manager.py:740} INFO - There are 0 files in /opt/airflow/dags
[2024-05-12T12:02:56.617+0000] {manager.py:737} INFO - Searching for files in /opt/airflow/dags
[2024-05-12T12:02:56.620+0000] {manager.py:740} INFO - There are 0 files in /opt/airflow/dags
[2024-05-12T12:07:56.752+0000] {manager.py:737} INFO - Searching for files in /opt/airflow/dags
[2024-05-12T12:07:56.753+0000] {manager.py:740} INFO - There are 0 files in /opt/airflow/dags
[2024-05-12T12:12:57.120+0000] {manager.py:737} INFO - Searching for files in /opt/airflow/dags
[2024-05-12T12:12:57.122+0000] {manager.py:740} INFO - There are 0 files in /opt/airflow/dags
[2024-05-12T12:17:57.803+0000] {manager.py:737} INFO - Searching for files in /opt/airflow/dags
[2024-05-12T12:17:57.805+0000] {manager.py:740} INFO - There are 0 files in /opt/airflow/dags
[2024-05-12T12:22:58.076+0000] {manager.py:737} INFO - Searching for files in /opt/airflow/dags
[2024-05-12T12:22:58.077+0000] {manager.py:740} INFO - There are 0 files in /opt/airflow/dags
[2024-05-12T12:27:58.702+0000] {manager.py:737} INFO - Searching for files in /opt/airflow/dags
[2024-05-12T12:27:58.704+0000] {manager.py:740} INFO - There are 0 files in /opt/airflow/dags
[2024-05-12T12:32:59.025+0000] {manager.py:737} INFO - Searching for files in /opt/airflow/dags
[2024-05-12T12:32:59.031+0000] {manager.py:740} INFO - There are 0 files in /opt/airflow/dags
[2024-05-12T12:37:59.580+0000] {manager.py:737} INFO - Searching for files in /opt/airflow/dags
[2024-05-12T12:37:59.582+0000] {manager.py:740} INFO - There are 0 files in /opt/airflow/dags
[2024-05-12T12:43:00.078+0000] {manager.py:737} INFO - Searching for files in /opt/airflow/dags
[2024-05-12T12:43:00.083+0000] {manager.py:740} INFO - There are 0 files in /opt/airflow/dags
[2024-05-12T12:48:00.710+0000] {manager.py:737} INFO - Searching for files in /opt/airflow/dags
[2024-05-12T12:48:00.716+0000] {manager.py:740} INFO - There are 0 files in /opt/airflow/dags
[2024-05-12T12:53:01.286+0000] {manager.py:737} INFO - Searching for files in /opt/airflow/dags
[2024-05-12T12:53:01.287+0000] {manager.py:740} INFO - There are 0 files in /opt/airflow/dags
[2024-05-12T12:58:01.788+0000] {manager.py:737} INFO - Searching for files in /opt/airflow/dags
[2024-05-12T12:58:01.790+0000] {manager.py:740} INFO - There are 0 files in /opt/airflow/dags
[2024-05-12T13:03:01.803+0000] {manager.py:737} INFO - Searching for files in /opt/airflow/dags
[2024-05-12T13:03:01.805+0000] {manager.py:740} INFO - There are 0 files in /opt/airflow/dags
[2024-05-12T13:08:02.737+0000] {manager.py:737} INFO - Searching for files in /opt/airflow/dags
[2024-05-12T13:08:02.739+0000] {manager.py:740} INFO - There are 0 files in /opt/airflow/dags
[2024-05-12T13:13:02.969+0000] {manager.py:737} INFO - Searching for files in /opt/airflow/dags
[2024-05-12T13:13:02.972+0000] {manager.py:740} INFO - There are 0 files in /opt/airflow/dags
